2022-07-07 16:15:35.0124 Trace LoadConfig config\app.json OK 
2022-07-07 16:15:35.0161 Trace config\app.json changed
2022-07-07 16:15:35.0161 Trace F:\wangjunitng0707\p4\mr\trunk\xls_config\bin\SchemaTool.exe changed
2022-07-07 16:15:35.0161 Trace 加载文件 ./project_cfg/client/cfg_camera_slighty_shake.xlsx...
2022-07-07 16:15:35.4248 Trace 加载文件 ./project_cfg/client/cfg_camera_slighty_shake.xlsx 成功
2022-07-07 16:15:35.4248 Trace 加载文件 ./project_cfg/client/cfg_device_safe_area.xlsx...
2022-07-07 16:15:35.4810 Trace 加载文件 ./project_cfg/client/cfg_device_safe_area.xlsx 成功
2022-07-07 16:15:35.4810 Trace 加载文件 ./project_cfg/client/cfg_game_const.xlsx...
2022-07-07 16:15:35.4850 Trace 加载文件 ./project_cfg/client/cfg_game_const.xlsx 成功
2022-07-07 16:15:35.4850 Trace 加载文件 ./project_cfg/client/cfg_gyroscope.xlsx...
2022-07-07 16:15:35.4850 Trace 加载文件 ./project_cfg/client/cfg_gyroscope.xlsx 成功
2022-07-07 16:15:35.4850 Trace 加载文件 ./project_cfg/client/cfg_lod.xlsx...
2022-07-07 16:15:35.4850 Trace 加载文件 ./project_cfg/client/cfg_lod.xlsx 成功
2022-07-07 16:15:35.4850 Trace 加载文件 ./project_cfg/client/cfg_mainui.xlsx...
2022-07-07 16:15:35.5154 Trace 加载文件 ./project_cfg/client/cfg_mainui.xlsx 成功
2022-07-07 16:15:35.5154 Trace 加载文件 ./project_cfg/client/cfg_mainui_roles.xlsx...
2022-07-07 16:15:35.5301 Trace 加载文件 ./project_cfg/client/cfg_mainui_roles.xlsx 成功
2022-07-07 16:15:35.5301 Trace 加载文件 ./project_cfg/client/role.xlsx...
2022-07-07 16:15:35.5625 Trace 加载文件 ./project_cfg/client/role.xlsx 成功
2022-07-07 16:15:35.5625 Trace 加载文件 ./project_cfg/client/achieve/cfg_achieve_group.xlsx...
2022-07-07 16:15:35.5864 Trace 加载文件 ./project_cfg/client/achieve/cfg_achieve_group.xlsx 成功
2022-07-07 16:15:35.5952 Trace 加载文件 ./project_cfg/client/battle/cfg_battle_camera.xlsx...
2022-07-07 16:15:35.5952 Trace 加载文件 ./project_cfg/client/battle/cfg_battle_camera.xlsx 成功
2022-07-07 16:15:35.5952 Trace 加载文件 ./project_cfg/client/battle/cfg_battle_damage_scale.xlsx...
2022-07-07 16:15:35.6175 Trace 加载文件 ./project_cfg/client/battle/cfg_battle_damage_scale.xlsx 成功
2022-07-07 16:15:35.6175 Trace 加载文件 ./project_cfg/client/battle/cfg_battle_view_const.xlsx...
2022-07-07 16:15:35.6275 Trace 加载文件 ./project_cfg/client/battle/cfg_battle_view_const.xlsx 成功
2022-07-07 16:15:35.6275 Trace 加载文件 ./project_cfg/client/battle/cfg_battle_wave_move_camera.xlsx...
2022-07-07 16:15:35.6275 Trace 加载文件 ./project_cfg/client/battle/cfg_battle_wave_move_camera.xlsx 成功
2022-07-07 16:15:35.6275 Trace 加载文件 ./project_cfg/client/buff/cfg_buff_effect.xlsx...
2022-07-07 16:15:35.6275 Trace 加载文件 ./project_cfg/client/buff/cfg_buff_effect.xlsx 成功
2022-07-07 16:15:35.6275 Trace 加载文件 ./project_cfg/client/buff/cfg_buff_tips.xlsx...
2022-07-07 16:15:35.6506 Trace 加载文件 ./project_cfg/client/buff/cfg_buff_tips.xlsx 成功
2022-07-07 16:15:35.6506 Trace 加载文件 ./project_cfg/client/character/cfg_character_common.xlsx...
2022-07-07 16:15:35.6506 Trace 加载文件 ./project_cfg/client/character/cfg_character_common.xlsx 成功
2022-07-07 16:15:35.6617 Trace 加载文件 ./project_cfg/client/dungeon/cfg_battle_reward.xlsx...
2022-07-07 16:15:35.6827 Trace 加载文件 ./project_cfg/client/dungeon/cfg_battle_reward.xlsx 成功
2022-07-07 16:15:35.6827 Trace 加载文件 ./project_cfg/client/dungeon/cfg_citymap.xlsx...
2022-07-07 16:15:35.6827 Trace 加载文件 ./project_cfg/client/dungeon/cfg_citymap.xlsx 成功
2022-07-07 16:15:35.6827 Trace 加载文件 ./project_cfg/client/dungeon/cfg_dungeon.xlsx...
2022-07-07 16:15:35.6887 Trace 加载文件 ./project_cfg/client/dungeon/cfg_dungeon.xlsx 成功
2022-07-07 16:15:35.6887 Trace 加载文件 ./project_cfg/client/dungeon/cfg_dungeon_free_camera.xlsx...
2022-07-07 16:15:35.6887 Trace 加载文件 ./project_cfg/client/dungeon/cfg_dungeon_free_camera.xlsx 成功
2022-07-07 16:15:35.6887 Trace 加载文件 ./project_cfg/client/dungeon/cfg_dungeon_input_const.xlsx...
2022-07-07 16:15:35.7277 Trace 加载文件 ./project_cfg/client/dungeon/cfg_dungeon_input_const.xlsx 成功
2022-07-07 16:15:35.7277 Trace 加载文件 ./project_cfg/client/dungeon/cfg_dungeon_map_element.xlsx...
2022-07-07 16:15:35.7277 Trace 加载文件 ./project_cfg/client/dungeon/cfg_dungeon_map_element.xlsx 成功
2022-07-07 16:15:35.7277 Trace 加载文件 ./project_cfg/client/dungeon/cfg_dungeon_perception_const.xlsx...
2022-07-07 16:15:35.7277 Trace 加载文件 ./project_cfg/client/dungeon/cfg_dungeon_perception_const.xlsx 成功
2022-07-07 16:15:35.7277 Trace 加载文件 ./project_cfg/client/dungeon/cfg_enter_battle_const.xlsx...
2022-07-07 16:15:35.7357 Trace 加载文件 ./project_cfg/client/dungeon/cfg_enter_battle_const.xlsx 成功
2022-07-07 16:15:35.7357 Trace 加载文件 ./project_cfg/client/dungeon/cfg_interact_view.xlsx...
2022-07-07 16:15:35.7357 Trace 加载文件 ./project_cfg/client/dungeon/cfg_interact_view.xlsx 成功
2022-07-07 16:15:35.7357 Trace 加载文件 ./project_cfg/client/dungeon/cfg_sound_const.xlsx...
2022-07-07 16:15:35.7557 Trace 加载文件 ./project_cfg/client/dungeon/cfg_sound_const.xlsx 成功
2022-07-07 16:15:35.7557 Trace 加载文件 ./project_cfg/client/dungeon/cfg_warning.xlsx...
2022-07-07 16:15:35.7557 Trace 加载文件 ./project_cfg/client/dungeon/cfg_warning.xlsx 成功
2022-07-07 16:15:35.7557 Trace 加载文件 ./project_cfg/client/dungeon/100050/cfg_dungeon_event_view_100050.xlsx...
2022-07-07 16:15:35.7557 Trace 加载文件 ./project_cfg/client/dungeon/100050/cfg_dungeon_event_view_100050.xlsx 成功
2022-07-07 16:15:35.7557 Trace 加载文件 ./project_cfg/client/dungeon/100050/cfg_dungeon_minimap_100050.xlsx...
2022-07-07 16:15:35.7667 Trace 加载文件 ./project_cfg/client/dungeon/100050/cfg_dungeon_minimap_100050.xlsx 成功
2022-07-07 16:15:35.7667 Trace 加载文件 ./project_cfg/client/dungeon/100062/cfg_association_pursue_100062.xlsx...
2022-07-07 16:15:35.7667 Trace 加载文件 ./project_cfg/client/dungeon/100062/cfg_association_pursue_100062.xlsx 成功
2022-07-07 16:15:35.7667 Trace 加载文件 ./project_cfg/client/dungeon/100062/cfg_dungeon_event_view_100062.xlsx...
2022-07-07 16:15:35.7857 Trace 加载文件 ./project_cfg/client/dungeon/100062/cfg_dungeon_event_view_100062.xlsx 成功
2022-07-07 16:15:35.7857 Trace 加载文件 ./project_cfg/client/dungeon/100062/cfg_dungeon_minimap_100062.xlsx...
2022-07-07 16:15:35.7857 Trace 加载文件 ./project_cfg/client/dungeon/100062/cfg_dungeon_minimap_100062.xlsx 成功
2022-07-07 16:15:35.8027 Trace 加载文件 ./project_cfg/client/dungeon/1001/cfg_association_pursue_1001.xlsx...
2022-07-07 16:15:35.8027 Trace 加载文件 ./project_cfg/client/dungeon/1001/cfg_association_pursue_1001.xlsx 成功
2022-07-07 16:15:35.8027 Trace 加载文件 ./project_cfg/client/dungeon/1001/cfg_dungeon_event_view_1001.xlsx...
2022-07-07 16:15:35.8215 Trace 加载文件 ./project_cfg/client/dungeon/1001/cfg_dungeon_event_view_1001.xlsx 成功
2022-07-07 16:15:35.8215 Trace 加载文件 ./project_cfg/client/dungeon/1001/cfg_dungeon_minimap_1001.xlsx...
2022-07-07 16:15:35.8215 Trace 加载文件 ./project_cfg/client/dungeon/1001/cfg_dungeon_minimap_1001.xlsx 成功
2022-07-07 16:15:35.8215 Trace 加载文件 ./project_cfg/client/dungeon/1001/cfg_dungeon_scenario_1001.xlsx...
2022-07-07 16:15:35.8530 Trace 加载文件 ./project_cfg/client/dungeon/1001/cfg_dungeon_scenario_1001.xlsx 成功
2022-07-07 16:15:35.8530 Trace 加载文件 ./project_cfg/client/dungeon/200011/cfg_dungeon_event_view_200011.xlsx...
2022-07-07 16:15:35.8610 Trace 加载文件 ./project_cfg/client/dungeon/200011/cfg_dungeon_event_view_200011.xlsx 成功
2022-07-07 16:15:35.8610 Trace 加载文件 ./project_cfg/client/dungeon/200011/cfg_dungeon_minimap_200011.xlsx...
2022-07-07 16:15:35.8610 Trace 加载文件 ./project_cfg/client/dungeon/200011/cfg_dungeon_minimap_200011.xlsx 成功
2022-07-07 16:15:35.8782 Trace 加载文件 ./project_cfg/client/dungeon/2100000/cfg_association_pursue_2100000.xlsx...
2022-07-07 16:15:35.8782 Trace 加载文件 ./project_cfg/client/dungeon/2100000/cfg_association_pursue_2100000.xlsx 成功
2022-07-07 16:15:35.8782 Trace 加载文件 ./project_cfg/client/dungeon/2100000/cfg_dungeon_event_view_2100000.xlsx...
2022-07-07 16:15:35.8972 Trace 加载文件 ./project_cfg/client/dungeon/2100000/cfg_dungeon_event_view_2100000.xlsx 成功
2022-07-07 16:15:35.8972 Trace 加载文件 ./project_cfg/client/dungeon/2100000/cfg_dungeon_minimap_2100000.xlsx...
2022-07-07 16:15:35.8972 Trace 加载文件 ./project_cfg/client/dungeon/2100000/cfg_dungeon_minimap_2100000.xlsx 成功
2022-07-07 16:15:35.9115 Trace 加载文件 ./project_cfg/client/dungeon/2100010/cfg_association_pursue_2100010.xlsx...
2022-07-07 16:15:35.9115 Trace 加载文件 ./project_cfg/client/dungeon/2100010/cfg_association_pursue_2100010.xlsx 成功
2022-07-07 16:15:35.9115 Trace 加载文件 ./project_cfg/client/dungeon/2100010/cfg_dungeon_event_view_2100010.xlsx...
2022-07-07 16:15:35.9312 Trace 加载文件 ./project_cfg/client/dungeon/2100010/cfg_dungeon_event_view_2100010.xlsx 成功
2022-07-07 16:15:35.9312 Trace 加载文件 ./project_cfg/client/dungeon/2100010/cfg_dungeon_minimap_2100010.xlsx...
2022-07-07 16:15:35.9380 Trace 加载文件 ./project_cfg/client/dungeon/2100010/cfg_dungeon_minimap_2100010.xlsx 成功
2022-07-07 16:15:35.9380 Trace 加载文件 ./project_cfg/client/dungeon/2100020/cfg_association_pursue_2100020.xlsx...
2022-07-07 16:15:35.9556 Trace 加载文件 ./project_cfg/client/dungeon/2100020/cfg_association_pursue_2100020.xlsx 成功
2022-07-07 16:15:35.9556 Trace 加载文件 ./project_cfg/client/dungeon/2100020/cfg_dungeon_event_view_2100020.xlsx...
2022-07-07 16:15:35.9556 Trace 加载文件 ./project_cfg/client/dungeon/2100020/cfg_dungeon_event_view_2100020.xlsx 成功
2022-07-07 16:15:35.9556 Trace 加载文件 ./project_cfg/client/dungeon/2100020/cfg_dungeon_minimap_2100020.xlsx...
2022-07-07 16:15:35.9721 Trace 加载文件 ./project_cfg/client/dungeon/2100020/cfg_dungeon_minimap_2100020.xlsx 成功
2022-07-07 16:15:35.9721 Trace 加载文件 ./project_cfg/client/effect/cfg_effect_scale_pass.xlsx...
2022-07-07 16:15:35.9868 Trace 加载文件 ./project_cfg/client/effect/cfg_effect_scale_pass.xlsx 成功
2022-07-07 16:15:35.9868 Trace 加载文件 ./project_cfg/client/element/cfg_element.xlsx...
2022-07-07 16:15:35.9868 Trace 加载文件 ./project_cfg/client/element/cfg_element.xlsx 成功
2022-07-07 16:15:35.9868 Trace 加载文件 ./project_cfg/client/guide/cfg_guide.xlsx...
2022-07-07 16:15:35.9868 Trace 加载文件 ./project_cfg/client/guide/cfg_guide.xlsx 成功
2022-07-07 16:15:35.9868 Trace 加载文件 ./project_cfg/client/input/cfg_input_key.xlsx...
2022-07-07 16:15:35.9868 Trace 加载文件 ./project_cfg/client/input/cfg_input_key.xlsx 成功
2022-07-07 16:15:36.0027 Trace 加载文件 ./project_cfg/client/role/cfg_monster_asset.xlsx...
2022-07-07 16:15:36.0027 Trace 加载文件 ./project_cfg/client/role/cfg_monster_asset.xlsx 成功
2022-07-07 16:15:36.0027 Trace 加载文件 ./project_cfg/client/role/cfg_role_attribute.xlsx...
2022-07-07 16:15:36.0234 Trace 加载文件 ./project_cfg/client/role/cfg_role_attribute.xlsx 成功
2022-07-07 16:15:36.0234 Trace 加载文件 ./project_cfg/client/role/cfg_role_info.xlsx...
2022-07-07 16:15:36.0375 Trace 加载文件 ./project_cfg/client/role/cfg_role_info.xlsx 成功
2022-07-07 16:15:36.0375 Trace 加载文件 ./project_cfg/client/role/cfg_role_info_template.xlsx...
2022-07-07 16:15:36.0375 Trace 加载文件 ./project_cfg/client/role/cfg_role_info_template.xlsx 成功
2022-07-07 16:15:36.0375 Trace 加载文件 ./project_cfg/client/role/cfg_role_show.xlsx...
2022-07-07 16:15:36.0574 Trace 加载文件 ./project_cfg/client/role/cfg_role_show.xlsx 成功
2022-07-07 16:15:36.0574 Trace 加载文件 ./project_cfg/client/role/cfg_role_show_common.xlsx...
2022-07-07 16:15:36.0663 Trace 加载文件 ./project_cfg/client/role/cfg_role_show_common.xlsx 成功
2022-07-07 16:15:36.0663 Trace 加载文件 ./project_cfg/client/scenario/cfg_scenario_actor.xlsx...
2022-07-07 16:15:36.0663 Trace 加载文件 ./project_cfg/client/scenario/cfg_scenario_actor.xlsx 成功
2022-07-07 16:15:36.0663 Trace 加载文件 ./project_cfg/client/scenario/cfg_scenario_chapter.xlsx...
2022-07-07 16:15:36.0663 Trace 加载文件 ./project_cfg/client/scenario/cfg_scenario_chapter.xlsx 成功
2022-07-07 16:15:36.0663 Trace 加载文件 ./project_cfg/client/scenario/section/101/cfg_scenario_section_101.xlsx...
2022-07-07 16:15:36.0663 Trace 加载文件 ./project_cfg/client/scenario/section/101/cfg_scenario_section_101.xlsx 成功
2022-07-07 16:15:36.0663 Trace 加载文件 ./project_cfg/client/scenario/section/101/node/cfg_scenario_node_101001.xlsx...
2022-07-07 16:15:36.0794 Trace 加载文件 ./project_cfg/client/scenario/section/101/node/cfg_scenario_node_101001.xlsx 成功
2022-07-07 16:15:36.0794 Trace 加载文件 ./project_cfg/client/scenario/section/102/cfg_scenario_section_102.xlsx...
2022-07-07 16:15:36.0794 Trace 加载文件 ./project_cfg/client/scenario/section/102/cfg_scenario_section_102.xlsx 成功
2022-07-07 16:15:36.0952 Trace 加载文件 ./project_cfg/client/scenario/section/102/node/cfg_scenario_node_102001.xlsx...
2022-07-07 16:15:36.0952 Trace 加载文件 ./project_cfg/client/scenario/section/102/node/cfg_scenario_node_102001.xlsx 成功
2022-07-07 16:15:36.0952 Trace 加载文件 ./project_cfg/client/scenario/section/102/node/cfg_scenario_node_102002.xlsx...
2022-07-07 16:15:36.0952 Trace 加载文件 ./project_cfg/client/scenario/section/102/node/cfg_scenario_node_102002.xlsx 成功
2022-07-07 16:15:36.0952 Trace 加载文件 ./project_cfg/client/scenario/section/102/node/cfg_scenario_node_102003.xlsx...
2022-07-07 16:15:36.1283 Trace 加载文件 ./project_cfg/client/scenario/section/102/node/cfg_scenario_node_102003.xlsx 成功
2022-07-07 16:15:36.1283 Trace 加载文件 ./project_cfg/client/scenario/section/102/node/cfg_scenario_node_102004.xlsx...
2022-07-07 16:15:36.1283 Trace 加载文件 ./project_cfg/client/scenario/section/102/node/cfg_scenario_node_102004.xlsx 成功
2022-07-07 16:15:36.1283 Trace 加载文件 ./project_cfg/client/scenario/section/102/node/cfg_scenario_node_102005.xlsx...
2022-07-07 16:15:36.1462 Trace 加载文件 ./project_cfg/client/scenario/section/102/node/cfg_scenario_node_102005.xlsx 成功
2022-07-07 16:15:36.1462 Trace 加载文件 ./project_cfg/client/scenario/section/102/node/cfg_scenario_node_102006.xlsx...
2022-07-07 16:15:36.1462 Trace 加载文件 ./project_cfg/client/scenario/section/102/node/cfg_scenario_node_102006.xlsx 成功
2022-07-07 16:15:36.1656 Trace 加载文件 ./project_cfg/client/scenario/section/103/cfg_scenario_section_103.xlsx...
2022-07-07 16:15:36.1898 Trace 加载文件 ./project_cfg/client/scenario/section/103/cfg_scenario_section_103.xlsx 成功
2022-07-07 16:15:36.1898 Trace 加载文件 ./project_cfg/client/scenario/section/103/node/cfg_scenario_node_103001.xlsx...
2022-07-07 16:15:36.1898 Trace 加载文件 ./project_cfg/client/scenario/section/103/node/cfg_scenario_node_103001.xlsx 成功
2022-07-07 16:15:36.1898 Trace 加载文件 ./project_cfg/client/scenario/section/104/cfg_scenario_section_104.xlsx...
2022-07-07 16:15:36.2147 Trace 加载文件 ./project_cfg/client/scenario/section/104/cfg_scenario_section_104.xlsx 成功
2022-07-07 16:15:36.2147 Trace 加载文件 ./project_cfg/client/scenario/section/104/node/cfg_scenario_node_104001.xlsx...
2022-07-07 16:15:36.2147 Trace 加载文件 ./project_cfg/client/scenario/section/104/node/cfg_scenario_node_104001.xlsx 成功
2022-07-07 16:15:36.2247 Trace 加载文件 ./project_cfg/client/skill/cfg_skill_field.xlsx...
2022-07-07 16:15:36.2391 Trace 加载文件 ./project_cfg/client/skill/cfg_skill_field.xlsx 成功
2022-07-07 16:15:36.2391 Trace 加载文件 ./project_cfg/client/skill/cfg_skill_info.xlsx...
2022-07-07 16:15:36.2391 Trace 加载文件 ./project_cfg/client/skill/cfg_skill_info.xlsx 成功
2022-07-07 16:15:36.2391 Trace 加载文件 ./project_cfg/client/story/cfg_story_actor.xlsx...
2022-07-07 16:15:36.2641 Trace 加载文件 ./project_cfg/client/story/cfg_story_actor.xlsx 成功
2022-07-07 16:15:36.2641 Trace 加载文件 ./project_cfg/client/story/cfg_story_body_head.xlsx...
2022-07-07 16:15:36.2721 Trace 加载文件 ./project_cfg/client/story/cfg_story_body_head.xlsx 成功
2022-07-07 16:15:36.2721 Trace 加载文件 ./project_cfg/client/story/cfg_story_common.xlsx...
2022-07-07 16:15:36.2721 Trace 加载文件 ./project_cfg/client/story/cfg_story_common.xlsx 成功
2022-07-07 16:15:36.2721 Trace 加载文件 ./project_cfg/client/story/cfg_story_test_entry.xlsx...
2022-07-07 16:15:36.2890 Trace 加载文件 ./project_cfg/client/story/cfg_story_test_entry.xlsx 成功
2022-07-07 16:15:36.2890 Trace 加载文件 ./project_cfg/client/story/100101998/cfg_story_node_100101998_1.xlsx...
2022-07-07 16:15:36.2890 Trace 加载文件 ./project_cfg/client/story/100101998/cfg_story_node_100101998_1.xlsx 成功
2022-07-07 16:15:36.2890 Trace 加载文件 ./project_cfg/client/story/100101998/cfg_story_node_100101998_2.xlsx...
2022-07-07 16:15:36.2982 Trace 加载文件 ./project_cfg/client/story/100101998/cfg_story_node_100101998_2.xlsx 成功
2022-07-07 16:15:36.2982 Trace 加载文件 ./project_cfg/client/story/Main/cfg_story_chapter_main.xlsx...
2022-07-07 16:15:36.3229 Trace 加载文件 ./project_cfg/client/story/Main/cfg_story_chapter_main.xlsx 成功
2022-07-07 16:15:36.3229 Trace 加载文件 ./project_cfg/client/story/Main/cfg_story_section_main_fast.xlsx...
2022-07-07 16:15:36.3320 Trace 加载文件 ./project_cfg/client/story/Main/cfg_story_section_main_fast.xlsx 成功
2022-07-07 16:15:36.3320 Trace 加载文件 ./project_cfg/client/story/Main/Main001/cfg_story_node_main_fast_001_001.xlsx...
2022-07-07 16:15:36.3320 Trace 加载文件 ./project_cfg/client/story/Main/Main001/cfg_story_node_main_fast_001_001.xlsx 成功
2022-07-07 16:15:36.3320 Trace 加载文件 ./project_cfg/client/story/Main/Main001/cfg_story_node_main_fast_001_002.xlsx...
2022-07-07 16:15:36.3524 Trace 加载文件 ./project_cfg/client/story/Main/Main001/cfg_story_node_main_fast_001_002.xlsx 成功
2022-07-07 16:15:36.3524 Trace 加载文件 ./project_cfg/client/story/Main/Main002/cfg_story_node_main_fast_002_001.xlsx...
2022-07-07 16:15:36.3654 Trace 加载文件 ./project_cfg/client/story/Main/Main002/cfg_story_node_main_fast_002_001.xlsx 成功
2022-07-07 16:15:36.3654 Trace 加载文件 ./project_cfg/client/story/Main/Main002/cfg_story_node_main_fast_002_002.xlsx...
2022-07-07 16:15:36.3654 Trace 加载文件 ./project_cfg/client/story/Main/Main002/cfg_story_node_main_fast_002_002.xlsx 成功
2022-07-07 16:15:36.3779 Trace 加载文件 ./project_cfg/client/story/Main/main999/cfg_story_node_main_fast_999_101.xlsx...
2022-07-07 16:15:36.3779 Trace 加载文件 ./project_cfg/client/story/Main/main999/cfg_story_node_main_fast_999_101.xlsx 成功
2022-07-07 16:15:36.3779 Trace 加载文件 ./project_cfg/client/story/Main/main999/cfg_story_node_main_fast_999_334.xlsx...
2022-07-07 16:15:36.3929 Trace 加载文件 ./project_cfg/client/story/Main/main999/cfg_story_node_main_fast_999_334.xlsx 成功
2022-07-07 16:15:36.3929 Trace 加载文件 ./project_cfg/client/story/Main/main999/cfg_story_node_main_fast_999_555.xlsx...
2022-07-07 16:15:36.3929 Trace 加载文件 ./project_cfg/client/story/Main/main999/cfg_story_node_main_fast_999_555.xlsx 成功
2022-07-07 16:15:36.3929 Trace 加载文件 ./project_cfg/client/story/Main/main999/cfg_story_node_main_fast_999_560.xlsx...
2022-07-07 16:15:36.4109 Trace 加载文件 ./project_cfg/client/story/Main/main999/cfg_story_node_main_fast_999_560.xlsx 成功
2022-07-07 16:15:36.4109 Trace 加载文件 ./project_cfg/client/story/Main/main999/cfg_story_node_main_fast_999_997.xlsx...
2022-07-07 16:15:36.4261 Trace 加载文件 ./project_cfg/client/story/Main/main999/cfg_story_node_main_fast_999_997.xlsx 成功
2022-07-07 16:15:36.4261 Trace 加载文件 ./project_cfg/client/story/Main/main999/cfg_story_node_main_fast_999_999.xlsx...
2022-07-07 16:15:36.4261 Trace 加载文件 ./project_cfg/client/story/Main/main999/cfg_story_node_main_fast_999_999.xlsx 成功
2022-07-07 16:15:36.4261 Trace 加载文件 ./project_cfg/client/story/MainStory_1_1_999/cfg_story_node_MainStory_1_1_999_1.xlsx...
2022-07-07 16:15:36.4424 Trace 加载文件 ./project_cfg/client/story/MainStory_1_1_999/cfg_story_node_MainStory_1_1_999_1.xlsx 成功
2022-07-07 16:15:36.4424 Trace 加载文件 ./project_cfg/client/story/MainStory_1_1_999/cfg_story_node_MainStory_1_1_999_6.xlsx...
2022-07-07 16:15:36.4424 Trace 加载文件 ./project_cfg/client/story/MainStory_1_1_999/cfg_story_node_MainStory_1_1_999_6.xlsx 成功
2022-07-07 16:15:36.4424 Trace 加载文件 ./project_cfg/client/story/Side/cfg_story_chapter_side.xlsx...
2022-07-07 16:15:36.4587 Trace 加载文件 ./project_cfg/client/story/Side/cfg_story_chapter_side.xlsx 成功
2022-07-07 16:15:36.4587 Trace 加载文件 ./project_cfg/client/story/Side/cfg_story_section_side_fast.xlsx...
2022-07-07 16:15:36.4835 Trace 加载文件 ./project_cfg/client/story/Side/cfg_story_section_side_fast.xlsx 成功
2022-07-07 16:15:36.4835 Trace 加载文件 ./project_cfg/client/story/Side/Side001/cfg_story_node_side_fast_001_001.xlsx...
2022-07-07 16:15:36.4875 Trace 加载文件 ./project_cfg/client/story/Side/Side001/cfg_story_node_side_fast_001_001.xlsx 成功
2022-07-07 16:15:36.4875 Trace 加载文件 ./project_cfg/client/story/Side/Side001/cfg_story_node_side_fast_001_002.xlsx...
2022-07-07 16:15:36.4875 Trace 加载文件 ./project_cfg/client/story/Side/Side001/cfg_story_node_side_fast_001_002.xlsx 成功
2022-07-07 16:15:36.4875 Trace 加载文件 ./project_cfg/client/story/Side/Side002/cfg_story_node_side_fast_002_001.xlsx...
2022-07-07 16:15:36.5074 Trace 加载文件 ./project_cfg/client/story/Side/Side002/cfg_story_node_side_fast_002_001.xlsx 成功
2022-07-07 16:15:36.5074 Trace 加载文件 ./project_cfg/client/story/Side/Side002/cfg_story_node_side_fast_002_002.xlsx...
2022-07-07 16:15:36.5074 Trace 加载文件 ./project_cfg/client/story/Side/Side002/cfg_story_node_side_fast_002_002.xlsx 成功
2022-07-07 16:15:36.5074 Info 加载100个表格，用时1496毫秒
2022-07-07 16:15:36.5074 Trace 加载文件 ./project_cfg/shared/achieve/cfg_achieve.xlsx...
2022-07-07 16:15:36.5175 Trace 加载文件 ./project_cfg/shared/achieve/cfg_achieve.xlsx 成功
2022-07-07 16:15:36.5175 Trace 加载文件 ./project_cfg/shared/ai/cfg_ai.xlsx...
2022-07-07 16:15:36.5175 Trace 加载文件 ./project_cfg/shared/ai/cfg_ai.xlsx 成功
2022-07-07 16:15:36.5175 Trace 加载文件 ./project_cfg/shared/ai/cfg_ai_bhv_instance.xlsx...
2022-07-07 16:15:36.5175 Trace 加载文件 ./project_cfg/shared/ai/cfg_ai_bhv_instance.xlsx 成功
2022-07-07 16:15:36.5175 Trace 加载文件 ./project_cfg/shared/ai/cfg_ai_bhv_list.xlsx...
2022-07-07 16:15:36.5354 Trace 加载文件 ./project_cfg/shared/ai/cfg_ai_bhv_list.xlsx 成功
2022-07-07 16:15:36.5354 Trace 加载文件 ./project_cfg/shared/ai/cfg_ai_condition_trigger.xlsx...
2022-07-07 16:15:36.5354 Trace 加载文件 ./project_cfg/shared/ai/cfg_ai_condition_trigger.xlsx 成功
2022-07-07 16:15:36.5354 Trace 加载文件 ./project_cfg/shared/battle/cfg_battle_level.xlsx...
2022-07-07 16:15:36.5677 Trace 加载文件 ./project_cfg/shared/battle/cfg_battle_level.xlsx 成功
2022-07-07 16:15:36.5677 Trace 加载文件 ./project_cfg/shared/battle/cfg_battle_logic_const.xlsx...
2022-07-07 16:15:36.5677 Trace 加载文件 ./project_cfg/shared/battle/cfg_battle_logic_const.xlsx 成功
2022-07-07 16:15:36.5677 Trace 加载文件 ./project_cfg/shared/battle/cfg_battle_skill_back_logic_instance.xlsx...
2022-07-07 16:15:36.5849 Trace 加载文件 ./project_cfg/shared/battle/cfg_battle_skill_back_logic_instance.xlsx 成功
2022-07-07 16:15:36.5849 Trace 加载文件 ./project_cfg/shared/battle/cfg_battle_wave.xlsx...
2022-07-07 16:15:36.5849 Trace 加载文件 ./project_cfg/shared/battle/cfg_battle_wave.xlsx 成功
2022-07-07 16:15:36.5849 Trace 加载文件 ./project_cfg/shared/battle/cfg_hit_logic_type.xlsx...
2022-07-07 16:15:36.6020 Trace 加载文件 ./project_cfg/shared/battle/cfg_hit_logic_type.xlsx 成功
2022-07-07 16:15:36.6020 Trace 加载文件 ./project_cfg/shared/battle/100050/cfg_battle_level_100050.xlsx...
2022-07-07 16:15:36.6020 Trace 加载文件 ./project_cfg/shared/battle/100050/cfg_battle_level_100050.xlsx 成功
2022-07-07 16:15:36.6020 Trace 加载文件 ./project_cfg/shared/battle/100050/cfg_battle_wave_100050.xlsx...
2022-07-07 16:15:36.6246 Trace 加载文件 ./project_cfg/shared/battle/100050/cfg_battle_wave_100050.xlsx 成功
2022-07-07 16:15:36.6246 Trace 加载文件 ./project_cfg/shared/battle/1001/cfg_battle_level_1001.xlsx...
2022-07-07 16:15:36.6348 Trace 加载文件 ./project_cfg/shared/battle/1001/cfg_battle_level_1001.xlsx 成功
2022-07-07 16:15:36.6348 Trace 加载文件 ./project_cfg/shared/battle/1001/cfg_battle_wave_1001.xlsx...
2022-07-07 16:15:36.6438 Trace 加载文件 ./project_cfg/shared/battle/1001/cfg_battle_wave_1001.xlsx 成功
2022-07-07 16:15:36.6438 Trace 加载文件 ./project_cfg/shared/battle/2100000/cfg_battle_level_2100000.xlsx...
2022-07-07 16:15:36.6671 Trace 加载文件 ./project_cfg/shared/battle/2100000/cfg_battle_level_2100000.xlsx 成功
2022-07-07 16:15:36.6671 Trace 加载文件 ./project_cfg/shared/battle/2100000/cfg_battle_wave_2100000.xlsx...
2022-07-07 16:15:36.6775 Trace 加载文件 ./project_cfg/shared/battle/2100000/cfg_battle_wave_2100000.xlsx 成功
2022-07-07 16:15:36.6775 Trace 加载文件 ./project_cfg/shared/battle/2100010/cfg_battle_level_2100010.xlsx...
2022-07-07 16:15:36.6775 Trace 加载文件 ./project_cfg/shared/battle/2100010/cfg_battle_level_2100010.xlsx 成功
2022-07-07 16:15:36.6775 Trace 加载文件 ./project_cfg/shared/battle/2100010/cfg_battle_wave_2100010.xlsx...
2022-07-07 16:15:36.6925 Trace 加载文件 ./project_cfg/shared/battle/2100010/cfg_battle_wave_2100010.xlsx 成功
2022-07-07 16:15:36.6925 Trace 加载文件 ./project_cfg/shared/buff/cfg_buff.xlsx...
2022-07-07 16:15:36.7240 Trace 加载文件 ./project_cfg/shared/buff/cfg_buff.xlsx 成功
2022-07-07 16:15:36.7240 Trace 加载文件 ./project_cfg/shared/buff/cfg_buff_logic.xlsx...
2022-07-07 16:15:36.7404 Trace 加载文件 ./project_cfg/shared/buff/cfg_buff_logic.xlsx 成功
2022-07-07 16:15:36.7404 Trace 加载文件 ./project_cfg/shared/condition/cfg_battle_condition_instance.xlsx...
2022-07-07 16:15:36.7524 Trace 加载文件 ./project_cfg/shared/condition/cfg_battle_condition_instance.xlsx 成功
2022-07-07 16:15:36.7524 Trace 加载文件 ./project_cfg/shared/dungeon/cfg_day_night_change.xlsx...
2022-07-07 16:15:36.7867 Trace 加载文件 ./project_cfg/shared/dungeon/cfg_day_night_change.xlsx 成功
2022-07-07 16:15:36.7867 Trace 加载文件 ./project_cfg/shared/dungeon/cfg_dungeon_common_reward.xlsx...
2022-07-07 16:15:36.7867 Trace 加载文件 ./project_cfg/shared/dungeon/cfg_dungeon_common_reward.xlsx 成功
2022-07-07 16:15:36.7867 Trace 加载文件 ./project_cfg/shared/dungeon/cfg_dungeon_const.xlsx...
2022-07-07 16:15:36.7867 Trace 加载文件 ./project_cfg/shared/dungeon/cfg_dungeon_const.xlsx 成功
2022-07-07 16:15:36.7867 Trace 加载文件 ./project_cfg/shared/dungeon/cfg_initiative_attack.xlsx...
2022-07-07 16:15:36.8005 Trace 加载文件 ./project_cfg/shared/dungeon/cfg_initiative_attack.xlsx 成功
2022-07-07 16:15:36.8005 Trace 加载文件 ./project_cfg/shared/dungeon/cfg_interact.xlsx...
2022-07-07 16:15:36.8005 Trace 加载文件 ./project_cfg/shared/dungeon/cfg_interact.xlsx 成功
2022-07-07 16:15:36.8005 Trace 加载文件 ./project_cfg/shared/dungeon/cfg_interact_behavior.xlsx...
2022-07-07 16:15:36.8241 Trace 加载文件 ./project_cfg/shared/dungeon/cfg_interact_behavior.xlsx 成功
2022-07-07 16:15:36.8241 Trace 加载文件 ./project_cfg/shared/dungeon/cfg_main_dungeon.xlsx...
2022-07-07 16:15:36.8331 Trace 加载文件 ./project_cfg/shared/dungeon/cfg_main_dungeon.xlsx 成功
2022-07-07 16:15:36.8331 Trace 加载文件 ./project_cfg/shared/dungeon/cfg_throw_ball.xlsx...
2022-07-07 16:15:36.8331 Trace 加载文件 ./project_cfg/shared/dungeon/cfg_throw_ball.xlsx 成功
2022-07-07 16:15:36.8331 Trace 加载文件 ./project_cfg/shared/dungeon/100050/cfg_dungeon_condition_100050.xlsx...
2022-07-07 16:15:36.8331 Trace 加载文件 ./project_cfg/shared/dungeon/100050/cfg_dungeon_condition_100050.xlsx 成功
2022-07-07 16:15:36.8331 Trace 加载文件 ./project_cfg/shared/dungeon/100050/cfg_dungeon_event_100050.xlsx...
2022-07-07 16:15:36.8331 Trace 加载文件 ./project_cfg/shared/dungeon/100050/cfg_dungeon_event_100050.xlsx 成功
2022-07-07 16:15:36.8452 Trace 加载文件 ./project_cfg/shared/dungeon/100062/cfg_dungeon_condition_100062.xlsx...
2022-07-07 16:15:36.8452 Trace 加载文件 ./project_cfg/shared/dungeon/100062/cfg_dungeon_condition_100062.xlsx 成功
2022-07-07 16:15:36.8452 Trace 加载文件 ./project_cfg/shared/dungeon/100062/cfg_dungeon_element_100062.xlsx...
2022-07-07 16:15:36.8606 Trace 加载文件 ./project_cfg/shared/dungeon/100062/cfg_dungeon_element_100062.xlsx 成功
2022-07-07 16:15:36.8606 Trace 加载文件 ./project_cfg/shared/dungeon/100062/cfg_dungeon_event_100062.xlsx...
2022-07-07 16:15:36.8606 Trace 加载文件 ./project_cfg/shared/dungeon/100062/cfg_dungeon_event_100062.xlsx 成功
2022-07-07 16:15:36.8606 Trace 加载文件 ./project_cfg/shared/dungeon/100062/cfg_dungeon_reward_100062.xlsx...
2022-07-07 16:15:36.8765 Trace 加载文件 ./project_cfg/shared/dungeon/100062/cfg_dungeon_reward_100062.xlsx 成功
2022-07-07 16:15:36.8765 Trace 加载文件 ./project_cfg/shared/dungeon/1001/cfg_dungeon_condition_1001.xlsx...
2022-07-07 16:15:36.8933 Trace 加载文件 ./project_cfg/shared/dungeon/1001/cfg_dungeon_condition_1001.xlsx 成功
2022-07-07 16:15:36.8933 Trace 加载文件 ./project_cfg/shared/dungeon/1001/cfg_dungeon_event_1001.xlsx...
2022-07-07 16:15:36.8933 Trace 加载文件 ./project_cfg/shared/dungeon/1001/cfg_dungeon_event_1001.xlsx 成功
2022-07-07 16:15:36.8933 Trace 加载文件 ./project_cfg/shared/dungeon/1001/cfg_dungeon_reward_1001.xlsx...
2022-07-07 16:15:36.9103 Trace 加载文件 ./project_cfg/shared/dungeon/1001/cfg_dungeon_reward_1001.xlsx 成功
2022-07-07 16:15:36.9103 Trace 加载文件 ./project_cfg/shared/dungeon/200011/cfg_dungeon_condition_200011.xlsx...
2022-07-07 16:15:36.9271 Trace 加载文件 ./project_cfg/shared/dungeon/200011/cfg_dungeon_condition_200011.xlsx 成功
2022-07-07 16:15:36.9271 Trace 加载文件 ./project_cfg/shared/dungeon/200011/cfg_dungeon_element_200011.xlsx...
2022-07-07 16:15:36.9271 Trace 加载文件 ./project_cfg/shared/dungeon/200011/cfg_dungeon_element_200011.xlsx 成功
2022-07-07 16:15:36.9271 Trace 加载文件 ./project_cfg/shared/dungeon/200011/cfg_dungeon_event_200011.xlsx...
2022-07-07 16:15:36.9435 Trace 加载文件 ./project_cfg/shared/dungeon/200011/cfg_dungeon_event_200011.xlsx 成功
2022-07-07 16:15:36.9435 Trace 加载文件 ./project_cfg/shared/dungeon/200011/cfg_dungeon_reward_200011.xlsx...
2022-07-07 16:15:36.9435 Trace 加载文件 ./project_cfg/shared/dungeon/200011/cfg_dungeon_reward_200011.xlsx 成功
2022-07-07 16:15:36.9611 Trace 加载文件 ./project_cfg/shared/dungeon/2100000/cfg_dungeon_condition_2100000.xlsx...
2022-07-07 16:15:36.9611 Trace 加载文件 ./project_cfg/shared/dungeon/2100000/cfg_dungeon_condition_2100000.xlsx 成功
2022-07-07 16:15:36.9611 Trace 加载文件 ./project_cfg/shared/dungeon/2100000/cfg_dungeon_element_2100000.xlsx...
2022-07-07 16:15:36.9773 Trace 加载文件 ./project_cfg/shared/dungeon/2100000/cfg_dungeon_element_2100000.xlsx 成功
2022-07-07 16:15:36.9773 Trace 加载文件 ./project_cfg/shared/dungeon/2100000/cfg_dungeon_event_2100000.xlsx...
2022-07-07 16:15:36.9861 Trace 加载文件 ./project_cfg/shared/dungeon/2100000/cfg_dungeon_event_2100000.xlsx 成功
2022-07-07 16:15:36.9861 Trace 加载文件 ./project_cfg/shared/dungeon/2100010/cfg_dungeon_condition_2100010.xlsx...
2022-07-07 16:15:37.0020 Trace 加载文件 ./project_cfg/shared/dungeon/2100010/cfg_dungeon_condition_2100010.xlsx 成功
2022-07-07 16:15:37.0020 Trace 加载文件 ./project_cfg/shared/dungeon/2100010/cfg_dungeon_element_2100010.xlsx...
2022-07-07 16:15:37.0020 Trace 加载文件 ./project_cfg/shared/dungeon/2100010/cfg_dungeon_element_2100010.xlsx 成功
2022-07-07 16:15:37.0020 Trace 加载文件 ./project_cfg/shared/dungeon/2100010/cfg_dungeon_event_2100010.xlsx...
2022-07-07 16:15:37.0191 Trace 加载文件 ./project_cfg/shared/dungeon/2100010/cfg_dungeon_event_2100010.xlsx 成功
2022-07-07 16:15:37.0191 Trace 加载文件 ./project_cfg/shared/dungeon/2100010/cfg_dungeon_reward_2100010.xlsx...
2022-07-07 16:15:37.0191 Trace 加载文件 ./project_cfg/shared/dungeon/2100010/cfg_dungeon_reward_2100010.xlsx 成功
2022-07-07 16:15:37.0361 Trace 加载文件 ./project_cfg/shared/dungeon/2100020/cfg_battle_level_2100020.xlsx...
2022-07-07 16:15:37.1183 Trace 加载文件 ./project_cfg/shared/dungeon/2100020/cfg_battle_level_2100020.xlsx 成功
2022-07-07 16:15:37.1183 Trace 加载文件 ./project_cfg/shared/dungeon/2100020/cfg_battle_wave_2100020.xlsx...
2022-07-07 16:15:37.1861 Trace 加载文件 ./project_cfg/shared/dungeon/2100020/cfg_battle_wave_2100020.xlsx 成功
2022-07-07 16:15:37.1861 Trace 加载文件 ./project_cfg/shared/dungeon/2100020/cfg_dungeon_condition_2100020.xlsx...
2022-07-07 16:15:37.1931 Trace 加载文件 ./project_cfg/shared/dungeon/2100020/cfg_dungeon_condition_2100020.xlsx 成功
2022-07-07 16:15:37.1931 Trace 加载文件 ./project_cfg/shared/dungeon/2100020/cfg_dungeon_event_2100020.xlsx...
2022-07-07 16:15:37.1931 Trace 加载文件 ./project_cfg/shared/dungeon/2100020/cfg_dungeon_event_2100020.xlsx 成功
2022-07-07 16:15:37.2081 Trace 加载文件 ./project_cfg/shared/element/cfg_element_link.xlsx...
2022-07-07 16:15:37.2249 Trace 加载文件 ./project_cfg/shared/element/cfg_element_link.xlsx 成功
2022-07-07 16:15:37.2249 Trace 加载文件 ./project_cfg/shared/global/language_list.xlsx...
2022-07-07 16:15:37.2249 Trace 加载文件 ./project_cfg/shared/global/language_list.xlsx 成功
2022-07-07 16:15:37.2249 Trace 加载文件 ./project_cfg/shared/global/language_story_list.xlsx...
2022-07-07 16:15:37.2490 Trace 加载文件 ./project_cfg/shared/global/language_story_list.xlsx 成功
2022-07-07 16:15:37.2490 Trace 加载文件 ./project_cfg/shared/guide/cfg_guide_all.xlsx...
2022-07-07 16:15:37.2579 Trace 加载文件 ./project_cfg/shared/guide/cfg_guide_all.xlsx 成功
2022-07-07 16:15:37.2579 Trace 加载文件 ./project_cfg/shared/guide/cfg_guide_trigger.xlsx...
2022-07-07 16:15:37.2579 Trace 加载文件 ./project_cfg/shared/guide/cfg_guide_trigger.xlsx 成功
2022-07-07 16:15:37.2699 Trace 加载文件 ./project_cfg/shared/item/cfg_gold.xlsx...
2022-07-07 16:15:37.2699 Trace 加载文件 ./project_cfg/shared/item/cfg_gold.xlsx 成功
2022-07-07 16:15:37.2699 Trace 加载文件 ./project_cfg/shared/item/cfg_item.xlsx...
2022-07-07 16:15:37.2865 Trace 加载文件 ./project_cfg/shared/item/cfg_item.xlsx 成功
2022-07-07 16:15:37.2865 Trace 加载文件 ./project_cfg/shared/item/cfg_item_character.xlsx...
2022-07-07 16:15:37.2865 Trace 加载文件 ./project_cfg/shared/item/cfg_item_character.xlsx 成功
2022-07-07 16:15:37.2865 Trace 加载文件 ./project_cfg/shared/item/cfg_item_consumables.xlsx...
2022-07-07 16:15:37.3017 Trace 加载文件 ./project_cfg/shared/item/cfg_item_consumables.xlsx 成功
2022-07-07 16:15:37.3017 Trace 加载文件 ./project_cfg/shared/item/cfg_item_equipment.xlsx...
2022-07-07 16:15:37.3017 Trace 加载文件 ./project_cfg/shared/item/cfg_item_equipment.xlsx 成功
2022-07-07 16:15:37.3017 Trace 加载文件 ./project_cfg/shared/item/cfg_item_link.xlsx...
2022-07-07 16:15:37.3177 Trace 加载文件 ./project_cfg/shared/item/cfg_item_link.xlsx 成功
2022-07-07 16:15:37.3177 Trace 加载文件 ./project_cfg/shared/item/cfg_item_material.xlsx...
2022-07-07 16:15:37.3177 Trace 加载文件 ./project_cfg/shared/item/cfg_item_material.xlsx 成功
2022-07-07 16:15:37.3177 Trace 加载文件 ./project_cfg/shared/item/cfg_item_role.xlsx...
2022-07-07 16:15:37.4134 Trace 加载文件 ./project_cfg/shared/item/cfg_item_role.xlsx 成功
2022-07-07 16:15:37.4134 Trace 加载文件 ./project_cfg/shared/item/cfg_item_skin.xlsx...
2022-07-07 16:15:37.4134 Trace 加载文件 ./project_cfg/shared/item/cfg_item_skin.xlsx 成功
2022-07-07 16:15:37.4134 Trace 加载文件 ./project_cfg/shared/item/cfg_item_weapon.xlsx...
2022-07-07 16:15:37.4134 Trace 加载文件 ./project_cfg/shared/item/cfg_item_weapon.xlsx 成功
2022-07-07 16:15:37.4134 Trace 加载文件 ./project_cfg/shared/item/cfg_roleasset.xlsx...
2022-07-07 16:15:37.4271 Trace 加载文件 ./project_cfg/shared/item/cfg_roleasset.xlsx 成功
2022-07-07 16:15:37.4271 Trace 加载文件 ./project_cfg/shared/mail/cfg_template_mail.xlsx...
2022-07-07 16:15:37.4526 Trace 加载文件 ./project_cfg/shared/mail/cfg_template_mail.xlsx 成功
2022-07-07 16:15:37.4526 Trace 加载文件 ./project_cfg/shared/mainroom/cfg_main_room.xlsx...
2022-07-07 16:15:37.4650 Trace 加载文件 ./project_cfg/shared/mainroom/cfg_main_room.xlsx 成功
2022-07-07 16:15:37.4748 Trace 加载文件 ./project_cfg/shared/pay/cfg_buy_goods.xlsx...
2022-07-07 16:15:37.4748 Trace 加载文件 ./project_cfg/shared/pay/cfg_buy_goods.xlsx 成功
2022-07-07 16:15:37.4748 Trace 加载文件 ./project_cfg/shared/pay/cfg_subscribe.xlsx...
2022-07-07 16:15:37.4867 Trace 加载文件 ./project_cfg/shared/pay/cfg_subscribe.xlsx 成功
2022-07-07 16:15:37.4867 Trace 加载文件 ./project_cfg/shared/quest/cfg_quest.xlsx...
2022-07-07 16:15:37.4867 Trace 加载文件 ./project_cfg/shared/quest/cfg_quest.xlsx 成功
2022-07-07 16:15:37.4867 Trace 加载文件 ./project_cfg/shared/rank/cfg_rank.xlsx...
2022-07-07 16:15:37.5039 Trace 加载文件 ./project_cfg/shared/rank/cfg_rank.xlsx 成功
2022-07-07 16:15:37.5039 Trace 加载文件 ./project_cfg/shared/role/cfg_dungeon_role.xlsx...
2022-07-07 16:15:37.5208 Trace 加载文件 ./project_cfg/shared/role/cfg_dungeon_role.xlsx 成功
2022-07-07 16:15:37.5208 Trace 加载文件 ./project_cfg/shared/role/cfg_hero.xlsx...
2022-07-07 16:15:37.5208 Trace 加载文件 ./project_cfg/shared/role/cfg_hero.xlsx 成功
2022-07-07 16:15:37.5208 Trace 加载文件 ./project_cfg/shared/role/cfg_monster.xlsx...
2022-07-07 16:15:37.5377 Trace 加载文件 ./project_cfg/shared/role/cfg_monster.xlsx 成功
2022-07-07 16:15:37.5377 Trace 加载文件 ./project_cfg/shared/skill/cfg_passive_skill.xlsx...
2022-07-07 16:15:37.5536 Trace 加载文件 ./project_cfg/shared/skill/cfg_passive_skill.xlsx 成功
2022-07-07 16:15:37.5536 Trace 加载文件 ./project_cfg/shared/skill/cfg_skill.xlsx...
2022-07-07 16:15:37.5536 Trace 加载文件 ./project_cfg/shared/skill/cfg_skill.xlsx 成功
2022-07-07 16:15:37.5536 Trace 加载文件 ./project_cfg/shared/skill/cfg_skill_grade.xlsx...
2022-07-07 16:15:37.5767 Trace 加载文件 ./project_cfg/shared/skill/cfg_skill_grade.xlsx 成功
2022-07-07 16:15:37.5767 Trace 加载文件 ./project_cfg/shared/skill/cfg_skill_logic_instance.xlsx...
2022-07-07 16:15:37.6047 Trace 加载文件 ./project_cfg/shared/skill/cfg_skill_logic_instance.xlsx 成功
2022-07-07 16:15:37.6047 Trace 加载文件 ./project_cfg/shared/story/cfg_story_list.xlsx...
2022-07-07 16:15:52.7947 Trace LoadConfig config\app.json OK 
2022-07-07 16:15:52.7987 Trace config\app.json changed
2022-07-07 16:15:52.7987 Trace F:\wangjunitng0707\p4\mr\trunk\xls_config\bin\SchemaTool.exe changed
2022-07-07 16:15:52.7987 Trace 加载文件 ./project_cfg/client/cfg_camera_slighty_shake.xlsx...
2022-07-07 16:15:52.9144 Trace 加载文件 ./project_cfg/client/cfg_camera_slighty_shake.xlsx 成功
2022-07-07 16:15:52.9144 Trace 加载文件 ./project_cfg/client/cfg_device_safe_area.xlsx...
2022-07-07 16:15:52.9620 Trace 加载文件 ./project_cfg/client/cfg_device_safe_area.xlsx 成功
2022-07-07 16:15:52.9620 Trace 加载文件 ./project_cfg/client/cfg_game_const.xlsx...
2022-07-07 16:15:52.9620 Trace 加载文件 ./project_cfg/client/cfg_game_const.xlsx 成功
2022-07-07 16:15:52.9620 Trace 加载文件 ./project_cfg/client/cfg_gyroscope.xlsx...
2022-07-07 16:15:52.9620 Trace 加载文件 ./project_cfg/client/cfg_gyroscope.xlsx 成功
2022-07-07 16:15:52.9620 Trace 加载文件 ./project_cfg/client/cfg_lod.xlsx...
2022-07-07 16:15:52.9750 Trace 加载文件 ./project_cfg/client/cfg_lod.xlsx 成功
2022-07-07 16:15:52.9750 Trace 加载文件 ./project_cfg/client/cfg_mainui.xlsx...
2022-07-07 16:15:52.9750 Trace 加载文件 ./project_cfg/client/cfg_mainui.xlsx 成功
2022-07-07 16:15:52.9750 Trace 加载文件 ./project_cfg/client/cfg_mainui_roles.xlsx...
2022-07-07 16:15:52.9865 Trace 加载文件 ./project_cfg/client/cfg_mainui_roles.xlsx 成功
2022-07-07 16:15:52.9865 Trace 加载文件 ./project_cfg/client/role.xlsx...
2022-07-07 16:15:52.9865 Trace 加载文件 ./project_cfg/client/role.xlsx 成功
2022-07-07 16:15:52.9865 Trace 加载文件 ./project_cfg/client/achieve/cfg_achieve_group.xlsx...
2022-07-07 16:15:52.9865 Trace 加载文件 ./project_cfg/client/achieve/cfg_achieve_group.xlsx 成功
2022-07-07 16:15:52.9865 Trace 加载文件 ./project_cfg/client/battle/cfg_battle_camera.xlsx...
2022-07-07 16:15:52.9865 Trace 加载文件 ./project_cfg/client/battle/cfg_battle_camera.xlsx 成功
2022-07-07 16:15:52.9865 Trace 加载文件 ./project_cfg/client/battle/cfg_battle_damage_scale.xlsx...
2022-07-07 16:15:52.9865 Trace 加载文件 ./project_cfg/client/battle/cfg_battle_damage_scale.xlsx 成功
2022-07-07 16:15:52.9865 Trace 加载文件 ./project_cfg/client/battle/cfg_battle_view_const.xlsx...
2022-07-07 16:15:53.0015 Trace 加载文件 ./project_cfg/client/battle/cfg_battle_view_const.xlsx 成功
2022-07-07 16:15:53.0015 Trace 加载文件 ./project_cfg/client/battle/cfg_battle_wave_move_camera.xlsx...
2022-07-07 16:15:53.0015 Trace 加载文件 ./project_cfg/client/battle/cfg_battle_wave_move_camera.xlsx 成功
2022-07-07 16:15:53.0015 Trace 加载文件 ./project_cfg/client/buff/cfg_buff_effect.xlsx...
2022-07-07 16:15:53.0015 Trace 加载文件 ./project_cfg/client/buff/cfg_buff_effect.xlsx 成功
2022-07-07 16:15:53.0015 Trace 加载文件 ./project_cfg/client/buff/cfg_buff_tips.xlsx...
2022-07-07 16:15:53.0015 Trace 加载文件 ./project_cfg/client/buff/cfg_buff_tips.xlsx 成功
2022-07-07 16:15:53.0015 Trace 加载文件 ./project_cfg/client/character/cfg_character_common.xlsx...
2022-07-07 16:15:53.0015 Trace 加载文件 ./project_cfg/client/character/cfg_character_common.xlsx 成功
2022-07-07 16:15:53.0015 Trace 加载文件 ./project_cfg/client/dungeon/cfg_battle_reward.xlsx...
2022-07-07 16:15:53.0185 Trace 加载文件 ./project_cfg/client/dungeon/cfg_battle_reward.xlsx 成功
2022-07-07 16:15:53.0185 Trace 加载文件 ./project_cfg/client/dungeon/cfg_citymap.xlsx...
2022-07-07 16:15:53.0185 Trace 加载文件 ./project_cfg/client/dungeon/cfg_citymap.xlsx 成功
2022-07-07 16:15:53.0185 Trace 加载文件 ./project_cfg/client/dungeon/cfg_dungeon.xlsx...
2022-07-07 16:15:53.0185 Trace 加载文件 ./project_cfg/client/dungeon/cfg_dungeon.xlsx 成功
2022-07-07 16:15:53.0185 Trace 加载文件 ./project_cfg/client/dungeon/cfg_dungeon_free_camera.xlsx...
2022-07-07 16:15:53.0185 Trace 加载文件 ./project_cfg/client/dungeon/cfg_dungeon_free_camera.xlsx 成功
2022-07-07 16:15:53.0185 Trace 加载文件 ./project_cfg/client/dungeon/cfg_dungeon_input_const.xlsx...
2022-07-07 16:15:53.0185 Trace 加载文件 ./project_cfg/client/dungeon/cfg_dungeon_input_const.xlsx 成功
2022-07-07 16:15:53.0185 Trace 加载文件 ./project_cfg/client/dungeon/cfg_dungeon_map_element.xlsx...
2022-07-07 16:15:53.0185 Trace 加载文件 ./project_cfg/client/dungeon/cfg_dungeon_map_element.xlsx 成功
2022-07-07 16:15:53.0185 Trace 加载文件 ./project_cfg/client/dungeon/cfg_dungeon_perception_const.xlsx...
2022-07-07 16:15:53.0330 Trace 加载文件 ./project_cfg/client/dungeon/cfg_dungeon_perception_const.xlsx 成功
2022-07-07 16:15:53.0330 Trace 加载文件 ./project_cfg/client/dungeon/cfg_enter_battle_const.xlsx...
2022-07-07 16:15:53.0330 Trace 加载文件 ./project_cfg/client/dungeon/cfg_enter_battle_const.xlsx 成功
2022-07-07 16:15:53.0330 Trace 加载文件 ./project_cfg/client/dungeon/cfg_interact_view.xlsx...
2022-07-07 16:15:53.0330 Trace 加载文件 ./project_cfg/client/dungeon/cfg_interact_view.xlsx 成功
2022-07-07 16:15:53.0330 Trace 加载文件 ./project_cfg/client/dungeon/cfg_sound_const.xlsx...
2022-07-07 16:15:53.0330 Trace 加载文件 ./project_cfg/client/dungeon/cfg_sound_const.xlsx 成功
2022-07-07 16:15:53.0330 Trace 加载文件 ./project_cfg/client/dungeon/cfg_warning.xlsx...
2022-07-07 16:15:53.0330 Trace 加载文件 ./project_cfg/client/dungeon/cfg_warning.xlsx 成功
2022-07-07 16:15:53.0330 Trace 加载文件 ./project_cfg/client/dungeon/100050/cfg_dungeon_event_view_100050.xlsx...
2022-07-07 16:15:53.0330 Trace 加载文件 ./project_cfg/client/dungeon/100050/cfg_dungeon_event_view_100050.xlsx 成功
2022-07-07 16:15:53.0330 Trace 加载文件 ./project_cfg/client/dungeon/100050/cfg_dungeon_minimap_100050.xlsx...
2022-07-07 16:15:53.0330 Trace 加载文件 ./project_cfg/client/dungeon/100050/cfg_dungeon_minimap_100050.xlsx 成功
2022-07-07 16:15:53.0330 Trace 加载文件 ./project_cfg/client/dungeon/100062/cfg_association_pursue_100062.xlsx...
2022-07-07 16:15:53.0330 Trace 加载文件 ./project_cfg/client/dungeon/100062/cfg_association_pursue_100062.xlsx 成功
2022-07-07 16:15:53.0330 Trace 加载文件 ./project_cfg/client/dungeon/100062/cfg_dungeon_event_view_100062.xlsx...
2022-07-07 16:15:53.0499 Trace 加载文件 ./project_cfg/client/dungeon/100062/cfg_dungeon_event_view_100062.xlsx 成功
2022-07-07 16:15:53.0499 Trace 加载文件 ./project_cfg/client/dungeon/100062/cfg_dungeon_minimap_100062.xlsx...
2022-07-07 16:15:53.0499 Trace 加载文件 ./project_cfg/client/dungeon/100062/cfg_dungeon_minimap_100062.xlsx 成功
2022-07-07 16:15:53.0499 Trace 加载文件 ./project_cfg/client/dungeon/1001/cfg_association_pursue_1001.xlsx...
2022-07-07 16:15:53.0499 Trace 加载文件 ./project_cfg/client/dungeon/1001/cfg_association_pursue_1001.xlsx 成功
2022-07-07 16:15:53.0499 Trace 加载文件 ./project_cfg/client/dungeon/1001/cfg_dungeon_event_view_1001.xlsx...
2022-07-07 16:15:53.0499 Trace 加载文件 ./project_cfg/client/dungeon/1001/cfg_dungeon_event_view_1001.xlsx 成功
2022-07-07 16:15:53.0499 Trace 加载文件 ./project_cfg/client/dungeon/1001/cfg_dungeon_minimap_1001.xlsx...
2022-07-07 16:15:53.0499 Trace 加载文件 ./project_cfg/client/dungeon/1001/cfg_dungeon_minimap_1001.xlsx 成功
2022-07-07 16:15:53.0499 Trace 加载文件 ./project_cfg/client/dungeon/1001/cfg_dungeon_scenario_1001.xlsx...
2022-07-07 16:15:53.0499 Trace 加载文件 ./project_cfg/client/dungeon/1001/cfg_dungeon_scenario_1001.xlsx 成功
2022-07-07 16:15:53.0499 Trace 加载文件 ./project_cfg/client/dungeon/200011/cfg_dungeon_event_view_200011.xlsx...
2022-07-07 16:15:53.0499 Trace 加载文件 ./project_cfg/client/dungeon/200011/cfg_dungeon_event_view_200011.xlsx 成功
2022-07-07 16:15:53.0499 Trace 加载文件 ./project_cfg/client/dungeon/200011/cfg_dungeon_minimap_200011.xlsx...
2022-07-07 16:15:53.0629 Trace 加载文件 ./project_cfg/client/dungeon/200011/cfg_dungeon_minimap_200011.xlsx 成功
2022-07-07 16:15:53.0629 Trace 加载文件 ./project_cfg/client/dungeon/2100000/cfg_association_pursue_2100000.xlsx...
2022-07-07 16:15:53.0629 Trace 加载文件 ./project_cfg/client/dungeon/2100000/cfg_association_pursue_2100000.xlsx 成功
2022-07-07 16:15:53.0629 Trace 加载文件 ./project_cfg/client/dungeon/2100000/cfg_dungeon_event_view_2100000.xlsx...
2022-07-07 16:15:53.0629 Trace 加载文件 ./project_cfg/client/dungeon/2100000/cfg_dungeon_event_view_2100000.xlsx 成功
2022-07-07 16:15:53.0629 Trace 加载文件 ./project_cfg/client/dungeon/2100000/cfg_dungeon_minimap_2100000.xlsx...
2022-07-07 16:15:53.0629 Trace 加载文件 ./project_cfg/client/dungeon/2100000/cfg_dungeon_minimap_2100000.xlsx 成功
2022-07-07 16:15:53.0629 Trace 加载文件 ./project_cfg/client/dungeon/2100010/cfg_association_pursue_2100010.xlsx...
2022-07-07 16:15:53.0629 Trace 加载文件 ./project_cfg/client/dungeon/2100010/cfg_association_pursue_2100010.xlsx 成功
2022-07-07 16:15:53.0629 Trace 加载文件 ./project_cfg/client/dungeon/2100010/cfg_dungeon_event_view_2100010.xlsx...
2022-07-07 16:15:53.0629 Trace 加载文件 ./project_cfg/client/dungeon/2100010/cfg_dungeon_event_view_2100010.xlsx 成功
2022-07-07 16:15:53.0629 Trace 加载文件 ./project_cfg/client/dungeon/2100010/cfg_dungeon_minimap_2100010.xlsx...
2022-07-07 16:15:53.0629 Trace 加载文件 ./project_cfg/client/dungeon/2100010/cfg_dungeon_minimap_2100010.xlsx 成功
2022-07-07 16:15:53.0629 Trace 加载文件 ./project_cfg/client/dungeon/2100020/cfg_association_pursue_2100020.xlsx...
2022-07-07 16:15:53.0629 Trace 加载文件 ./project_cfg/client/dungeon/2100020/cfg_association_pursue_2100020.xlsx 成功
2022-07-07 16:15:53.0629 Trace 加载文件 ./project_cfg/client/dungeon/2100020/cfg_dungeon_event_view_2100020.xlsx...
2022-07-07 16:15:53.0629 Trace 加载文件 ./project_cfg/client/dungeon/2100020/cfg_dungeon_event_view_2100020.xlsx 成功
2022-07-07 16:15:53.0629 Trace 加载文件 ./project_cfg/client/dungeon/2100020/cfg_dungeon_minimap_2100020.xlsx...
2022-07-07 16:15:53.0629 Trace 加载文件 ./project_cfg/client/dungeon/2100020/cfg_dungeon_minimap_2100020.xlsx 成功
2022-07-07 16:15:53.0629 Trace 加载文件 ./project_cfg/client/effect/cfg_effect_scale_pass.xlsx...
2022-07-07 16:15:53.0629 Trace 加载文件 ./project_cfg/client/effect/cfg_effect_scale_pass.xlsx 成功
2022-07-07 16:15:53.0629 Trace 加载文件 ./project_cfg/client/element/cfg_element.xlsx...
2022-07-07 16:15:53.0799 Trace 加载文件 ./project_cfg/client/element/cfg_element.xlsx 成功
2022-07-07 16:15:53.0799 Trace 加载文件 ./project_cfg/client/guide/cfg_guide.xlsx...
2022-07-07 16:15:53.0799 Trace 加载文件 ./project_cfg/client/guide/cfg_guide.xlsx 成功
2022-07-07 16:15:53.0799 Trace 加载文件 ./project_cfg/client/input/cfg_input_key.xlsx...
2022-07-07 16:15:53.0799 Trace 加载文件 ./project_cfg/client/input/cfg_input_key.xlsx 成功
2022-07-07 16:15:53.0799 Trace 加载文件 ./project_cfg/client/role/cfg_monster_asset.xlsx...
2022-07-07 16:15:53.0799 Trace 加载文件 ./project_cfg/client/role/cfg_monster_asset.xlsx 成功
2022-07-07 16:15:53.0799 Trace 加载文件 ./project_cfg/client/role/cfg_role_attribute.xlsx...
2022-07-07 16:15:53.0799 Trace 加载文件 ./project_cfg/client/role/cfg_role_attribute.xlsx 成功
2022-07-07 16:15:53.0799 Trace 加载文件 ./project_cfg/client/role/cfg_role_info.xlsx...
2022-07-07 16:15:53.1038 Trace 加载文件 ./project_cfg/client/role/cfg_role_info.xlsx 成功
2022-07-07 16:15:53.1038 Trace 加载文件 ./project_cfg/client/role/cfg_role_info_template.xlsx...
2022-07-07 16:15:53.1038 Trace 加载文件 ./project_cfg/client/role/cfg_role_info_template.xlsx 成功
2022-07-07 16:15:53.1038 Trace 加载文件 ./project_cfg/client/role/cfg_role_show.xlsx...
2022-07-07 16:15:53.1138 Trace 加载文件 ./project_cfg/client/role/cfg_role_show.xlsx 成功
2022-07-07 16:15:53.1138 Trace 加载文件 ./project_cfg/client/role/cfg_role_show_common.xlsx...
2022-07-07 16:15:53.1138 Trace 加载文件 ./project_cfg/client/role/cfg_role_show_common.xlsx 成功
2022-07-07 16:15:53.1138 Trace 加载文件 ./project_cfg/client/scenario/cfg_scenario_actor.xlsx...
2022-07-07 16:15:53.1138 Trace 加载文件 ./project_cfg/client/scenario/cfg_scenario_actor.xlsx 成功
2022-07-07 16:15:53.1138 Trace 加载文件 ./project_cfg/client/scenario/cfg_scenario_chapter.xlsx...
2022-07-07 16:15:53.1268 Trace 加载文件 ./project_cfg/client/scenario/cfg_scenario_chapter.xlsx 成功
2022-07-07 16:15:53.1268 Trace 加载文件 ./project_cfg/client/scenario/section/101/cfg_scenario_section_101.xlsx...
2022-07-07 16:15:53.1268 Trace 加载文件 ./project_cfg/client/scenario/section/101/cfg_scenario_section_101.xlsx 成功
2022-07-07 16:15:53.1268 Trace 加载文件 ./project_cfg/client/scenario/section/101/node/cfg_scenario_node_101001.xlsx...
2022-07-07 16:15:53.1268 Trace 加载文件 ./project_cfg/client/scenario/section/101/node/cfg_scenario_node_101001.xlsx 成功
2022-07-07 16:15:53.1268 Trace 加载文件 ./project_cfg/client/scenario/section/102/cfg_scenario_section_102.xlsx...
2022-07-07 16:15:53.1268 Trace 加载文件 ./project_cfg/client/scenario/section/102/cfg_scenario_section_102.xlsx 成功
2022-07-07 16:15:53.1268 Trace 加载文件 ./project_cfg/client/scenario/section/102/node/cfg_scenario_node_102001.xlsx...
2022-07-07 16:15:53.1417 Trace 加载文件 ./project_cfg/client/scenario/section/102/node/cfg_scenario_node_102001.xlsx 成功
2022-07-07 16:15:53.1417 Trace 加载文件 ./project_cfg/client/scenario/section/102/node/cfg_scenario_node_102002.xlsx...
2022-07-07 16:15:53.1417 Trace 加载文件 ./project_cfg/client/scenario/section/102/node/cfg_scenario_node_102002.xlsx 成功
2022-07-07 16:15:53.1417 Trace 加载文件 ./project_cfg/client/scenario/section/102/node/cfg_scenario_node_102003.xlsx...
2022-07-07 16:15:53.1417 Trace 加载文件 ./project_cfg/client/scenario/section/102/node/cfg_scenario_node_102003.xlsx 成功
2022-07-07 16:15:53.1417 Trace 加载文件 ./project_cfg/client/scenario/section/102/node/cfg_scenario_node_102004.xlsx...
2022-07-07 16:15:53.1417 Trace 加载文件 ./project_cfg/client/scenario/section/102/node/cfg_scenario_node_102004.xlsx 成功
2022-07-07 16:15:53.1417 Trace 加载文件 ./project_cfg/client/scenario/section/102/node/cfg_scenario_node_102005.xlsx...
2022-07-07 16:15:53.1417 Trace 加载文件 ./project_cfg/client/scenario/section/102/node/cfg_scenario_node_102005.xlsx 成功
2022-07-07 16:15:53.1417 Trace 加载文件 ./project_cfg/client/scenario/section/102/node/cfg_scenario_node_102006.xlsx...
2022-07-07 16:15:53.1417 Trace 加载文件 ./project_cfg/client/scenario/section/102/node/cfg_scenario_node_102006.xlsx 成功
2022-07-07 16:15:53.1417 Trace 加载文件 ./project_cfg/client/scenario/section/103/cfg_scenario_section_103.xlsx...
2022-07-07 16:15:53.1417 Trace 加载文件 ./project_cfg/client/scenario/section/103/cfg_scenario_section_103.xlsx 成功
2022-07-07 16:15:53.1417 Trace 加载文件 ./project_cfg/client/scenario/section/103/node/cfg_scenario_node_103001.xlsx...
2022-07-07 16:15:53.1417 Trace 加载文件 ./project_cfg/client/scenario/section/103/node/cfg_scenario_node_103001.xlsx 成功
2022-07-07 16:15:53.1417 Trace 加载文件 ./project_cfg/client/scenario/section/104/cfg_scenario_section_104.xlsx...
2022-07-07 16:15:53.1567 Trace 加载文件 ./project_cfg/client/scenario/section/104/cfg_scenario_section_104.xlsx 成功
2022-07-07 16:15:53.1567 Trace 加载文件 ./project_cfg/client/scenario/section/104/node/cfg_scenario_node_104001.xlsx...
2022-07-07 16:15:53.1567 Trace 加载文件 ./project_cfg/client/scenario/section/104/node/cfg_scenario_node_104001.xlsx 成功
2022-07-07 16:15:53.1567 Trace 加载文件 ./project_cfg/client/skill/cfg_skill_field.xlsx...
2022-07-07 16:15:53.1567 Trace 加载文件 ./project_cfg/client/skill/cfg_skill_field.xlsx 成功
2022-07-07 16:15:53.1567 Trace 加载文件 ./project_cfg/client/skill/cfg_skill_info.xlsx...
2022-07-07 16:15:53.1567 Trace 加载文件 ./project_cfg/client/skill/cfg_skill_info.xlsx 成功
2022-07-07 16:15:53.1567 Trace 加载文件 ./project_cfg/client/story/cfg_story_actor.xlsx...
2022-07-07 16:15:53.1567 Trace 加载文件 ./project_cfg/client/story/cfg_story_actor.xlsx 成功
2022-07-07 16:15:53.1567 Trace 加载文件 ./project_cfg/client/story/cfg_story_body_head.xlsx...
2022-07-07 16:15:53.1567 Trace 加载文件 ./project_cfg/client/story/cfg_story_body_head.xlsx 成功
2022-07-07 16:15:53.1567 Trace 加载文件 ./project_cfg/client/story/cfg_story_common.xlsx...
2022-07-07 16:15:53.1726 Trace 加载文件 ./project_cfg/client/story/cfg_story_common.xlsx 成功
2022-07-07 16:15:53.1726 Trace 加载文件 ./project_cfg/client/story/cfg_story_test_entry.xlsx...
2022-07-07 16:15:53.1726 Trace 加载文件 ./project_cfg/client/story/cfg_story_test_entry.xlsx 成功
2022-07-07 16:15:53.1726 Trace 加载文件 ./project_cfg/client/story/100101998/cfg_story_node_100101998_1.xlsx...
2022-07-07 16:15:53.1726 Trace 加载文件 ./project_cfg/client/story/100101998/cfg_story_node_100101998_1.xlsx 成功
2022-07-07 16:15:53.1726 Trace 加载文件 ./project_cfg/client/story/100101998/cfg_story_node_100101998_2.xlsx...
2022-07-07 16:15:53.1726 Trace 加载文件 ./project_cfg/client/story/100101998/cfg_story_node_100101998_2.xlsx 成功
2022-07-07 16:15:53.1726 Trace 加载文件 ./project_cfg/client/story/Main/cfg_story_chapter_main.xlsx...
2022-07-07 16:15:53.1726 Trace 加载文件 ./project_cfg/client/story/Main/cfg_story_chapter_main.xlsx 成功
2022-07-07 16:15:53.1726 Trace 加载文件 ./project_cfg/client/story/Main/cfg_story_section_main_fast.xlsx...
2022-07-07 16:15:53.1726 Trace 加载文件 ./project_cfg/client/story/Main/cfg_story_section_main_fast.xlsx 成功
2022-07-07 16:15:53.1726 Trace 加载文件 ./project_cfg/client/story/Main/Main001/cfg_story_node_main_fast_001_001.xlsx...
2022-07-07 16:15:53.1886 Trace 加载文件 ./project_cfg/client/story/Main/Main001/cfg_story_node_main_fast_001_001.xlsx 成功
2022-07-07 16:15:53.1886 Trace 加载文件 ./project_cfg/client/story/Main/Main001/cfg_story_node_main_fast_001_002.xlsx...
2022-07-07 16:15:53.1886 Trace 加载文件 ./project_cfg/client/story/Main/Main001/cfg_story_node_main_fast_001_002.xlsx 成功
2022-07-07 16:15:53.1886 Trace 加载文件 ./project_cfg/client/story/Main/Main002/cfg_story_node_main_fast_002_001.xlsx...
2022-07-07 16:15:53.1886 Trace 加载文件 ./project_cfg/client/story/Main/Main002/cfg_story_node_main_fast_002_001.xlsx 成功
2022-07-07 16:15:53.1886 Trace 加载文件 ./project_cfg/client/story/Main/Main002/cfg_story_node_main_fast_002_002.xlsx...
2022-07-07 16:15:53.1886 Trace 加载文件 ./project_cfg/client/story/Main/Main002/cfg_story_node_main_fast_002_002.xlsx 成功
2022-07-07 16:15:53.1886 Trace 加载文件 ./project_cfg/client/story/Main/main999/cfg_story_node_main_fast_999_101.xlsx...
2022-07-07 16:15:53.1886 Trace 加载文件 ./project_cfg/client/story/Main/main999/cfg_story_node_main_fast_999_101.xlsx 成功
2022-07-07 16:15:53.1886 Trace 加载文件 ./project_cfg/client/story/Main/main999/cfg_story_node_main_fast_999_334.xlsx...
2022-07-07 16:15:53.2056 Trace 加载文件 ./project_cfg/client/story/Main/main999/cfg_story_node_main_fast_999_334.xlsx 成功
2022-07-07 16:15:53.2056 Trace 加载文件 ./project_cfg/client/story/Main/main999/cfg_story_node_main_fast_999_555.xlsx...
2022-07-07 16:15:53.2056 Trace 加载文件 ./project_cfg/client/story/Main/main999/cfg_story_node_main_fast_999_555.xlsx 成功
2022-07-07 16:15:53.2056 Trace 加载文件 ./project_cfg/client/story/Main/main999/cfg_story_node_main_fast_999_560.xlsx...
2022-07-07 16:15:53.2056 Trace 加载文件 ./project_cfg/client/story/Main/main999/cfg_story_node_main_fast_999_560.xlsx 成功
2022-07-07 16:15:53.2056 Trace 加载文件 ./project_cfg/client/story/Main/main999/cfg_story_node_main_fast_999_997.xlsx...
2022-07-07 16:15:53.2056 Trace 加载文件 ./project_cfg/client/story/Main/main999/cfg_story_node_main_fast_999_997.xlsx 成功
2022-07-07 16:15:53.2056 Trace 加载文件 ./project_cfg/client/story/Main/main999/cfg_story_node_main_fast_999_999.xlsx...
2022-07-07 16:15:53.2056 Trace 加载文件 ./project_cfg/client/story/Main/main999/cfg_story_node_main_fast_999_999.xlsx 成功
2022-07-07 16:15:53.2056 Trace 加载文件 ./project_cfg/client/story/MainStory_1_1_999/cfg_story_node_MainStory_1_1_999_1.xlsx...
2022-07-07 16:15:53.2205 Trace 加载文件 ./project_cfg/client/story/MainStory_1_1_999/cfg_story_node_MainStory_1_1_999_1.xlsx 成功
2022-07-07 16:15:53.2205 Trace 加载文件 ./project_cfg/client/story/MainStory_1_1_999/cfg_story_node_MainStory_1_1_999_6.xlsx...
2022-07-07 16:15:53.2205 Trace 加载文件 ./project_cfg/client/story/MainStory_1_1_999/cfg_story_node_MainStory_1_1_999_6.xlsx 成功
2022-07-07 16:15:53.2205 Trace 加载文件 ./project_cfg/client/story/Side/cfg_story_chapter_side.xlsx...
2022-07-07 16:15:53.2205 Trace 加载文件 ./project_cfg/client/story/Side/cfg_story_chapter_side.xlsx 成功
2022-07-07 16:15:53.2205 Trace 加载文件 ./project_cfg/client/story/Side/cfg_story_section_side_fast.xlsx...
2022-07-07 16:15:53.2205 Trace 加载文件 ./project_cfg/client/story/Side/cfg_story_section_side_fast.xlsx 成功
2022-07-07 16:15:53.2205 Trace 加载文件 ./project_cfg/client/story/Side/Side001/cfg_story_node_side_fast_001_001.xlsx...
2022-07-07 16:15:53.2205 Trace 加载文件 ./project_cfg/client/story/Side/Side001/cfg_story_node_side_fast_001_001.xlsx 成功
2022-07-07 16:15:53.2205 Trace 加载文件 ./project_cfg/client/story/Side/Side001/cfg_story_node_side_fast_001_002.xlsx...
2022-07-07 16:15:53.2205 Trace 加载文件 ./project_cfg/client/story/Side/Side001/cfg_story_node_side_fast_001_002.xlsx 成功
2022-07-07 16:15:53.2205 Trace 加载文件 ./project_cfg/client/story/Side/Side002/cfg_story_node_side_fast_002_001.xlsx...
2022-07-07 16:15:53.2375 Trace 加载文件 ./project_cfg/client/story/Side/Side002/cfg_story_node_side_fast_002_001.xlsx 成功
2022-07-07 16:15:53.2375 Trace 加载文件 ./project_cfg/client/story/Side/Side002/cfg_story_node_side_fast_002_002.xlsx...
2022-07-07 16:15:53.2375 Trace 加载文件 ./project_cfg/client/story/Side/Side002/cfg_story_node_side_fast_002_002.xlsx 成功
2022-07-07 16:15:53.2375 Info 加载100个表格，用时441毫秒
2022-07-07 16:15:53.2375 Trace 加载文件 ./project_cfg/shared/achieve/cfg_achieve.xlsx...
2022-07-07 16:15:53.2375 Trace 加载文件 ./project_cfg/shared/achieve/cfg_achieve.xlsx 成功
2022-07-07 16:15:53.2375 Trace 加载文件 ./project_cfg/shared/ai/cfg_ai.xlsx...
2022-07-07 16:15:53.2375 Trace 加载文件 ./project_cfg/shared/ai/cfg_ai.xlsx 成功
2022-07-07 16:15:53.2375 Trace 加载文件 ./project_cfg/shared/ai/cfg_ai_bhv_instance.xlsx...
2022-07-07 16:15:53.2375 Trace 加载文件 ./project_cfg/shared/ai/cfg_ai_bhv_instance.xlsx 成功
2022-07-07 16:15:53.2375 Trace 加载文件 ./project_cfg/shared/ai/cfg_ai_bhv_list.xlsx...
2022-07-07 16:15:53.2524 Trace 加载文件 ./project_cfg/shared/ai/cfg_ai_bhv_list.xlsx 成功
2022-07-07 16:15:53.2524 Trace 加载文件 ./project_cfg/shared/ai/cfg_ai_condition_trigger.xlsx...
2022-07-07 16:15:53.2524 Trace 加载文件 ./project_cfg/shared/ai/cfg_ai_condition_trigger.xlsx 成功
2022-07-07 16:15:53.2524 Trace 加载文件 ./project_cfg/shared/battle/cfg_battle_level.xlsx...
2022-07-07 16:15:53.2524 Trace 加载文件 ./project_cfg/shared/battle/cfg_battle_level.xlsx 成功
2022-07-07 16:15:53.2524 Trace 加载文件 ./project_cfg/shared/battle/cfg_battle_logic_const.xlsx...
2022-07-07 16:15:53.2524 Trace 加载文件 ./project_cfg/shared/battle/cfg_battle_logic_const.xlsx 成功
2022-07-07 16:15:53.2524 Trace 加载文件 ./project_cfg/shared/battle/cfg_battle_skill_back_logic_instance.xlsx...
2022-07-07 16:15:53.2524 Trace 加载文件 ./project_cfg/shared/battle/cfg_battle_skill_back_logic_instance.xlsx 成功
2022-07-07 16:15:53.2524 Trace 加载文件 ./project_cfg/shared/battle/cfg_battle_wave.xlsx...
2022-07-07 16:15:53.2664 Trace 加载文件 ./project_cfg/shared/battle/cfg_battle_wave.xlsx 成功
2022-07-07 16:15:53.2664 Trace 加载文件 ./project_cfg/shared/battle/cfg_hit_logic_type.xlsx...
2022-07-07 16:15:53.2664 Trace 加载文件 ./project_cfg/shared/battle/cfg_hit_logic_type.xlsx 成功
2022-07-07 16:15:53.2664 Trace 加载文件 ./project_cfg/shared/battle/100050/cfg_battle_level_100050.xlsx...
2022-07-07 16:15:53.2664 Trace 加载文件 ./project_cfg/shared/battle/100050/cfg_battle_level_100050.xlsx 成功
2022-07-07 16:15:53.2664 Trace 加载文件 ./project_cfg/shared/battle/100050/cfg_battle_wave_100050.xlsx...
2022-07-07 16:15:53.2664 Trace 加载文件 ./project_cfg/shared/battle/100050/cfg_battle_wave_100050.xlsx 成功
2022-07-07 16:15:53.2664 Trace 加载文件 ./project_cfg/shared/battle/1001/cfg_battle_level_1001.xlsx...
2022-07-07 16:15:53.2664 Trace 加载文件 ./project_cfg/shared/battle/1001/cfg_battle_level_1001.xlsx 成功
2022-07-07 16:15:53.2664 Trace 加载文件 ./project_cfg/shared/battle/1001/cfg_battle_wave_1001.xlsx...
2022-07-07 16:15:53.2664 Trace 加载文件 ./project_cfg/shared/battle/1001/cfg_battle_wave_1001.xlsx 成功
2022-07-07 16:15:53.2664 Trace 加载文件 ./project_cfg/shared/battle/2100000/cfg_battle_level_2100000.xlsx...
2022-07-07 16:15:53.2664 Trace 加载文件 ./project_cfg/shared/battle/2100000/cfg_battle_level_2100000.xlsx 成功
2022-07-07 16:15:53.2664 Trace 加载文件 ./project_cfg/shared/battle/2100000/cfg_battle_wave_2100000.xlsx...
2022-07-07 16:15:53.2664 Trace 加载文件 ./project_cfg/shared/battle/2100000/cfg_battle_wave_2100000.xlsx 成功
2022-07-07 16:15:53.2664 Trace 加载文件 ./project_cfg/shared/battle/2100010/cfg_battle_level_2100010.xlsx...
2022-07-07 16:15:53.2824 Trace 加载文件 ./project_cfg/shared/battle/2100010/cfg_battle_level_2100010.xlsx 成功
2022-07-07 16:15:53.2824 Trace 加载文件 ./project_cfg/shared/battle/2100010/cfg_battle_wave_2100010.xlsx...
2022-07-07 16:15:53.2824 Trace 加载文件 ./project_cfg/shared/battle/2100010/cfg_battle_wave_2100010.xlsx 成功
2022-07-07 16:15:53.2824 Trace 加载文件 ./project_cfg/shared/buff/cfg_buff.xlsx...
2022-07-07 16:15:53.2824 Trace 加载文件 ./project_cfg/shared/buff/cfg_buff.xlsx 成功
2022-07-07 16:15:53.2824 Trace 加载文件 ./project_cfg/shared/buff/cfg_buff_logic.xlsx...
2022-07-07 16:15:53.2993 Trace 加载文件 ./project_cfg/shared/buff/cfg_buff_logic.xlsx 成功
2022-07-07 16:15:53.2993 Trace 加载文件 ./project_cfg/shared/condition/cfg_battle_condition_instance.xlsx...
2022-07-07 16:15:53.2993 Trace 加载文件 ./project_cfg/shared/condition/cfg_battle_condition_instance.xlsx 成功
2022-07-07 16:15:53.2993 Trace 加载文件 ./project_cfg/shared/dungeon/cfg_day_night_change.xlsx...
2022-07-07 16:15:53.2993 Trace 加载文件 ./project_cfg/shared/dungeon/cfg_day_night_change.xlsx 成功
2022-07-07 16:15:53.2993 Trace 加载文件 ./project_cfg/shared/dungeon/cfg_dungeon_common_reward.xlsx...
2022-07-07 16:15:53.2993 Trace 加载文件 ./project_cfg/shared/dungeon/cfg_dungeon_common_reward.xlsx 成功
2022-07-07 16:15:53.2993 Trace 加载文件 ./project_cfg/shared/dungeon/cfg_dungeon_const.xlsx...
2022-07-07 16:15:53.2993 Trace 加载文件 ./project_cfg/shared/dungeon/cfg_dungeon_const.xlsx 成功
2022-07-07 16:15:53.2993 Trace 加载文件 ./project_cfg/shared/dungeon/cfg_initiative_attack.xlsx...
2022-07-07 16:15:53.3149 Trace 加载文件 ./project_cfg/shared/dungeon/cfg_initiative_attack.xlsx 成功
2022-07-07 16:15:53.3149 Trace 加载文件 ./project_cfg/shared/dungeon/cfg_interact.xlsx...
2022-07-07 16:15:53.3149 Trace 加载文件 ./project_cfg/shared/dungeon/cfg_interact.xlsx 成功
2022-07-07 16:15:53.3149 Trace 加载文件 ./project_cfg/shared/dungeon/cfg_interact_behavior.xlsx...
2022-07-07 16:15:53.3149 Trace 加载文件 ./project_cfg/shared/dungeon/cfg_interact_behavior.xlsx 成功
2022-07-07 16:15:53.3149 Trace 加载文件 ./project_cfg/shared/dungeon/cfg_main_dungeon.xlsx...
2022-07-07 16:15:53.3149 Trace 加载文件 ./project_cfg/shared/dungeon/cfg_main_dungeon.xlsx 成功
2022-07-07 16:15:53.3149 Trace 加载文件 ./project_cfg/shared/dungeon/cfg_throw_ball.xlsx...
2022-07-07 16:15:53.3149 Trace 加载文件 ./project_cfg/shared/dungeon/cfg_throw_ball.xlsx 成功
2022-07-07 16:15:53.3149 Trace 加载文件 ./project_cfg/shared/dungeon/100050/cfg_dungeon_condition_100050.xlsx...
2022-07-07 16:15:53.3149 Trace 加载文件 ./project_cfg/shared/dungeon/100050/cfg_dungeon_condition_100050.xlsx 成功
2022-07-07 16:15:53.3149 Trace 加载文件 ./project_cfg/shared/dungeon/100050/cfg_dungeon_event_100050.xlsx...
2022-07-07 16:15:53.3149 Trace 加载文件 ./project_cfg/shared/dungeon/100050/cfg_dungeon_event_100050.xlsx 成功
2022-07-07 16:15:53.3149 Trace 加载文件 ./project_cfg/shared/dungeon/100062/cfg_dungeon_condition_100062.xlsx...
2022-07-07 16:15:53.3299 Trace 加载文件 ./project_cfg/shared/dungeon/100062/cfg_dungeon_condition_100062.xlsx 成功
2022-07-07 16:15:53.3299 Trace 加载文件 ./project_cfg/shared/dungeon/100062/cfg_dungeon_element_100062.xlsx...
2022-07-07 16:15:53.3299 Trace 加载文件 ./project_cfg/shared/dungeon/100062/cfg_dungeon_element_100062.xlsx 成功
2022-07-07 16:15:53.3299 Trace 加载文件 ./project_cfg/shared/dungeon/100062/cfg_dungeon_event_100062.xlsx...
2022-07-07 16:15:53.3299 Trace 加载文件 ./project_cfg/shared/dungeon/100062/cfg_dungeon_event_100062.xlsx 成功
2022-07-07 16:15:53.3299 Trace 加载文件 ./project_cfg/shared/dungeon/100062/cfg_dungeon_reward_100062.xlsx...
2022-07-07 16:15:53.3299 Trace 加载文件 ./project_cfg/shared/dungeon/100062/cfg_dungeon_reward_100062.xlsx 成功
2022-07-07 16:15:53.3299 Trace 加载文件 ./project_cfg/shared/dungeon/1001/cfg_dungeon_condition_1001.xlsx...
2022-07-07 16:15:53.3299 Trace 加载文件 ./project_cfg/shared/dungeon/1001/cfg_dungeon_condition_1001.xlsx 成功
2022-07-07 16:15:53.3299 Trace 加载文件 ./project_cfg/shared/dungeon/1001/cfg_dungeon_event_1001.xlsx...
2022-07-07 16:15:53.3299 Trace 加载文件 ./project_cfg/shared/dungeon/1001/cfg_dungeon_event_1001.xlsx 成功
2022-07-07 16:15:53.3299 Trace 加载文件 ./project_cfg/shared/dungeon/1001/cfg_dungeon_reward_1001.xlsx...
2022-07-07 16:15:53.3299 Trace 加载文件 ./project_cfg/shared/dungeon/1001/cfg_dungeon_reward_1001.xlsx 成功
2022-07-07 16:15:53.3444 Trace 加载文件 ./project_cfg/shared/dungeon/200011/cfg_dungeon_condition_200011.xlsx...
2022-07-07 16:15:53.3444 Trace 加载文件 ./project_cfg/shared/dungeon/200011/cfg_dungeon_condition_200011.xlsx 成功
2022-07-07 16:15:53.3444 Trace 加载文件 ./project_cfg/shared/dungeon/200011/cfg_dungeon_element_200011.xlsx...
2022-07-07 16:15:53.3444 Trace 加载文件 ./project_cfg/shared/dungeon/200011/cfg_dungeon_element_200011.xlsx 成功
2022-07-07 16:15:53.3444 Trace 加载文件 ./project_cfg/shared/dungeon/200011/cfg_dungeon_event_200011.xlsx...
2022-07-07 16:15:53.3444 Trace 加载文件 ./project_cfg/shared/dungeon/200011/cfg_dungeon_event_200011.xlsx 成功
2022-07-07 16:15:53.3444 Trace 加载文件 ./project_cfg/shared/dungeon/200011/cfg_dungeon_reward_200011.xlsx...
2022-07-07 16:15:53.3444 Trace 加载文件 ./project_cfg/shared/dungeon/200011/cfg_dungeon_reward_200011.xlsx 成功
2022-07-07 16:15:53.3444 Trace 加载文件 ./project_cfg/shared/dungeon/2100000/cfg_dungeon_condition_2100000.xlsx...
2022-07-07 16:15:53.3444 Trace 加载文件 ./project_cfg/shared/dungeon/2100000/cfg_dungeon_condition_2100000.xlsx 成功
2022-07-07 16:15:53.3444 Trace 加载文件 ./project_cfg/shared/dungeon/2100000/cfg_dungeon_element_2100000.xlsx...
2022-07-07 16:15:53.3444 Trace 加载文件 ./project_cfg/shared/dungeon/2100000/cfg_dungeon_element_2100000.xlsx 成功
2022-07-07 16:15:53.3444 Trace 加载文件 ./project_cfg/shared/dungeon/2100000/cfg_dungeon_event_2100000.xlsx...
2022-07-07 16:15:53.3444 Trace 加载文件 ./project_cfg/shared/dungeon/2100000/cfg_dungeon_event_2100000.xlsx 成功
2022-07-07 16:15:53.3444 Trace 加载文件 ./project_cfg/shared/dungeon/2100010/cfg_dungeon_condition_2100010.xlsx...
2022-07-07 16:15:53.3444 Trace 加载文件 ./project_cfg/shared/dungeon/2100010/cfg_dungeon_condition_2100010.xlsx 成功
2022-07-07 16:15:53.3444 Trace 加载文件 ./project_cfg/shared/dungeon/2100010/cfg_dungeon_element_2100010.xlsx...
2022-07-07 16:15:53.3598 Trace 加载文件 ./project_cfg/shared/dungeon/2100010/cfg_dungeon_element_2100010.xlsx 成功
2022-07-07 16:15:53.3598 Trace 加载文件 ./project_cfg/shared/dungeon/2100010/cfg_dungeon_event_2100010.xlsx...
2022-07-07 16:15:53.3598 Trace 加载文件 ./project_cfg/shared/dungeon/2100010/cfg_dungeon_event_2100010.xlsx 成功
2022-07-07 16:15:53.3598 Trace 加载文件 ./project_cfg/shared/dungeon/2100010/cfg_dungeon_reward_2100010.xlsx...
2022-07-07 16:15:53.3598 Trace 加载文件 ./project_cfg/shared/dungeon/2100010/cfg_dungeon_reward_2100010.xlsx 成功
2022-07-07 16:15:53.3598 Trace 加载文件 ./project_cfg/shared/dungeon/2100020/cfg_battle_level_2100020.xlsx...
2022-07-07 16:15:53.3598 Trace 加载文件 ./project_cfg/shared/dungeon/2100020/cfg_battle_level_2100020.xlsx 成功
2022-07-07 16:15:53.3598 Trace 加载文件 ./project_cfg/shared/dungeon/2100020/cfg_battle_wave_2100020.xlsx...
2022-07-07 16:15:53.3598 Trace 加载文件 ./project_cfg/shared/dungeon/2100020/cfg_battle_wave_2100020.xlsx 成功
2022-07-07 16:15:53.3598 Trace 加载文件 ./project_cfg/shared/dungeon/2100020/cfg_dungeon_condition_2100020.xlsx...
2022-07-07 16:15:53.3598 Trace 加载文件 ./project_cfg/shared/dungeon/2100020/cfg_dungeon_condition_2100020.xlsx 成功
2022-07-07 16:15:53.3598 Trace 加载文件 ./project_cfg/shared/dungeon/2100020/cfg_dungeon_event_2100020.xlsx...
2022-07-07 16:15:53.3598 Trace 加载文件 ./project_cfg/shared/dungeon/2100020/cfg_dungeon_event_2100020.xlsx 成功
2022-07-07 16:15:53.3598 Trace 加载文件 ./project_cfg/shared/element/cfg_element_link.xlsx...
2022-07-07 16:15:53.3598 Trace 加载文件 ./project_cfg/shared/element/cfg_element_link.xlsx 成功
2022-07-07 16:15:53.3598 Trace 加载文件 ./project_cfg/shared/global/language_list.xlsx...
2022-07-07 16:15:53.3598 Trace 加载文件 ./project_cfg/shared/global/language_list.xlsx 成功
2022-07-07 16:15:53.3598 Trace 加载文件 ./project_cfg/shared/global/language_story_list.xlsx...
2022-07-07 16:15:53.3598 Trace 加载文件 ./project_cfg/shared/global/language_story_list.xlsx 成功
2022-07-07 16:15:53.3598 Trace 加载文件 ./project_cfg/shared/guide/cfg_guide_all.xlsx...
2022-07-07 16:15:53.3778 Trace 加载文件 ./project_cfg/shared/guide/cfg_guide_all.xlsx 成功
2022-07-07 16:15:53.3778 Trace 加载文件 ./project_cfg/shared/guide/cfg_guide_trigger.xlsx...
2022-07-07 16:15:53.3778 Trace 加载文件 ./project_cfg/shared/guide/cfg_guide_trigger.xlsx 成功
2022-07-07 16:15:53.3778 Trace 加载文件 ./project_cfg/shared/item/cfg_gold.xlsx...
2022-07-07 16:15:53.3778 Trace 加载文件 ./project_cfg/shared/item/cfg_gold.xlsx 成功
2022-07-07 16:15:53.3778 Trace 加载文件 ./project_cfg/shared/item/cfg_item.xlsx...
2022-07-07 16:15:53.3778 Trace 加载文件 ./project_cfg/shared/item/cfg_item.xlsx 成功
2022-07-07 16:15:53.3778 Trace 加载文件 ./project_cfg/shared/item/cfg_item_character.xlsx...
2022-07-07 16:15:53.3778 Trace 加载文件 ./project_cfg/shared/item/cfg_item_character.xlsx 成功
2022-07-07 16:15:53.3778 Trace 加载文件 ./project_cfg/shared/item/cfg_item_consumables.xlsx...
2022-07-07 16:15:53.3917 Trace 加载文件 ./project_cfg/shared/item/cfg_item_consumables.xlsx 成功
2022-07-07 16:15:53.3917 Trace 加载文件 ./project_cfg/shared/item/cfg_item_equipment.xlsx...
2022-07-07 16:15:53.3917 Trace 加载文件 ./project_cfg/shared/item/cfg_item_equipment.xlsx 成功
2022-07-07 16:15:53.3917 Trace 加载文件 ./project_cfg/shared/item/cfg_item_link.xlsx...
2022-07-07 16:15:53.3917 Trace 加载文件 ./project_cfg/shared/item/cfg_item_link.xlsx 成功
2022-07-07 16:15:53.3917 Trace 加载文件 ./project_cfg/shared/item/cfg_item_material.xlsx...
2022-07-07 16:15:53.3917 Trace 加载文件 ./project_cfg/shared/item/cfg_item_material.xlsx 成功
2022-07-07 16:15:53.3917 Trace 加载文件 ./project_cfg/shared/item/cfg_item_role.xlsx...
2022-07-07 16:15:53.4596 Trace 加载文件 ./project_cfg/shared/item/cfg_item_role.xlsx 成功
2022-07-07 16:15:53.4596 Trace 加载文件 ./project_cfg/shared/item/cfg_item_skin.xlsx...
2022-07-07 16:15:53.4596 Trace 加载文件 ./project_cfg/shared/item/cfg_item_skin.xlsx 成功
2022-07-07 16:15:53.4596 Trace 加载文件 ./project_cfg/shared/item/cfg_item_weapon.xlsx...
2022-07-07 16:15:53.4596 Trace 加载文件 ./project_cfg/shared/item/cfg_item_weapon.xlsx 成功
2022-07-07 16:15:53.4596 Trace 加载文件 ./project_cfg/shared/item/cfg_roleasset.xlsx...
2022-07-07 16:15:53.4596 Trace 加载文件 ./project_cfg/shared/item/cfg_roleasset.xlsx 成功
2022-07-07 16:15:53.4596 Trace 加载文件 ./project_cfg/shared/mail/cfg_template_mail.xlsx...
2022-07-07 16:15:53.4695 Trace 加载文件 ./project_cfg/shared/mail/cfg_template_mail.xlsx 成功
2022-07-07 16:15:53.4695 Trace 加载文件 ./project_cfg/shared/mainroom/cfg_main_room.xlsx...
2022-07-07 16:15:53.4695 Trace 加载文件 ./project_cfg/shared/mainroom/cfg_main_room.xlsx 成功
2022-07-07 16:15:53.4695 Trace 加载文件 ./project_cfg/shared/pay/cfg_buy_goods.xlsx...
2022-07-07 16:15:53.4695 Trace 加载文件 ./project_cfg/shared/pay/cfg_buy_goods.xlsx 成功
2022-07-07 16:15:53.4695 Trace 加载文件 ./project_cfg/shared/pay/cfg_subscribe.xlsx...
2022-07-07 16:15:53.4695 Trace 加载文件 ./project_cfg/shared/pay/cfg_subscribe.xlsx 成功
2022-07-07 16:15:53.4695 Trace 加载文件 ./project_cfg/shared/quest/cfg_quest.xlsx...
2022-07-07 16:15:53.4695 Trace 加载文件 ./project_cfg/shared/quest/cfg_quest.xlsx 成功
2022-07-07 16:15:53.4695 Trace 加载文件 ./project_cfg/shared/rank/cfg_rank.xlsx...
2022-07-07 16:15:53.4695 Trace 加载文件 ./project_cfg/shared/rank/cfg_rank.xlsx 成功
2022-07-07 16:15:53.4695 Trace 加载文件 ./project_cfg/shared/role/cfg_dungeon_role.xlsx...
2022-07-07 16:15:53.4865 Trace 加载文件 ./project_cfg/shared/role/cfg_dungeon_role.xlsx 成功
2022-07-07 16:15:53.4865 Trace 加载文件 ./project_cfg/shared/role/cfg_hero.xlsx...
2022-07-07 16:15:53.4865 Trace 加载文件 ./project_cfg/shared/role/cfg_hero.xlsx 成功
2022-07-07 16:15:53.4865 Trace 加载文件 ./project_cfg/shared/role/cfg_monster.xlsx...
2022-07-07 16:15:53.4865 Trace 加载文件 ./project_cfg/shared/role/cfg_monster.xlsx 成功
2022-07-07 16:15:53.4865 Trace 加载文件 ./project_cfg/shared/skill/cfg_passive_skill.xlsx...
2022-07-07 16:15:53.4865 Trace 加载文件 ./project_cfg/shared/skill/cfg_passive_skill.xlsx 成功
2022-07-07 16:15:53.4865 Trace 加载文件 ./project_cfg/shared/skill/cfg_skill.xlsx...
2022-07-07 16:15:53.5085 Trace 加载文件 ./project_cfg/shared/skill/cfg_skill.xlsx 成功
2022-07-07 16:15:53.5085 Trace 加载文件 ./project_cfg/shared/skill/cfg_skill_grade.xlsx...
2022-07-07 16:15:53.5174 Trace 加载文件 ./project_cfg/shared/skill/cfg_skill_grade.xlsx 成功
2022-07-07 16:15:53.5174 Trace 加载文件 ./project_cfg/shared/skill/cfg_skill_logic_instance.xlsx...
2022-07-07 16:15:53.5359 Trace 加载文件 ./project_cfg/shared/skill/cfg_skill_logic_instance.xlsx 成功
2022-07-07 16:15:53.5359 Trace 加载文件 ./project_cfg/shared/story/cfg_story_list.xlsx...
2022-07-07 16:15:53.5359 Trace 加载文件 ./project_cfg/shared/story/cfg_story_list.xlsx 成功
2022-07-07 16:15:53.5359 Trace 加载文件 ./project_cfg/shared/story/cfg_story_section_100101998.xlsx...
2022-07-07 16:15:53.7421 Trace 加载文件 ./project_cfg/shared/story/cfg_story_section_100101998.xlsx 成功
2022-07-07 16:15:53.7421 Trace 加载文件 ./project_cfg/shared/summon/cfg_summon.xlsx...
2022-07-07 16:15:53.7743 Trace 加载文件 ./project_cfg/shared/summon/cfg_summon.xlsx 成功
2022-07-07 16:15:53.7743 Trace 加载文件 ./project_cfg/shared/team/cfg_team_squad.xlsx...
2022-07-07 16:15:53.7818 Trace 加载文件 ./project_cfg/shared/team/cfg_team_squad.xlsx 成功
2022-07-07 16:15:53.7818 Info 加载86个表格，用时541毫秒
2022-07-07 16:15:53.7818 Trace 加载文件 ./project_cfg/shared/achieve/cfg_achieve.xlsx...
2022-07-07 16:15:53.7818 Trace 加载文件 ./project_cfg/shared/ai/cfg_ai.xlsx...
2022-07-07 16:15:53.7818 Trace 加载文件 ./project_cfg/shared/ai/cfg_ai_bhv_instance.xlsx...
2022-07-07 16:15:53.7818 Trace 加载文件 ./project_cfg/shared/ai/cfg_ai_bhv_list.xlsx...
2022-07-07 16:15:53.7818 Trace 加载文件 ./project_cfg/shared/ai/cfg_ai_condition_trigger.xlsx...
2022-07-07 16:15:53.7818 Trace 加载文件 ./project_cfg/shared/battle/cfg_battle_level.xlsx...
2022-07-07 16:15:53.7818 Trace 加载文件 ./project_cfg/shared/battle/cfg_battle_logic_const.xlsx...
2022-07-07 16:15:53.7818 Trace 加载文件 ./project_cfg/shared/battle/cfg_battle_skill_back_logic_instance.xlsx...
2022-07-07 16:15:53.7818 Trace 加载文件 ./project_cfg/shared/battle/cfg_battle_wave.xlsx...
2022-07-07 16:15:53.7818 Trace 加载文件 ./project_cfg/shared/battle/cfg_hit_logic_type.xlsx...
2022-07-07 16:15:53.7818 Trace 加载文件 ./project_cfg/shared/battle/100050/cfg_battle_level_100050.xlsx...
2022-07-07 16:15:53.7818 Trace 加载文件 ./project_cfg/shared/battle/100050/cfg_battle_wave_100050.xlsx...
2022-07-07 16:15:53.7818 Trace 加载文件 ./project_cfg/shared/battle/1001/cfg_battle_level_1001.xlsx...
2022-07-07 16:15:53.7818 Trace 加载文件 ./project_cfg/shared/battle/1001/cfg_battle_wave_1001.xlsx...
2022-07-07 16:15:53.7818 Trace 加载文件 ./project_cfg/shared/battle/2100000/cfg_battle_level_2100000.xlsx...
2022-07-07 16:15:53.7818 Trace 加载文件 ./project_cfg/shared/battle/2100000/cfg_battle_wave_2100000.xlsx...
2022-07-07 16:15:53.7818 Trace 加载文件 ./project_cfg/shared/battle/2100010/cfg_battle_level_2100010.xlsx...
2022-07-07 16:15:53.7818 Trace 加载文件 ./project_cfg/shared/battle/2100010/cfg_battle_wave_2100010.xlsx...
2022-07-07 16:15:53.7818 Trace 加载文件 ./project_cfg/shared/buff/cfg_buff.xlsx...
2022-07-07 16:15:53.7818 Trace 加载文件 ./project_cfg/shared/buff/cfg_buff_logic.xlsx...
2022-07-07 16:15:53.7818 Trace 加载文件 ./project_cfg/shared/condition/cfg_battle_condition_instance.xlsx...
2022-07-07 16:15:53.7818 Trace 加载文件 ./project_cfg/shared/dungeon/cfg_day_night_change.xlsx...
2022-07-07 16:15:53.7818 Trace 加载文件 ./project_cfg/shared/dungeon/cfg_dungeon_common_reward.xlsx...
2022-07-07 16:15:53.7818 Trace 加载文件 ./project_cfg/shared/dungeon/cfg_dungeon_const.xlsx...
2022-07-07 16:15:53.7818 Trace 加载文件 ./project_cfg/shared/dungeon/cfg_initiative_attack.xlsx...
2022-07-07 16:15:53.7818 Trace 加载文件 ./project_cfg/shared/dungeon/cfg_interact.xlsx...
2022-07-07 16:15:53.7818 Trace 加载文件 ./project_cfg/shared/dungeon/cfg_interact_behavior.xlsx...
2022-07-07 16:15:53.7818 Trace 加载文件 ./project_cfg/shared/dungeon/cfg_main_dungeon.xlsx...
2022-07-07 16:15:53.7818 Trace 加载文件 ./project_cfg/shared/dungeon/cfg_throw_ball.xlsx...
2022-07-07 16:15:53.7818 Trace 加载文件 ./project_cfg/shared/dungeon/100050/cfg_dungeon_condition_100050.xlsx...
2022-07-07 16:15:53.7818 Trace 加载文件 ./project_cfg/shared/dungeon/100050/cfg_dungeon_event_100050.xlsx...
2022-07-07 16:15:53.7818 Trace 加载文件 ./project_cfg/shared/dungeon/100062/cfg_dungeon_condition_100062.xlsx...
2022-07-07 16:15:53.7818 Trace 加载文件 ./project_cfg/shared/dungeon/100062/cfg_dungeon_element_100062.xlsx...
2022-07-07 16:15:53.7818 Trace 加载文件 ./project_cfg/shared/dungeon/100062/cfg_dungeon_event_100062.xlsx...
2022-07-07 16:15:53.7818 Trace 加载文件 ./project_cfg/shared/dungeon/100062/cfg_dungeon_reward_100062.xlsx...
2022-07-07 16:15:53.7818 Trace 加载文件 ./project_cfg/shared/dungeon/1001/cfg_dungeon_condition_1001.xlsx...
2022-07-07 16:15:53.7818 Trace 加载文件 ./project_cfg/shared/dungeon/1001/cfg_dungeon_event_1001.xlsx...
2022-07-07 16:15:53.7818 Trace 加载文件 ./project_cfg/shared/dungeon/1001/cfg_dungeon_reward_1001.xlsx...
2022-07-07 16:15:53.7818 Trace 加载文件 ./project_cfg/shared/dungeon/200011/cfg_dungeon_condition_200011.xlsx...
2022-07-07 16:15:53.7818 Trace 加载文件 ./project_cfg/shared/dungeon/200011/cfg_dungeon_element_200011.xlsx...
2022-07-07 16:15:53.7818 Trace 加载文件 ./project_cfg/shared/dungeon/200011/cfg_dungeon_event_200011.xlsx...
2022-07-07 16:15:53.7818 Trace 加载文件 ./project_cfg/shared/dungeon/200011/cfg_dungeon_reward_200011.xlsx...
2022-07-07 16:15:53.7818 Trace 加载文件 ./project_cfg/shared/dungeon/2100000/cfg_dungeon_condition_2100000.xlsx...
2022-07-07 16:15:53.7818 Trace 加载文件 ./project_cfg/shared/dungeon/2100000/cfg_dungeon_element_2100000.xlsx...
2022-07-07 16:15:53.7818 Trace 加载文件 ./project_cfg/shared/dungeon/2100000/cfg_dungeon_event_2100000.xlsx...
2022-07-07 16:15:53.7818 Trace 加载文件 ./project_cfg/shared/dungeon/2100010/cfg_dungeon_condition_2100010.xlsx...
2022-07-07 16:15:53.7818 Trace 加载文件 ./project_cfg/shared/dungeon/2100010/cfg_dungeon_element_2100010.xlsx...
2022-07-07 16:15:53.7818 Trace 加载文件 ./project_cfg/shared/dungeon/2100010/cfg_dungeon_event_2100010.xlsx...
2022-07-07 16:15:53.7818 Trace 加载文件 ./project_cfg/shared/dungeon/2100010/cfg_dungeon_reward_2100010.xlsx...
2022-07-07 16:15:53.7818 Trace 加载文件 ./project_cfg/shared/dungeon/2100020/cfg_battle_level_2100020.xlsx...
2022-07-07 16:15:53.7818 Trace 加载文件 ./project_cfg/shared/dungeon/2100020/cfg_battle_wave_2100020.xlsx...
2022-07-07 16:15:53.7818 Trace 加载文件 ./project_cfg/shared/dungeon/2100020/cfg_dungeon_condition_2100020.xlsx...
2022-07-07 16:15:53.7818 Trace 加载文件 ./project_cfg/shared/dungeon/2100020/cfg_dungeon_event_2100020.xlsx...
2022-07-07 16:15:53.7818 Trace 加载文件 ./project_cfg/shared/element/cfg_element_link.xlsx...
2022-07-07 16:15:53.7818 Trace 加载文件 ./project_cfg/shared/global/language_list.xlsx...
2022-07-07 16:15:53.7818 Trace 加载文件 ./project_cfg/shared/global/language_story_list.xlsx...
2022-07-07 16:15:53.7818 Trace 加载文件 ./project_cfg/shared/guide/cfg_guide_all.xlsx...
2022-07-07 16:15:53.7818 Trace 加载文件 ./project_cfg/shared/guide/cfg_guide_trigger.xlsx...
2022-07-07 16:15:53.7818 Trace 加载文件 ./project_cfg/shared/item/cfg_gold.xlsx...
2022-07-07 16:15:53.7818 Trace 加载文件 ./project_cfg/shared/item/cfg_item.xlsx...
2022-07-07 16:15:53.7818 Trace 加载文件 ./project_cfg/shared/item/cfg_item_character.xlsx...
2022-07-07 16:15:53.7818 Trace 加载文件 ./project_cfg/shared/item/cfg_item_consumables.xlsx...
2022-07-07 16:15:53.7818 Trace 加载文件 ./project_cfg/shared/item/cfg_item_equipment.xlsx...
2022-07-07 16:15:53.7818 Trace 加载文件 ./project_cfg/shared/item/cfg_item_link.xlsx...
2022-07-07 16:15:53.7818 Trace 加载文件 ./project_cfg/shared/item/cfg_item_material.xlsx...
2022-07-07 16:15:53.7818 Trace 加载文件 ./project_cfg/shared/item/cfg_item_role.xlsx...
2022-07-07 16:15:53.7818 Trace 加载文件 ./project_cfg/shared/item/cfg_item_skin.xlsx...
2022-07-07 16:15:53.7818 Trace 加载文件 ./project_cfg/shared/item/cfg_item_weapon.xlsx...
2022-07-07 16:15:53.7818 Trace 加载文件 ./project_cfg/shared/item/cfg_roleasset.xlsx...
2022-07-07 16:15:53.7818 Trace 加载文件 ./project_cfg/shared/mail/cfg_template_mail.xlsx...
2022-07-07 16:15:53.7818 Trace 加载文件 ./project_cfg/shared/mainroom/cfg_main_room.xlsx...
2022-07-07 16:15:53.7818 Trace 加载文件 ./project_cfg/shared/pay/cfg_buy_goods.xlsx...
2022-07-07 16:15:53.7818 Trace 加载文件 ./project_cfg/shared/pay/cfg_subscribe.xlsx...
2022-07-07 16:15:53.7818 Trace 加载文件 ./project_cfg/shared/quest/cfg_quest.xlsx...
2022-07-07 16:15:53.7818 Trace 加载文件 ./project_cfg/shared/rank/cfg_rank.xlsx...
2022-07-07 16:15:53.7818 Trace 加载文件 ./project_cfg/shared/role/cfg_dungeon_role.xlsx...
2022-07-07 16:15:53.7818 Trace 加载文件 ./project_cfg/shared/role/cfg_hero.xlsx...
2022-07-07 16:15:53.7818 Trace 加载文件 ./project_cfg/shared/role/cfg_monster.xlsx...
2022-07-07 16:15:53.7818 Trace 加载文件 ./project_cfg/shared/skill/cfg_passive_skill.xlsx...
2022-07-07 16:15:53.7818 Trace 加载文件 ./project_cfg/shared/skill/cfg_skill.xlsx...
2022-07-07 16:15:53.7818 Trace 加载文件 ./project_cfg/shared/skill/cfg_skill_grade.xlsx...
2022-07-07 16:15:53.7818 Trace 加载文件 ./project_cfg/shared/skill/cfg_skill_logic_instance.xlsx...
2022-07-07 16:15:53.7818 Trace 加载文件 ./project_cfg/shared/story/cfg_story_list.xlsx...
2022-07-07 16:15:53.7818 Trace 加载文件 ./project_cfg/shared/story/cfg_story_section_100101998.xlsx...
2022-07-07 16:15:53.7818 Trace 加载文件 ./project_cfg/shared/summon/cfg_summon.xlsx...
2022-07-07 16:15:53.7818 Trace 加载文件 ./project_cfg/shared/team/cfg_team_squad.xlsx...
2022-07-07 16:15:53.7818 Info 加载86个表格，用时8毫秒
2022-07-07 16:15:53.8018 Trace 加载文件 ./project_cfg/server/role/cfg_role_init_const.xlsx...
2022-07-07 16:15:53.8203 Trace 加载文件 ./project_cfg/server/role/cfg_role_init_const.xlsx 成功
2022-07-07 16:15:53.8203 Info 加载1个表格，用时28毫秒
2022-07-07 16:15:53.8203 Trace 加载文件 ./project_cfg/language/cfg_enum2string.xlsx...
2022-07-07 16:15:53.8310 Trace 加载文件 ./project_cfg/language/cfg_enum2string.xlsx 成功
2022-07-07 16:15:53.8310 Trace 加载文件 ./project_cfg/language/cfg_string_character.xlsx...
2022-07-07 16:15:53.8310 Trace 加载文件 ./project_cfg/language/cfg_string_character.xlsx 成功
2022-07-07 16:15:53.8310 Trace 加载文件 ./project_cfg/language/cfg_string_demo.xlsx...
2022-07-07 16:15:53.8310 Trace 加载文件 ./project_cfg/language/cfg_string_demo.xlsx 成功
2022-07-07 16:15:53.8310 Trace 加载文件 ./project_cfg/language/cfg_string_skill.xlsx...
2022-07-07 16:15:53.8539 Trace 加载文件 ./project_cfg/language/cfg_string_skill.xlsx 成功
2022-07-07 16:15:53.8539 Trace 加载文件 ./project_cfg/language/cfg_string_story_name_desc.xlsx...
2022-07-07 16:15:53.8539 Trace 加载文件 ./project_cfg/language/cfg_string_story_name_desc.xlsx 成功
2022-07-07 16:15:53.8539 Trace 加载文件 ./project_cfg/language/cfg_string_ui_battle.xlsx...
2022-07-07 16:15:53.8761 Trace 加载文件 ./project_cfg/language/cfg_string_ui_battle.xlsx 成功
2022-07-07 16:15:53.8761 Trace 加载文件 ./project_cfg/language/cfg_string_ui_chat.xlsx...
2022-07-07 16:15:53.8761 Trace 加载文件 ./project_cfg/language/cfg_string_ui_chat.xlsx 成功
2022-07-07 16:15:53.8761 Trace 加载文件 ./project_cfg/language/cfg_string_ui_city.xlsx...
2022-07-07 16:15:53.8761 Trace 加载文件 ./project_cfg/language/cfg_string_ui_city.xlsx 成功
2022-07-07 16:15:53.8761 Trace 加载文件 ./project_cfg/language/cfg_string_ui_city_map.xlsx...
2022-07-07 16:15:53.8761 Trace 加载文件 ./project_cfg/language/cfg_string_ui_city_map.xlsx 成功
2022-07-07 16:15:53.8761 Trace 加载文件 ./project_cfg/language/cfg_string_ui_common.xlsx...
2022-07-07 16:15:53.9006 Trace 加载文件 ./project_cfg/language/cfg_string_ui_common.xlsx 成功
2022-07-07 16:15:53.9006 Trace 加载文件 ./project_cfg/language/cfg_string_ui_login.xlsx...
2022-07-07 16:15:53.9118 Trace 加载文件 ./project_cfg/language/cfg_string_ui_login.xlsx 成功
2022-07-07 16:15:53.9118 Trace 加载文件 ./project_cfg/language/cfg_string_ui_main.xlsx...
2022-07-07 16:15:53.9118 Trace 加载文件 ./project_cfg/language/cfg_string_ui_main.xlsx 成功
2022-07-07 16:15:53.9118 Trace 加载文件 ./project_cfg/language/cfg_string_ui_role_show.xlsx...
2022-07-07 16:15:53.9118 Trace 加载文件 ./project_cfg/language/cfg_string_ui_role_show.xlsx 成功
2022-07-07 16:15:53.9118 Trace 加载文件 ./project_cfg/language/cfg_string_ui_story.xlsx...
2022-07-07 16:15:53.9448 Trace 加载文件 ./project_cfg/language/cfg_string_ui_story.xlsx 成功
2022-07-07 16:15:53.9448 Trace 加载文件 ./project_cfg/language/cfg_string_ui_team.xlsx...
2022-07-07 16:15:53.9448 Trace 加载文件 ./project_cfg/language/cfg_string_ui_team.xlsx 成功
2022-07-07 16:15:53.9448 Trace 加载文件 ./project_cfg/language/cfg_string_verify.xlsx...
2022-07-07 16:15:53.9559 Trace 加载文件 ./project_cfg/language/cfg_string_verify.xlsx 成功
2022-07-07 16:15:53.9559 Trace 加载文件 ./project_cfg/language/cfg_str_100101998.xlsx...
2022-07-07 16:15:53.9559 Trace 加载文件 ./project_cfg/language/cfg_str_100101998.xlsx 成功
2022-07-07 16:15:53.9559 Trace 加载文件 ./project_cfg/language/cfg_str_mainstory_1_1_999.xlsx...
2022-07-07 16:15:53.9559 Trace 加载文件 ./project_cfg/language/cfg_str_mainstory_1_1_999.xlsx 成功
2022-07-07 16:15:53.9559 Trace 加载文件 ./project_cfg/language/cfg_str_mainstory_ch999.xlsx...
2022-07-07 16:15:53.9778 Trace 加载文件 ./project_cfg/language/cfg_str_mainstory_ch999.xlsx 成功
2022-07-07 16:15:53.9778 Trace 加载文件 ./project_cfg/language/str_ex.xlsx...
2022-07-07 16:15:53.9778 Trace 加载文件 ./project_cfg/language/str_ex.xlsx 成功
2022-07-07 16:15:53.9778 Info 加载20个表格，用时160毫秒
2022-07-07 16:15:53.9778 Info =============多余文件删除完毕，用时0毫秒===========
2022-07-07 16:15:55.9868 Info =============Excel导出完毕，用时2005毫秒===========
2022-07-07 16:15:56.0008 Info ============= 变动文件数，0个 ===========
2022-07-07 16:15:56.0008 Info =============还原变动文件完毕，用时12毫秒===========
