2022-08-24 18:29:03.6823 Trace LoadConfig config\app.json OK 
2022-08-24 18:29:03.7382 Trace 加载文件 ./project_cfg/client/cfg_camera_slighty_shake.xlsx...
2022-08-24 18:29:03.7532 Trace 加载文件 ./project_cfg/client/cfg_device_safe_area.xlsx...
2022-08-24 18:29:03.7721 Trace 加载文件 ./project_cfg/client/cfg_gyroscope.xlsx...
2022-08-24 18:29:03.7960 Trace 加载文件 ./project_cfg/client/cfg_lod.xlsx...
2022-08-24 18:29:03.8180 Trace 加载文件 ./project_cfg/client/cfg_mainui.xlsx...
2022-08-24 18:29:03.8309 Trace 加载文件 ./project_cfg/client/cfg_mainui_roles.xlsx...
2022-08-24 18:29:03.8449 Trace 加载文件 ./project_cfg/client/role.xlsx...
2022-08-24 18:29:03.8569 Trace 加载文件 ./project_cfg/client/achieve/cfg_achieve_group.xlsx...
2022-08-24 18:29:03.9038 Trace 加载文件 ./project_cfg/client/battle/cfg_battle_camera.xlsx...
2022-08-24 18:29:04.3376 Trace 加载文件 ./project_cfg/client/battle/cfg_battle_camera.xlsx 成功
2022-08-24 18:29:04.3376 Trace 加载文件 ./project_cfg/client/battle/cfg_battle_damage_scale.xlsx...
2022-08-24 18:29:04.3466 Trace 加载文件 ./project_cfg/client/battle/cfg_battle_skill_monsters.xlsx...
2022-08-24 18:29:04.3466 Trace 加载文件 ./project_cfg/client/battle/cfg_battle_skill_monsters.xlsx 成功
2022-08-24 18:29:04.3466 Trace 加载文件 ./project_cfg/client/battle/cfg_battle_view_const.xlsx...
2022-08-24 18:29:04.3904 Trace 加载文件 ./project_cfg/client/battle/cfg_battle_view_const.xlsx 成功
2022-08-24 18:29:04.3904 Trace 加载文件 ./project_cfg/client/battle/cfg_battle_wave_move_camera.xlsx...
2022-08-24 18:29:04.4354 Trace 加载文件 ./project_cfg/client/buff/cfg_buff_effect.xlsx...
2022-08-24 18:29:04.4513 Trace 加载文件 ./project_cfg/client/buff/cfg_buff_effect.xlsx 成功
2022-08-24 18:29:04.4513 Trace 加载文件 ./project_cfg/client/buff/cfg_buff_tips.xlsx...
2022-08-24 18:29:04.4653 Trace 加载文件 ./project_cfg/client/buff/cfg_buff_tips.xlsx 成功
2022-08-24 18:29:04.4653 Trace 加载文件 ./project_cfg/client/character/cfg_character_common.xlsx...
2022-08-24 18:29:04.4653 Trace 加载文件 ./project_cfg/client/dungeon/cfg_battle_reward.xlsx...
2022-08-24 18:29:04.4653 Trace 加载文件 ./project_cfg/client/dungeon/cfg_citymap.xlsx...
2022-08-24 18:29:04.5002 Trace 加载文件 ./project_cfg/client/dungeon/cfg_citymap.xlsx 成功
2022-08-24 18:29:04.5002 Trace 加载文件 ./project_cfg/client/dungeon/cfg_dungeon.xlsx...
2022-08-24 18:29:04.5002 Trace 加载文件 ./project_cfg/client/dungeon/cfg_dungeon_free_camera.xlsx...
2022-08-24 18:29:04.5361 Trace 加载文件 ./project_cfg/client/dungeon/cfg_dungeon_free_camera.xlsx 成功
2022-08-24 18:29:04.5361 Trace 加载文件 ./project_cfg/client/dungeon/cfg_dungeon_input_const.xlsx...
2022-08-24 18:29:04.5610 Trace 加载文件 ./project_cfg/client/dungeon/cfg_dungeon_map_element.xlsx...
2022-08-24 18:29:04.5919 Trace 加载文件 ./project_cfg/client/dungeon/cfg_dungeon_map_element.xlsx 成功
2022-08-24 18:29:04.5919 Trace 加载文件 ./project_cfg/client/dungeon/cfg_dungeon_perception_const.xlsx...
2022-08-24 18:29:04.6198 Trace 加载文件 ./project_cfg/client/dungeon/cfg_dungeon_perception_const.xlsx 成功
2022-08-24 18:29:04.6198 Trace 加载文件 ./project_cfg/client/dungeon/cfg_enter_battle_const.xlsx...
2022-08-24 18:29:04.6308 Trace 加载文件 ./project_cfg/client/dungeon/cfg_enter_battle_const.xlsx 成功
2022-08-24 18:29:04.6308 Trace 加载文件 ./project_cfg/client/dungeon/cfg_exit_battle_const.xlsx...
2022-08-24 18:29:04.6468 Trace 加载文件 ./project_cfg/client/dungeon/cfg_exit_battle_const.xlsx 成功
2022-08-24 18:29:04.6468 Trace 加载文件 ./project_cfg/client/dungeon/cfg_sound_const.xlsx...
2022-08-24 18:29:04.6628 Trace 加载文件 ./project_cfg/client/dungeon/100050/cfg_dungeon_event_view_100050.xlsx...
2022-08-24 18:29:04.6767 Trace 加载文件 ./project_cfg/client/dungeon/100050/cfg_dungeon_minimap_100050.xlsx...
2022-08-24 18:29:04.6897 Trace 加载文件 ./project_cfg/client/dungeon/100052/cfg_association_pursue_100052.xlsx...
2022-08-24 18:29:04.6996 Trace 加载文件 ./project_cfg/client/dungeon/100052/cfg_dungeon_event_view_100052.xlsx...
2022-08-24 18:29:04.7246 Trace 加载文件 ./project_cfg/client/dungeon/100052/cfg_dungeon_minimap_100052.xlsx...
2022-08-24 18:29:04.7365 Trace 加载文件 ./project_cfg/client/dungeon/100062/cfg_association_pursue_100062.xlsx...
2022-08-24 18:29:04.7365 Trace 加载文件 ./project_cfg/client/dungeon/100062/cfg_dungeon_event_view_100062.xlsx...
2022-08-24 18:29:04.7635 Trace 加载文件 ./project_cfg/client/dungeon/100062/cfg_dungeon_minimap_100062.xlsx...
2022-08-24 18:29:04.7864 Trace 加载文件 ./project_cfg/client/dungeon/1001/cfg_association_pursue_1001.xlsx...
2022-08-24 18:29:04.8004 Trace 加载文件 ./project_cfg/client/dungeon/1001/cfg_dungeon_event_view_1001.xlsx...
2022-08-24 18:29:04.8004 Trace 加载文件 ./project_cfg/client/dungeon/1001/cfg_dungeon_minimap_1001.xlsx...
2022-08-24 18:29:04.8133 Trace 加载文件 ./project_cfg/client/dungeon/1001/cfg_dungeon_scenario_1001.xlsx...
2022-08-24 18:29:04.8133 Trace 加载文件 ./project_cfg/client/dungeon/100142/cfg_association_pursue_100142.xlsx...
2022-08-24 18:29:04.8343 Trace 加载文件 ./project_cfg/client/dungeon/100142/cfg_association_pursue_100142.xlsx 成功
2022-08-24 18:29:04.8343 Trace 加载文件 ./project_cfg/client/dungeon/100142/cfg_dungeon_event_view_100142.xlsx...
2022-08-24 18:29:04.8542 Trace 加载文件 ./project_cfg/client/dungeon/100142/cfg_dungeon_event_view_100142.xlsx 成功
2022-08-24 18:29:04.8542 Trace 加载文件 ./project_cfg/client/dungeon/100142/cfg_dungeon_minimap_100142.xlsx...
2022-08-24 18:29:04.8612 Trace 加载文件 ./project_cfg/client/dungeon/100142/cfg_dungeon_minimap_100142.xlsx 成功
2022-08-24 18:29:04.8612 Trace 加载文件 ./project_cfg/client/dungeon/1010201/cfg_association_pursue_1010201.xlsx...
2022-08-24 18:29:04.8771 Trace 加载文件 ./project_cfg/client/dungeon/1010201/cfg_dungeon_event_view_1010201.xlsx...
2022-08-24 18:29:04.9031 Trace 加载文件 ./project_cfg/client/dungeon/1010201/cfg_dungeon_minimap_1010201.xlsx...
2022-08-24 18:29:04.9031 Trace 加载文件 ./project_cfg/client/dungeon/10142/cfg_association_pursue_10142.xlsx...
2022-08-24 18:29:04.9031 Trace 加载文件 ./project_cfg/client/dungeon/10142/cfg_association_pursue_10142.xlsx 成功
2022-08-24 18:29:04.9031 Trace 加载文件 ./project_cfg/client/dungeon/10142/cfg_dungeon_event_view_10142.xlsx...
2022-08-24 18:29:04.9360 Trace 加载文件 ./project_cfg/client/dungeon/10142/cfg_dungeon_event_view_10142.xlsx 成功
2022-08-24 18:29:04.9360 Trace 加载文件 ./project_cfg/client/dungeon/10142/cfg_dungeon_minimap_10142.xlsx...
2022-08-24 18:29:04.9360 Trace 加载文件 ./project_cfg/client/dungeon/10142/cfg_dungeon_minimap_10142.xlsx 成功
2022-08-24 18:29:04.9360 Trace 加载文件 ./project_cfg/client/dungeon/200011/cfg_dungeon_event_view_200011.xlsx...
2022-08-24 18:29:04.9599 Trace 加载文件 ./project_cfg/client/dungeon/200011/cfg_dungeon_event_view_200011.xlsx 成功
2022-08-24 18:29:04.9599 Trace 加载文件 ./project_cfg/client/dungeon/200011/cfg_dungeon_minimap_200011.xlsx...
2022-08-24 18:29:04.9819 Trace 加载文件 ./project_cfg/client/dungeon/2100000/cfg_association_pursue_2100000.xlsx...
2022-08-24 18:29:04.9819 Trace 加载文件 ./project_cfg/client/dungeon/2100000/cfg_association_pursue_2100000.xlsx 成功
2022-08-24 18:29:04.9819 Trace 加载文件 ./project_cfg/client/dungeon/2100000/cfg_dungeon_event_view_2100000.xlsx...
2022-08-24 18:29:05.0128 Trace 加载文件 ./project_cfg/client/dungeon/2100000/cfg_dungeon_event_view_2100000.xlsx 成功
2022-08-24 18:29:05.0128 Trace 加载文件 ./project_cfg/client/dungeon/2100000/cfg_dungeon_minimap_2100000.xlsx...
2022-08-24 18:29:05.0407 Trace 加载文件 ./project_cfg/client/dungeon/2100000/cfg_dungeon_minimap_2100000.xlsx 成功
2022-08-24 18:29:05.0407 Trace 加载文件 ./project_cfg/client/dungeon/2100000/cfg_dungeon_scenario_2100000.xlsx...
2022-08-24 18:29:05.0547 Trace 加载文件 ./project_cfg/client/dungeon/2100000/cfg_dungeon_scenario_2100000.xlsx 成功
2022-08-24 18:29:05.0547 Trace 加载文件 ./project_cfg/client/dungeon/2100000/cfg_interact_view_2100000.xlsx...
2022-08-24 18:29:05.0806 Trace 加载文件 ./project_cfg/client/dungeon/2100000/cfg_interact_view_2100000.xlsx 成功
2022-08-24 18:29:05.0806 Trace 加载文件 ./project_cfg/client/dungeon/2100010/cfg_association_pursue_2100010.xlsx...
2022-08-24 18:29:05.1016 Trace 加载文件 ./project_cfg/client/dungeon/2100010/cfg_dungeon_event_view_2100010.xlsx...
2022-08-24 18:29:05.1145 Trace 加载文件 ./project_cfg/client/dungeon/2100010/cfg_dungeon_minimap_2100010.xlsx...
2022-08-24 18:29:05.1305 Trace 加载文件 ./project_cfg/client/dungeon/2100020/cfg_association_pursue_2100020.xlsx...
2022-08-24 18:29:05.1394 Trace 加载文件 ./project_cfg/client/dungeon/2100020/cfg_dungeon_event_view_2100020.xlsx...
2022-08-24 18:29:05.1394 Trace 加载文件 ./project_cfg/client/dungeon/2100020/cfg_dungeon_minimap_2100020.xlsx...
2022-08-24 18:29:05.1614 Trace 加载文件 ./project_cfg/client/effect/cfg_effect_scale_pass.xlsx...
2022-08-24 18:29:05.1793 Trace 加载文件 ./project_cfg/client/guide/cfg_guide.xlsx...
2022-08-24 18:29:05.1884 Trace 加载文件 ./project_cfg/client/input/cfg_input_key.xlsx...
2022-08-24 18:29:05.1884 Trace 加载文件 ./project_cfg/client/role/cfg_role_attribute.xlsx...
2022-08-24 18:29:05.2113 Trace 加载文件 ./project_cfg/client/scenario/cfg_scenario_actor.xlsx...
2022-08-24 18:29:05.2182 Trace 加载文件 ./project_cfg/client/scenario/cfg_scenario_chapter.xlsx...
2022-08-24 18:29:05.2182 Trace 加载文件 ./project_cfg/client/scenario/section/101/cfg_scenario_section_101.xlsx...
2022-08-24 18:29:05.2382 Trace 加载文件 ./project_cfg/client/scenario/section/101/node/cfg_scenario_node_101001.xlsx...
2022-08-24 18:29:05.2631 Trace 加载文件 ./project_cfg/client/scenario/section/102/cfg_scenario_section_102.xlsx...
2022-08-24 18:29:05.2950 Trace 加载文件 ./project_cfg/client/scenario/section/102/node/cfg_scenario_node_102001.xlsx...
2022-08-24 18:29:05.3190 Trace 加载文件 ./project_cfg/client/scenario/section/102/node/cfg_scenario_node_102002.xlsx...
2022-08-24 18:29:05.3260 Trace 加载文件 ./project_cfg/client/scenario/section/102/node/cfg_scenario_node_102003.xlsx...
2022-08-24 18:29:05.3529 Trace 加载文件 ./project_cfg/client/scenario/section/102/node/cfg_scenario_node_102004.xlsx...
2022-08-24 18:29:05.3759 Trace 加载文件 ./project_cfg/client/scenario/section/102/node/cfg_scenario_node_102005.xlsx...
2022-08-24 18:29:05.3759 Trace 加载文件 ./project_cfg/client/scenario/section/102/node/cfg_scenario_node_102006.xlsx...
2022-08-24 18:29:05.3948 Trace 加载文件 ./project_cfg/client/scenario/section/103/cfg_scenario_section_103.xlsx...
2022-08-24 18:29:05.4107 Trace 加载文件 ./project_cfg/client/scenario/section/103/node/cfg_scenario_node_103001.xlsx...
2022-08-24 18:29:05.4197 Trace 加载文件 ./project_cfg/client/scenario/section/104/cfg_scenario_section_104.xlsx...
2022-08-24 18:29:05.4197 Trace 加载文件 ./project_cfg/client/scenario/section/104/node/cfg_scenario_node_104001.xlsx...
2022-08-24 18:29:05.4406 Trace 加载文件 ./project_cfg/client/skill/cfg_skill_field.xlsx...
2022-08-24 18:29:05.4506 Trace 加载文件 ./project_cfg/client/skill/cfg_skill_info.xlsx...
2022-08-24 18:29:05.4506 Trace 加载文件 ./project_cfg/client/skill/cfg_skill_info.xlsx 成功
2022-08-24 18:29:05.4506 Trace 加载文件 ./project_cfg/client/story/cfg_story_actor.xlsx...
2022-08-24 18:29:05.4506 Trace 加载文件 ./project_cfg/client/story/cfg_story_body_head.xlsx...
2022-08-24 18:29:05.4746 Trace 加载文件 ./project_cfg/client/story/cfg_story_body_head.xlsx 成功
2022-08-24 18:29:05.4746 Trace 加载文件 ./project_cfg/client/story/cfg_story_common.xlsx...
2022-08-24 18:29:05.4746 Trace 加载文件 ./project_cfg/client/story/cfg_story_common.xlsx 成功
2022-08-24 18:29:05.4746 Trace 加载文件 ./project_cfg/client/story/cfg_story_test_entry.xlsx...
2022-08-24 18:29:05.4746 Trace 加载文件 ./project_cfg/client/story/cfg_story_test_entry.xlsx 成功
2022-08-24 18:29:05.4746 Trace 加载文件 ./project_cfg/client/story/100101012/cfg_story_node_100101012_1.xlsx...
2022-08-24 18:29:05.5075 Trace 加载文件 ./project_cfg/client/story/100101123/cfg_story_node_100101123_1.xlsx...
2022-08-24 18:29:05.5234 Trace 加载文件 ./project_cfg/client/story/100101123/cfg_story_node_100101123_1.xlsx 成功
2022-08-24 18:29:05.5234 Trace 加载文件 ./project_cfg/client/story/100101123/cfg_story_node_100101123_2.xlsx...
2022-08-24 18:29:05.5444 Trace 加载文件 ./project_cfg/client/story/100101123/cfg_story_node_100101123_2.xlsx 成功
2022-08-24 18:29:05.5444 Trace 加载文件 ./project_cfg/client/story/100101998/cfg_story_node_100101998_1.xlsx...
2022-08-24 18:29:05.5703 Trace 加载文件 ./project_cfg/client/story/100101998/cfg_story_node_100101998_1.xlsx 成功
2022-08-24 18:29:05.5703 Trace 加载文件 ./project_cfg/client/story/100101998/cfg_story_node_100101998_2.xlsx...
2022-08-24 18:29:05.5833 Trace 加载文件 ./project_cfg/client/story/100102004/cfg_story_node_100102004_1.xlsx...
2022-08-24 18:29:05.6092 Trace 加载文件 ./project_cfg/client/story/1123111001/cfg_story_node_1123111001_1.xlsx...
2022-08-24 18:29:05.6282 Trace 加载文件 ./project_cfg/client/story/1123111001/cfg_story_node_1123111001_1.xlsx 成功
2022-08-24 18:29:05.6282 Trace 加载文件 ./project_cfg/client/story/Main/cfg_story_chapter_main.xlsx...
2022-08-24 18:29:05.6282 Trace 加载文件 ./project_cfg/client/story/Main/cfg_story_section_main_fast.xlsx...
2022-08-24 18:29:05.6501 Trace 加载文件 ./project_cfg/client/story/Main/Main001/cfg_story_node_main_fast_001_001.xlsx...
2022-08-24 18:29:05.6641 Trace 加载文件 ./project_cfg/client/story/Main/Main001/cfg_story_node_main_fast_001_002.xlsx...
2022-08-24 18:29:05.6890 Trace 加载文件 ./project_cfg/client/story/Main/Main002/cfg_story_node_main_fast_002_001.xlsx...
2022-08-24 18:29:05.6890 Trace 加载文件 ./project_cfg/client/story/Main/Main002/cfg_story_node_main_fast_002_002.xlsx...
2022-08-24 18:29:05.7189 Trace 加载文件 ./project_cfg/client/story/Main/main999/cfg_story_node_main_fast_999_101.xlsx...
2022-08-24 18:29:05.7329 Trace 加载文件 ./project_cfg/client/story/Main/main999/cfg_story_node_main_fast_999_334.xlsx...
2022-08-24 18:29:05.7329 Trace 加载文件 ./project_cfg/client/story/Main/main999/cfg_story_node_main_fast_999_555.xlsx...
2022-08-24 18:29:05.7548 Trace 加载文件 ./project_cfg/client/story/Main/main999/cfg_story_node_main_fast_999_560.xlsx...
2022-08-24 18:29:05.7668 Trace 加载文件 ./project_cfg/client/story/Main/main999/cfg_story_node_main_fast_999_997.xlsx...
2022-08-24 18:29:05.7937 Trace 加载文件 ./project_cfg/client/story/Main/main999/cfg_story_node_main_fast_999_999.xlsx...
2022-08-24 18:29:05.7937 Trace 加载文件 ./project_cfg/client/story/MainStory_1_1_999/cfg_story_node_MainStory_1_1_999_1.xlsx...
2022-08-24 18:29:05.8156 Trace 加载文件 ./project_cfg/client/story/MainStory_1_1_999/cfg_story_node_MainStory_1_1_999_6.xlsx...
2022-08-24 18:29:05.8356 Trace 加载文件 ./project_cfg/client/story/Side/cfg_story_chapter_side.xlsx...
2022-08-24 18:29:05.8506 Trace 加载文件 ./project_cfg/client/story/Side/cfg_story_section_side_fast.xlsx...
2022-08-24 18:29:05.8705 Trace 加载文件 ./project_cfg/client/story/Side/Side001/cfg_story_node_side_fast_001_001.xlsx...
2022-08-24 18:29:05.8835 Trace 加载文件 ./project_cfg/client/story/Side/Side001/cfg_story_node_side_fast_001_002.xlsx...
2022-08-24 18:29:05.9094 Trace 加载文件 ./project_cfg/client/story/Side/Side002/cfg_story_node_side_fast_002_001.xlsx...
2022-08-24 18:29:05.9273 Trace 加载文件 ./project_cfg/client/story/Side/Side002/cfg_story_node_side_fast_002_002.xlsx...
2022-08-24 18:29:05.9393 Info 加载112个表格，用时2201毫秒
2022-08-24 18:29:05.9393 Trace 加载文件 ./project_cfg/shared/cfg_game_const.xlsx...
2022-08-24 18:29:05.9503 Trace 加载文件 ./project_cfg/shared/cfg_game_const.xlsx 成功
2022-08-24 18:29:05.9503 Trace 加载文件 ./project_cfg/shared/achieve/cfg_achieve.xlsx...
2022-08-24 18:29:05.9772 Trace 加载文件 ./project_cfg/shared/ai/cfg_ai.xlsx...
2022-08-24 18:29:05.9902 Trace 加载文件 ./project_cfg/shared/ai/cfg_ai.xlsx 成功
2022-08-24 18:29:05.9902 Trace 加载文件 ./project_cfg/shared/ai/cfg_ai_bhv_instance.xlsx...
2022-08-24 18:29:06.0021 Trace 加载文件 ./project_cfg/shared/ai/cfg_ai_bhv_instance.xlsx 成功
2022-08-24 18:29:06.0021 Trace 加载文件 ./project_cfg/shared/ai/cfg_ai_bhv_list.xlsx...
2022-08-24 18:29:06.0361 Trace 加载文件 ./project_cfg/shared/ai/cfg_ai_bhv_list.xlsx 成功
2022-08-24 18:29:06.0361 Trace 加载文件 ./project_cfg/shared/ai/cfg_ai_condition_trigger.xlsx...
2022-08-24 18:29:06.0500 Trace 加载文件 ./project_cfg/shared/ai/cfg_ai_condition_trigger.xlsx 成功
2022-08-24 18:29:06.0600 Trace 加载文件 ./project_cfg/shared/battle/cfg_battle_logic_const.xlsx...
2022-08-24 18:29:06.0879 Trace 加载文件 ./project_cfg/shared/battle/cfg_battle_logic_const.xlsx 成功
2022-08-24 18:29:06.0879 Trace 加载文件 ./project_cfg/shared/battle/cfg_battle_skill_back_logic_instance.xlsx...
2022-08-24 18:29:06.1138 Trace 加载文件 ./project_cfg/shared/battle/cfg_hit_logic_type.xlsx...
2022-08-24 18:29:06.1228 Trace 加载文件 ./project_cfg/shared/battle/100050/cfg_battle_level_100050.xlsx...
2022-08-24 18:29:06.1228 Trace 加载文件 ./project_cfg/shared/battle/100050/cfg_battle_wave_100050.xlsx...
2022-08-24 18:29:06.1538 Trace 加载文件 ./project_cfg/shared/battle/1001/cfg_battle_level_1001.xlsx...
2022-08-24 18:29:06.1707 Trace 加载文件 ./project_cfg/shared/battle/1001/cfg_battle_wave_1001.xlsx...
2022-08-24 18:29:06.1936 Trace 加载文件 ./project_cfg/shared/battle/100142/cfg_battle_level_100142.xlsx...
2022-08-24 18:29:06.1936 Trace 加载文件 ./project_cfg/shared/battle/100142/cfg_battle_level_100142.xlsx 成功
2022-08-24 18:29:06.1936 Trace 加载文件 ./project_cfg/shared/battle/100142/cfg_battle_wave_100142.xlsx...
2022-08-24 18:29:06.1936 Trace 加载文件 ./project_cfg/shared/battle/100142/cfg_battle_wave_100142.xlsx 成功
2022-08-24 18:29:06.2156 Trace 加载文件 ./project_cfg/shared/battle/101/cfg_battle_level_101.xlsx...
2022-08-24 18:29:06.2156 Trace 加载文件 ./project_cfg/shared/battle/101/cfg_battle_level_101.xlsx 成功
2022-08-24 18:29:06.2156 Trace 加载文件 ./project_cfg/shared/battle/101/cfg_battle_wave_101.xlsx...
2022-08-24 18:29:06.2415 Trace 加载文件 ./project_cfg/shared/battle/101/cfg_battle_wave_101.xlsx 成功
2022-08-24 18:29:06.2505 Trace 加载文件 ./project_cfg/shared/battle/1010201/cfg_battle_level_1010201.xlsx...
2022-08-24 18:29:06.2704 Trace 加载文件 ./project_cfg/shared/battle/1010201/cfg_battle_wave_1010201.xlsx...
2022-08-24 18:29:06.3083 Trace 加载文件 ./project_cfg/shared/battle/102/cfg_battle_level_102.xlsx...
2022-08-24 18:29:06.3183 Trace 加载文件 ./project_cfg/shared/battle/102/cfg_battle_level_102.xlsx 成功
2022-08-24 18:29:06.3183 Trace 加载文件 ./project_cfg/shared/battle/102/cfg_battle_wave_102.xlsx...
2022-08-24 18:29:06.3183 Trace 加载文件 ./project_cfg/shared/battle/102/cfg_battle_wave_102.xlsx 成功
2022-08-24 18:29:06.3323 Trace 加载文件 ./project_cfg/shared/battle/2100000/cfg_battle_level_2100000.xlsx...
2022-08-24 18:29:06.3323 Trace 加载文件 ./project_cfg/shared/battle/2100000/cfg_battle_level_2100000.xlsx 成功
2022-08-24 18:29:06.3323 Trace 加载文件 ./project_cfg/shared/battle/2100000/cfg_battle_wave_2100000.xlsx...
2022-08-24 18:29:06.3522 Trace 加载文件 ./project_cfg/shared/battle/2100000/cfg_battle_wave_2100000.xlsx 成功
2022-08-24 18:29:06.3582 Trace 加载文件 ./project_cfg/shared/battle/2100010/cfg_battle_level_2100010.xlsx...
2022-08-24 18:29:06.3761 Trace 加载文件 ./project_cfg/shared/battle/2100010/cfg_battle_wave_2100010.xlsx...
2022-08-24 18:29:06.3761 Trace 加载文件 ./project_cfg/shared/buff/cfg_buff.xlsx...
2022-08-24 18:29:06.3951 Trace 加载文件 ./project_cfg/shared/buff/cfg_buff.xlsx 成功
2022-08-24 18:29:06.3951 Trace 加载文件 ./project_cfg/shared/buff/cfg_buff_logic.xlsx...
2022-08-24 18:29:06.4919 Trace 加载文件 ./project_cfg/shared/buff/cfg_buff_logic.xlsx 成功
2022-08-24 18:29:06.4919 Trace 加载文件 ./project_cfg/shared/condition/cfg_battle_condition_instance.xlsx...
2022-08-24 18:29:06.4919 Trace 加载文件 ./project_cfg/shared/condition/cfg_battle_condition_instance.xlsx 成功
2022-08-24 18:29:06.5098 Trace 加载文件 ./project_cfg/shared/dungeon/cfg_day_night_change.xlsx...
2022-08-24 18:29:06.5337 Trace 加载文件 ./project_cfg/shared/dungeon/cfg_dungeon_common_reward.xlsx...
2022-08-24 18:29:06.5337 Trace 加载文件 ./project_cfg/shared/dungeon/cfg_dungeon_const.xlsx...
2022-08-24 18:29:06.5337 Trace 加载文件 ./project_cfg/shared/dungeon/cfg_dungeon_const.xlsx 成功
2022-08-24 18:29:06.5337 Trace 加载文件 ./project_cfg/shared/dungeon/cfg_initiative_attack.xlsx...
2022-08-24 18:29:06.5507 Trace 加载文件 ./project_cfg/shared/dungeon/cfg_main_dungeon.xlsx...
2022-08-24 18:29:06.5856 Trace 加载文件 ./project_cfg/shared/dungeon/cfg_main_dungeon.xlsx 成功
2022-08-24 18:29:06.5856 Trace 加载文件 ./project_cfg/shared/dungeon/cfg_throw_ball.xlsx...
2022-08-24 18:29:06.5856 Trace 加载文件 ./project_cfg/shared/dungeon/cfg_warning.xlsx...
2022-08-24 18:29:06.5946 Trace 加载文件 ./project_cfg/shared/dungeon/cfg_warning.xlsx 成功
2022-08-24 18:29:06.6065 Trace 加载文件 ./project_cfg/shared/dungeon/100050/cfg_dungeon_condition_100050.xlsx...
2022-08-24 18:29:06.6265 Trace 加载文件 ./project_cfg/shared/dungeon/100050/cfg_dungeon_event_100050.xlsx...
2022-08-24 18:29:06.6384 Trace 加载文件 ./project_cfg/shared/dungeon/100052/cfg_dungeon_condition_100052.xlsx...
2022-08-24 18:29:06.6384 Trace 加载文件 ./project_cfg/shared/dungeon/100052/cfg_dungeon_element_100052.xlsx...
2022-08-24 18:29:06.6384 Trace 加载文件 ./project_cfg/shared/dungeon/100052/cfg_dungeon_event_100052.xlsx...
2022-08-24 18:29:06.6684 Trace 加载文件 ./project_cfg/shared/dungeon/100062/cfg_dungeon_condition_100062.xlsx...
2022-08-24 18:29:06.6923 Trace 加载文件 ./project_cfg/shared/dungeon/100062/cfg_dungeon_element_100062.xlsx...
2022-08-24 18:29:06.6923 Trace 加载文件 ./project_cfg/shared/dungeon/100062/cfg_dungeon_event_100062.xlsx...
2022-08-24 18:29:06.6923 Trace 加载文件 ./project_cfg/shared/dungeon/100062/cfg_dungeon_reward_100062.xlsx...
2022-08-24 18:29:06.7183 Trace 加载文件 ./project_cfg/shared/dungeon/1001/cfg_dungeon_condition_1001.xlsx...
2022-08-24 18:29:06.7183 Trace 加载文件 ./project_cfg/shared/dungeon/1001/cfg_dungeon_event_1001.xlsx...
2022-08-24 18:29:06.7183 Trace 加载文件 ./project_cfg/shared/dungeon/1001/cfg_dungeon_reward_1001.xlsx...
2022-08-24 18:29:06.7491 Trace 加载文件 ./project_cfg/shared/dungeon/100142/cfg_dungeon_condition_100142.xlsx...
2022-08-24 18:29:06.7491 Trace 加载文件 ./project_cfg/shared/dungeon/100142/cfg_dungeon_condition_100142.xlsx 成功
2022-08-24 18:29:06.7491 Trace 加载文件 ./project_cfg/shared/dungeon/100142/cfg_dungeon_element_100142.xlsx...
2022-08-24 18:29:06.7621 Trace 加载文件 ./project_cfg/shared/dungeon/100142/cfg_dungeon_element_100142.xlsx 成功
2022-08-24 18:29:06.7621 Trace 加载文件 ./project_cfg/shared/dungeon/100142/cfg_dungeon_event_100142.xlsx...
2022-08-24 18:29:06.7841 Trace 加载文件 ./project_cfg/shared/dungeon/100142/cfg_dungeon_event_100142.xlsx 成功
2022-08-24 18:29:06.7841 Trace 加载文件 ./project_cfg/shared/dungeon/1010201/cfg_dungeon_condition_1010201.xlsx...
2022-08-24 18:29:06.7841 Trace 加载文件 ./project_cfg/shared/dungeon/1010201/cfg_dungeon_element_1010201.xlsx...
2022-08-24 18:29:06.8040 Trace 加载文件 ./project_cfg/shared/dungeon/1010201/cfg_dungeon_event_1010201.xlsx...
2022-08-24 18:29:06.8389 Trace 加载文件 ./project_cfg/shared/dungeon/10142/cfg_dungeon_condition_10142.xlsx...
2022-08-24 18:29:06.8529 Trace 加载文件 ./project_cfg/shared/dungeon/10142/cfg_dungeon_condition_10142.xlsx 成功
2022-08-24 18:29:06.8529 Trace 加载文件 ./project_cfg/shared/dungeon/10142/cfg_dungeon_element_10142.xlsx...
2022-08-24 18:29:06.8559 Trace 加载文件 ./project_cfg/shared/dungeon/10142/cfg_dungeon_element_10142.xlsx 成功
2022-08-24 18:29:06.8559 Trace 加载文件 ./project_cfg/shared/dungeon/10142/cfg_dungeon_event_10142.xlsx...
2022-08-24 18:29:06.8838 Trace 加载文件 ./project_cfg/shared/dungeon/10142/cfg_dungeon_event_10142.xlsx 成功
2022-08-24 18:29:06.8928 Trace 加载文件 ./project_cfg/shared/dungeon/200011/cfg_dungeon_condition_200011.xlsx...
2022-08-24 18:29:06.8928 Trace 加载文件 ./project_cfg/shared/dungeon/200011/cfg_dungeon_element_200011.xlsx...
2022-08-24 18:29:06.9057 Trace 加载文件 ./project_cfg/shared/dungeon/200011/cfg_dungeon_event_200011.xlsx...
2022-08-24 18:29:06.9207 Trace 加载文件 ./project_cfg/shared/dungeon/200011/cfg_dungeon_event_200011.xlsx 成功
2022-08-24 18:29:06.9207 Trace 加载文件 ./project_cfg/shared/dungeon/200011/cfg_dungeon_reward_200011.xlsx...
2022-08-24 18:29:06.9845 Trace 加载文件 ./project_cfg/shared/dungeon/2100000/cfg_affect_battle_behavior_2100000.xlsx...
2022-08-24 18:29:07.0214 Trace 加载文件 ./project_cfg/shared/dungeon/2100000/cfg_affect_battle_behavior_2100000.xlsx 成功
2022-08-24 18:29:07.0214 Trace 加载文件 ./project_cfg/shared/dungeon/2100000/cfg_dungeon_condition_2100000.xlsx...
2022-08-24 18:29:07.0464 Trace 加载文件 ./project_cfg/shared/dungeon/2100000/cfg_dungeon_condition_2100000.xlsx 成功
2022-08-24 18:29:07.0464 Trace 加载文件 ./project_cfg/shared/dungeon/2100000/cfg_dungeon_element_2100000.xlsx...
2022-08-24 18:29:07.0464 Trace 加载文件 ./project_cfg/shared/dungeon/2100000/cfg_dungeon_event_2100000.xlsx...
2022-08-24 18:29:07.0653 Trace 加载文件 ./project_cfg/shared/dungeon/2100000/cfg_dungeon_event_2100000.xlsx 成功
2022-08-24 18:29:07.0653 Trace 加载文件 ./project_cfg/shared/dungeon/2100000/cfg_dungeon_reward_2100000.xlsx...
2022-08-24 18:29:07.0852 Trace 加载文件 ./project_cfg/shared/dungeon/2100000/cfg_dungeon_reward_2100000.xlsx 成功
2022-08-24 18:29:07.0852 Trace 加载文件 ./project_cfg/shared/dungeon/2100000/cfg_dungeon_task_2100000.xlsx...
2022-08-24 18:29:07.1132 Trace 加载文件 ./project_cfg/shared/dungeon/2100000/cfg_dungeon_task_2100000.xlsx 成功
2022-08-24 18:29:07.1132 Trace 加载文件 ./project_cfg/shared/dungeon/2100000/cfg_interact_2100000.xlsx...
2022-08-24 18:29:07.1281 Trace 加载文件 ./project_cfg/shared/dungeon/2100000/cfg_interact_2100000.xlsx 成功
2022-08-24 18:29:07.1281 Trace 加载文件 ./project_cfg/shared/dungeon/2100000/cfg_interact_behavior_2100000.xlsx...
2022-08-24 18:29:07.1281 Trace 加载文件 ./project_cfg/shared/dungeon/2100000/cfg_interact_behavior_2100000.xlsx 成功
2022-08-24 18:29:07.1481 Trace 加载文件 ./project_cfg/shared/dungeon/2100010/cfg_dungeon_condition_2100010.xlsx...
2022-08-24 18:29:07.1571 Trace 加载文件 ./project_cfg/shared/dungeon/2100010/cfg_dungeon_element_2100010.xlsx...
2022-08-24 18:29:07.1571 Trace 加载文件 ./project_cfg/shared/dungeon/2100010/cfg_dungeon_event_2100010.xlsx...
2022-08-24 18:29:07.1571 Trace 加载文件 ./project_cfg/shared/dungeon/2100010/cfg_dungeon_reward_2100010.xlsx...
2022-08-24 18:29:07.1840 Trace 加载文件 ./project_cfg/shared/dungeon/2100020/cfg_battle_level_2100020.xlsx...
2022-08-24 18:29:07.1840 Trace 加载文件 ./project_cfg/shared/dungeon/2100020/cfg_battle_wave_2100020.xlsx...
2022-08-24 18:29:07.1840 Trace 加载文件 ./project_cfg/shared/dungeon/2100020/cfg_dungeon_condition_2100020.xlsx...
2022-08-24 18:29:07.2029 Trace 加载文件 ./project_cfg/shared/dungeon/2100020/cfg_dungeon_event_2100020.xlsx...
2022-08-24 18:29:07.2029 Trace 加载文件 ./project_cfg/shared/element/cfg_element.xlsx...
2022-08-24 18:29:07.2209 Trace 加载文件 ./project_cfg/shared/element/cfg_element.xlsx 成功
2022-08-24 18:29:07.2209 Trace 加载文件 ./project_cfg/shared/element/cfg_element_link.xlsx...
2022-08-24 18:29:07.2209 Trace 加载文件 ./project_cfg/shared/element/cfg_element_link.xlsx 成功
2022-08-24 18:29:07.2827 Trace 加载文件 ./project_cfg/shared/global/language_list.xlsx...
2022-08-24 18:29:07.3057 Trace 加载文件 ./project_cfg/shared/global/language_list.xlsx 成功
2022-08-24 18:29:07.3057 Trace 加载文件 ./project_cfg/shared/global/language_story_list.xlsx...
2022-08-24 18:29:07.3844 Trace 加载文件 ./project_cfg/shared/global/language_story_list.xlsx 成功
2022-08-24 18:29:07.3994 Trace 加载文件 ./project_cfg/shared/guide/cfg_guide_all.xlsx...
2022-08-24 18:29:07.4104 Trace 加载文件 ./project_cfg/shared/guide/cfg_guide_trigger.xlsx...
2022-08-24 18:29:07.4223 Trace 加载文件 ./project_cfg/shared/item/cfg_gold.xlsx...
2022-08-24 18:29:07.4223 Trace 加载文件 ./project_cfg/shared/item/cfg_item.xlsx...
2022-08-24 18:29:07.4223 Trace 加载文件 ./project_cfg/shared/item/cfg_item.xlsx 成功
2022-08-24 18:29:07.4223 Trace 加载文件 ./project_cfg/shared/item/cfg_item_character.xlsx...
2022-08-24 18:29:07.4343 Trace 加载文件 ./project_cfg/shared/item/cfg_item_character.xlsx 成功
2022-08-24 18:29:07.4343 Trace 加载文件 ./project_cfg/shared/item/cfg_item_consumables.xlsx...
2022-08-24 18:29:07.4632 Trace 加载文件 ./project_cfg/shared/item/cfg_item_equipment.xlsx...
2022-08-24 18:29:07.4632 Trace 加载文件 ./project_cfg/shared/item/cfg_item_link.xlsx...
2022-08-24 18:29:07.4722 Trace 加载文件 ./project_cfg/shared/item/cfg_item_material.xlsx...
2022-08-24 18:29:07.4722 Trace 加载文件 ./project_cfg/shared/item/cfg_item_role.xlsx...
2022-08-24 18:29:07.4992 Trace 加载文件 ./project_cfg/shared/item/cfg_item_skin.xlsx...
2022-08-24 18:29:07.4992 Trace 加载文件 ./project_cfg/shared/item/cfg_item_skin.xlsx 成功
2022-08-24 18:29:07.4992 Trace 加载文件 ./project_cfg/shared/item/cfg_item_weapon.xlsx...
2022-08-24 18:29:07.5161 Trace 加载文件 ./project_cfg/shared/item/cfg_roleasset.xlsx...
2022-08-24 18:29:07.5550 Trace 加载文件 ./project_cfg/shared/mail/cfg_template_mail.xlsx...
2022-08-24 18:29:07.5630 Trace 加载文件 ./project_cfg/shared/mainroom/cfg_main_room.xlsx...
2022-08-24 18:29:07.5630 Trace 加载文件 ./project_cfg/shared/pay/cfg_buy_goods.xlsx...
2022-08-24 18:29:07.5749 Trace 加载文件 ./project_cfg/shared/pay/cfg_subscribe.xlsx...
2022-08-24 18:29:07.5749 Trace 加载文件 ./project_cfg/shared/quest/cfg_quest.xlsx...
2022-08-24 18:29:07.5749 Trace 加载文件 ./project_cfg/shared/rank/cfg_rank.xlsx...
2022-08-24 18:29:07.5749 Trace 加载文件 ./project_cfg/shared/role/cfg_battle_role.xlsx...
2022-08-24 18:29:07.5909 Trace 加载文件 ./project_cfg/shared/role/cfg_battle_role.xlsx 成功
2022-08-24 18:29:07.5909 Trace 加载文件 ./project_cfg/shared/role/cfg_dungeon_role.xlsx...
2022-08-24 18:29:07.6098 Trace 加载文件 ./project_cfg/shared/role/cfg_dungeon_role.xlsx 成功
2022-08-24 18:29:07.6098 Trace 加载文件 ./project_cfg/shared/role/cfg_hero.xlsx...
2022-08-24 18:29:07.6388 Trace 加载文件 ./project_cfg/shared/role/cfg_hero.xlsx 成功
2022-08-24 18:29:07.6388 Trace 加载文件 ./project_cfg/shared/role/cfg_monster.xlsx...
2022-08-24 18:29:07.6388 Trace 加载文件 ./project_cfg/shared/role/cfg_monster.xlsx 成功
2022-08-24 18:29:07.6527 Trace 加载文件 ./project_cfg/shared/role/cfg_monster_asset.xlsx...
2022-08-24 18:29:07.6747 Trace 加载文件 ./project_cfg/shared/role/cfg_monster_asset.xlsx 成功
2022-08-24 18:29:07.6747 Trace 加载文件 ./project_cfg/shared/skill/cfg_passive_skill.xlsx...
2022-08-24 18:29:07.6747 Trace 加载文件 ./project_cfg/shared/skill/cfg_passive_skill.xlsx 成功
2022-08-24 18:29:07.6747 Trace 加载文件 ./project_cfg/shared/skill/cfg_skill.xlsx...
2022-08-24 18:29:07.6926 Trace 加载文件 ./project_cfg/shared/skill/cfg_skill.xlsx 成功
2022-08-24 18:29:07.6926 Trace 加载文件 ./project_cfg/shared/skill/cfg_skill_grade.xlsx...
2022-08-24 18:29:07.7086 Trace 加载文件 ./project_cfg/shared/skill/cfg_skill_grade.xlsx 成功
2022-08-24 18:29:07.7086 Trace 加载文件 ./project_cfg/shared/skill/cfg_skill_logic_instance.xlsx...
2022-08-24 18:29:07.7435 Trace 加载文件 ./project_cfg/shared/skill/cfg_skill_logic_instance.xlsx 成功
2022-08-24 18:29:07.7435 Trace 加载文件 ./project_cfg/shared/story/cfg_story_list.xlsx...
2022-08-24 18:29:07.7435 Trace 加载文件 ./project_cfg/shared/story/cfg_story_list.xlsx 成功
2022-08-24 18:29:07.7435 Trace 加载文件 ./project_cfg/shared/story/cfg_story_section_100101123.xlsx...
2022-08-24 18:29:07.7684 Trace 加载文件 ./project_cfg/shared/story/cfg_story_section_100101123.xlsx 成功
2022-08-24 18:29:07.7684 Trace 加载文件 ./project_cfg/shared/story/cfg_story_section_100101998.xlsx...
2022-08-24 18:29:07.7924 Trace 加载文件 ./project_cfg/shared/story/cfg_story_section_100101998.xlsx 成功
2022-08-24 18:29:07.7924 Trace 加载文件 ./project_cfg/shared/story/cfg_story_section_100101999.xlsx...
2022-08-24 18:29:07.7964 Trace 加载文件 ./project_cfg/shared/story/cfg_story_section_100101999.xlsx 成功
2022-08-24 18:29:07.7964 Trace 加载文件 ./project_cfg/shared/story/cfg_story_section_100102004.xlsx...
2022-08-24 18:29:07.8263 Trace 加载文件 ./project_cfg/shared/story/cfg_story_section_100102004.xlsx 成功
2022-08-24 18:29:07.8263 Trace 加载文件 ./project_cfg/shared/story/cfg_story_section_1123111001.xlsx...
2022-08-24 18:29:07.8552 Trace 加载文件 ./project_cfg/shared/story/cfg_story_section_1123111001.xlsx 成功
2022-08-24 18:29:07.8552 Trace 加载文件 ./project_cfg/shared/summon/cfg_summon.xlsx...
2022-08-24 18:29:07.8662 Trace 加载文件 ./project_cfg/shared/team/cfg_team_squad.xlsx...
2022-08-24 18:29:07.8662 Info 加载116个表格，用时1930毫秒
2022-08-24 18:29:07.8662 Trace 加载文件 ./project_cfg/shared/cfg_game_const.xlsx...
2022-08-24 18:29:07.8662 Trace 加载文件 ./project_cfg/shared/achieve/cfg_achieve.xlsx...
2022-08-24 18:29:07.8662 Trace 加载文件 ./project_cfg/shared/ai/cfg_ai.xlsx...
2022-08-24 18:29:07.8722 Trace 加载文件 ./project_cfg/shared/ai/cfg_ai_bhv_instance.xlsx...
2022-08-24 18:29:07.8722 Trace 加载文件 ./project_cfg/shared/ai/cfg_ai_bhv_list.xlsx...
2022-08-24 18:29:07.8722 Trace 加载文件 ./project_cfg/shared/ai/cfg_ai_condition_trigger.xlsx...
2022-08-24 18:29:07.8722 Trace 加载文件 ./project_cfg/shared/battle/cfg_battle_logic_const.xlsx...
2022-08-24 18:29:07.8722 Trace 加载文件 ./project_cfg/shared/battle/cfg_battle_skill_back_logic_instance.xlsx...
2022-08-24 18:29:07.8722 Trace 加载文件 ./project_cfg/shared/battle/cfg_hit_logic_type.xlsx...
2022-08-24 18:29:07.8722 Trace 加载文件 ./project_cfg/shared/battle/100050/cfg_battle_level_100050.xlsx...
2022-08-24 18:29:07.8722 Trace 加载文件 ./project_cfg/shared/battle/100050/cfg_battle_wave_100050.xlsx...
2022-08-24 18:29:07.8722 Trace 加载文件 ./project_cfg/shared/battle/1001/cfg_battle_level_1001.xlsx...
2022-08-24 18:29:07.8722 Trace 加载文件 ./project_cfg/shared/battle/1001/cfg_battle_wave_1001.xlsx...
2022-08-24 18:29:07.8722 Trace 加载文件 ./project_cfg/shared/battle/100142/cfg_battle_level_100142.xlsx...
2022-08-24 18:29:07.8722 Trace 加载文件 ./project_cfg/shared/battle/100142/cfg_battle_wave_100142.xlsx...
2022-08-24 18:29:07.8722 Trace 加载文件 ./project_cfg/shared/battle/101/cfg_battle_level_101.xlsx...
2022-08-24 18:29:07.8722 Trace 加载文件 ./project_cfg/shared/battle/101/cfg_battle_wave_101.xlsx...
2022-08-24 18:29:07.8722 Trace 加载文件 ./project_cfg/shared/battle/1010201/cfg_battle_level_1010201.xlsx...
2022-08-24 18:29:07.8722 Trace 加载文件 ./project_cfg/shared/battle/1010201/cfg_battle_wave_1010201.xlsx...
2022-08-24 18:29:07.8722 Trace 加载文件 ./project_cfg/shared/battle/102/cfg_battle_level_102.xlsx...
2022-08-24 18:29:07.8722 Trace 加载文件 ./project_cfg/shared/battle/102/cfg_battle_wave_102.xlsx...
2022-08-24 18:29:07.8722 Trace 加载文件 ./project_cfg/shared/battle/2100000/cfg_battle_level_2100000.xlsx...
2022-08-24 18:29:07.8722 Trace 加载文件 ./project_cfg/shared/battle/2100000/cfg_battle_wave_2100000.xlsx...
2022-08-24 18:29:07.8722 Trace 加载文件 ./project_cfg/shared/battle/2100010/cfg_battle_level_2100010.xlsx...
2022-08-24 18:29:07.8722 Trace 加载文件 ./project_cfg/shared/battle/2100010/cfg_battle_wave_2100010.xlsx...
2022-08-24 18:29:07.8722 Trace 加载文件 ./project_cfg/shared/buff/cfg_buff.xlsx...
2022-08-24 18:29:07.8722 Trace 加载文件 ./project_cfg/shared/buff/cfg_buff_logic.xlsx...
2022-08-24 18:29:07.8722 Trace 加载文件 ./project_cfg/shared/condition/cfg_battle_condition_instance.xlsx...
2022-08-24 18:29:07.8722 Trace 加载文件 ./project_cfg/shared/dungeon/cfg_day_night_change.xlsx...
2022-08-24 18:29:07.8722 Trace 加载文件 ./project_cfg/shared/dungeon/cfg_dungeon_common_reward.xlsx...
2022-08-24 18:29:07.8722 Trace 加载文件 ./project_cfg/shared/dungeon/cfg_dungeon_const.xlsx...
2022-08-24 18:29:07.8722 Trace 加载文件 ./project_cfg/shared/dungeon/cfg_initiative_attack.xlsx...
2022-08-24 18:29:07.8722 Trace 加载文件 ./project_cfg/shared/dungeon/cfg_main_dungeon.xlsx...
2022-08-24 18:29:07.8722 Trace 加载文件 ./project_cfg/shared/dungeon/cfg_throw_ball.xlsx...
2022-08-24 18:29:07.8722 Trace 加载文件 ./project_cfg/shared/dungeon/cfg_warning.xlsx...
2022-08-24 18:29:07.8722 Trace 加载文件 ./project_cfg/shared/dungeon/100050/cfg_dungeon_condition_100050.xlsx...
2022-08-24 18:29:07.8722 Trace 加载文件 ./project_cfg/shared/dungeon/100050/cfg_dungeon_event_100050.xlsx...
2022-08-24 18:29:07.8722 Trace 加载文件 ./project_cfg/shared/dungeon/100052/cfg_dungeon_condition_100052.xlsx...
2022-08-24 18:29:07.8722 Trace 加载文件 ./project_cfg/shared/dungeon/100052/cfg_dungeon_element_100052.xlsx...
2022-08-24 18:29:07.8722 Trace 加载文件 ./project_cfg/shared/dungeon/100052/cfg_dungeon_event_100052.xlsx...
2022-08-24 18:29:07.8722 Trace 加载文件 ./project_cfg/shared/dungeon/100062/cfg_dungeon_condition_100062.xlsx...
2022-08-24 18:29:07.8722 Trace 加载文件 ./project_cfg/shared/dungeon/100062/cfg_dungeon_element_100062.xlsx...
2022-08-24 18:29:07.8722 Trace 加载文件 ./project_cfg/shared/dungeon/100062/cfg_dungeon_event_100062.xlsx...
2022-08-24 18:29:07.8722 Trace 加载文件 ./project_cfg/shared/dungeon/100062/cfg_dungeon_reward_100062.xlsx...
2022-08-24 18:29:07.8722 Trace 加载文件 ./project_cfg/shared/dungeon/1001/cfg_dungeon_condition_1001.xlsx...
2022-08-24 18:29:07.8722 Trace 加载文件 ./project_cfg/shared/dungeon/1001/cfg_dungeon_event_1001.xlsx...
2022-08-24 18:29:07.8722 Trace 加载文件 ./project_cfg/shared/dungeon/1001/cfg_dungeon_reward_1001.xlsx...
2022-08-24 18:29:07.8722 Trace 加载文件 ./project_cfg/shared/dungeon/100142/cfg_dungeon_condition_100142.xlsx...
2022-08-24 18:29:07.8722 Trace 加载文件 ./project_cfg/shared/dungeon/100142/cfg_dungeon_element_100142.xlsx...
2022-08-24 18:29:07.8722 Trace 加载文件 ./project_cfg/shared/dungeon/100142/cfg_dungeon_event_100142.xlsx...
2022-08-24 18:29:07.8722 Trace 加载文件 ./project_cfg/shared/dungeon/1010201/cfg_dungeon_condition_1010201.xlsx...
2022-08-24 18:29:07.8722 Trace 加载文件 ./project_cfg/shared/dungeon/1010201/cfg_dungeon_element_1010201.xlsx...
2022-08-24 18:29:07.8722 Trace 加载文件 ./project_cfg/shared/dungeon/1010201/cfg_dungeon_event_1010201.xlsx...
2022-08-24 18:29:07.8722 Trace 加载文件 ./project_cfg/shared/dungeon/10142/cfg_dungeon_condition_10142.xlsx...
2022-08-24 18:29:07.8722 Trace 加载文件 ./project_cfg/shared/dungeon/10142/cfg_dungeon_element_10142.xlsx...
2022-08-24 18:29:07.8722 Trace 加载文件 ./project_cfg/shared/dungeon/10142/cfg_dungeon_event_10142.xlsx...
2022-08-24 18:29:07.8722 Trace 加载文件 ./project_cfg/shared/dungeon/200011/cfg_dungeon_condition_200011.xlsx...
2022-08-24 18:29:07.8722 Trace 加载文件 ./project_cfg/shared/dungeon/200011/cfg_dungeon_element_200011.xlsx...
2022-08-24 18:29:07.8722 Trace 加载文件 ./project_cfg/shared/dungeon/200011/cfg_dungeon_event_200011.xlsx...
2022-08-24 18:29:07.8722 Trace 加载文件 ./project_cfg/shared/dungeon/200011/cfg_dungeon_reward_200011.xlsx...
2022-08-24 18:29:07.8722 Trace 加载文件 ./project_cfg/shared/dungeon/2100000/cfg_affect_battle_behavior_2100000.xlsx...
2022-08-24 18:29:07.8722 Trace 加载文件 ./project_cfg/shared/dungeon/2100000/cfg_dungeon_condition_2100000.xlsx...
2022-08-24 18:29:07.8722 Trace 加载文件 ./project_cfg/shared/dungeon/2100000/cfg_dungeon_element_2100000.xlsx...
2022-08-24 18:29:07.8722 Trace 加载文件 ./project_cfg/shared/dungeon/2100000/cfg_dungeon_event_2100000.xlsx...
2022-08-24 18:29:07.8722 Trace 加载文件 ./project_cfg/shared/dungeon/2100000/cfg_dungeon_reward_2100000.xlsx...
2022-08-24 18:29:07.8722 Trace 加载文件 ./project_cfg/shared/dungeon/2100000/cfg_dungeon_task_2100000.xlsx...
2022-08-24 18:29:07.8722 Trace 加载文件 ./project_cfg/shared/dungeon/2100000/cfg_interact_2100000.xlsx...
2022-08-24 18:29:07.8722 Trace 加载文件 ./project_cfg/shared/dungeon/2100000/cfg_interact_behavior_2100000.xlsx...
2022-08-24 18:29:07.8722 Trace 加载文件 ./project_cfg/shared/dungeon/2100010/cfg_dungeon_condition_2100010.xlsx...
2022-08-24 18:29:07.8722 Trace 加载文件 ./project_cfg/shared/dungeon/2100010/cfg_dungeon_element_2100010.xlsx...
2022-08-24 18:29:07.8722 Trace 加载文件 ./project_cfg/shared/dungeon/2100010/cfg_dungeon_event_2100010.xlsx...
2022-08-24 18:29:07.8722 Trace 加载文件 ./project_cfg/shared/dungeon/2100010/cfg_dungeon_reward_2100010.xlsx...
2022-08-24 18:29:07.8722 Trace 加载文件 ./project_cfg/shared/dungeon/2100020/cfg_battle_level_2100020.xlsx...
2022-08-24 18:29:07.8722 Trace 加载文件 ./project_cfg/shared/dungeon/2100020/cfg_battle_wave_2100020.xlsx...
2022-08-24 18:29:07.8722 Trace 加载文件 ./project_cfg/shared/dungeon/2100020/cfg_dungeon_condition_2100020.xlsx...
2022-08-24 18:29:07.8722 Trace 加载文件 ./project_cfg/shared/dungeon/2100020/cfg_dungeon_event_2100020.xlsx...
2022-08-24 18:29:07.8722 Trace 加载文件 ./project_cfg/shared/element/cfg_element.xlsx...
2022-08-24 18:29:07.8722 Trace 加载文件 ./project_cfg/shared/element/cfg_element_link.xlsx...
2022-08-24 18:29:07.8722 Trace 加载文件 ./project_cfg/shared/global/language_list.xlsx...
2022-08-24 18:29:07.8722 Trace 加载文件 ./project_cfg/shared/global/language_story_list.xlsx...
2022-08-24 18:29:07.8722 Trace 加载文件 ./project_cfg/shared/guide/cfg_guide_all.xlsx...
2022-08-24 18:29:07.8722 Trace 加载文件 ./project_cfg/shared/guide/cfg_guide_trigger.xlsx...
2022-08-24 18:29:07.8722 Trace 加载文件 ./project_cfg/shared/item/cfg_gold.xlsx...
2022-08-24 18:29:07.8722 Trace 加载文件 ./project_cfg/shared/item/cfg_item.xlsx...
2022-08-24 18:29:07.8722 Trace 加载文件 ./project_cfg/shared/item/cfg_item_character.xlsx...
2022-08-24 18:29:07.8722 Trace 加载文件 ./project_cfg/shared/item/cfg_item_consumables.xlsx...
2022-08-24 18:29:07.8722 Trace 加载文件 ./project_cfg/shared/item/cfg_item_equipment.xlsx...
2022-08-24 18:29:07.8722 Trace 加载文件 ./project_cfg/shared/item/cfg_item_link.xlsx...
2022-08-24 18:29:07.8722 Trace 加载文件 ./project_cfg/shared/item/cfg_item_material.xlsx...
2022-08-24 18:29:07.8722 Trace 加载文件 ./project_cfg/shared/item/cfg_item_role.xlsx...
2022-08-24 18:29:07.8722 Trace 加载文件 ./project_cfg/shared/item/cfg_item_skin.xlsx...
2022-08-24 18:29:07.8722 Trace 加载文件 ./project_cfg/shared/item/cfg_item_weapon.xlsx...
2022-08-24 18:29:07.8722 Trace 加载文件 ./project_cfg/shared/item/cfg_roleasset.xlsx...
2022-08-24 18:29:07.8722 Trace 加载文件 ./project_cfg/shared/mail/cfg_template_mail.xlsx...
2022-08-24 18:29:07.8722 Trace 加载文件 ./project_cfg/shared/mainroom/cfg_main_room.xlsx...
2022-08-24 18:29:07.8722 Trace 加载文件 ./project_cfg/shared/pay/cfg_buy_goods.xlsx...
2022-08-24 18:29:07.8722 Trace 加载文件 ./project_cfg/shared/pay/cfg_subscribe.xlsx...
2022-08-24 18:29:07.8722 Trace 加载文件 ./project_cfg/shared/quest/cfg_quest.xlsx...
2022-08-24 18:29:07.8722 Trace 加载文件 ./project_cfg/shared/rank/cfg_rank.xlsx...
2022-08-24 18:29:07.8722 Trace 加载文件 ./project_cfg/shared/role/cfg_battle_role.xlsx...
2022-08-24 18:29:07.8722 Trace 加载文件 ./project_cfg/shared/role/cfg_dungeon_role.xlsx...
2022-08-24 18:29:07.8722 Trace 加载文件 ./project_cfg/shared/role/cfg_hero.xlsx...
2022-08-24 18:29:07.8722 Trace 加载文件 ./project_cfg/shared/role/cfg_monster.xlsx...
2022-08-24 18:29:07.8722 Trace 加载文件 ./project_cfg/shared/role/cfg_monster_asset.xlsx...
2022-08-24 18:29:07.8722 Trace 加载文件 ./project_cfg/shared/skill/cfg_passive_skill.xlsx...
2022-08-24 18:29:07.8872 Trace 加载文件 ./project_cfg/shared/skill/cfg_skill.xlsx...
2022-08-24 18:29:07.8872 Trace 加载文件 ./project_cfg/shared/skill/cfg_skill_grade.xlsx...
2022-08-24 18:29:07.8872 Trace 加载文件 ./project_cfg/shared/skill/cfg_skill_logic_instance.xlsx...
2022-08-24 18:29:07.8872 Trace 加载文件 ./project_cfg/shared/story/cfg_story_list.xlsx...
2022-08-24 18:29:07.8872 Trace 加载文件 ./project_cfg/shared/story/cfg_story_section_100101123.xlsx...
2022-08-24 18:29:07.8872 Trace 加载文件 ./project_cfg/shared/story/cfg_story_section_100101998.xlsx...
2022-08-24 18:29:07.8872 Trace 加载文件 ./project_cfg/shared/story/cfg_story_section_100101999.xlsx...
2022-08-24 18:29:07.8872 Trace 加载文件 ./project_cfg/shared/story/cfg_story_section_100102004.xlsx...
2022-08-24 18:29:07.8872 Trace 加载文件 ./project_cfg/shared/story/cfg_story_section_1123111001.xlsx...
2022-08-24 18:29:07.8872 Trace 加载文件 ./project_cfg/shared/summon/cfg_summon.xlsx...
2022-08-24 18:29:07.8872 Trace 加载文件 ./project_cfg/shared/team/cfg_team_squad.xlsx...
2022-08-24 18:29:07.8872 Info 加载116个表格，用时17毫秒
2022-08-24 18:29:07.8872 Trace 加载文件 ./project_cfg/server/role/cfg_role_init_const.xlsx...
2022-08-24 18:29:07.8872 Info 加载1个表格，用时7毫秒
2022-08-24 18:29:07.8872 Trace 加载文件 ./project_cfg/language/cfg_enum2string.xlsx...
2022-08-24 18:29:07.8872 Trace 加载文件 ./project_cfg/language/cfg_string_character.xlsx...
2022-08-24 18:29:07.9051 Trace 加载文件 ./project_cfg/language/cfg_string_character.xlsx 成功
2022-08-24 18:29:07.9051 Trace 加载文件 ./project_cfg/language/cfg_string_demo.xlsx...
2022-08-24 18:29:07.9051 Trace 加载文件 ./project_cfg/language/cfg_string_skill.xlsx...
2022-08-24 18:29:07.9210 Trace 加载文件 ./project_cfg/language/cfg_string_skill.xlsx 成功
2022-08-24 18:29:07.9210 Trace 加载文件 ./project_cfg/language/cfg_string_story_name_desc.xlsx...
2022-08-24 18:29:07.9210 Trace 加载文件 ./project_cfg/language/cfg_string_story_name_desc.xlsx 成功
2022-08-24 18:29:07.9210 Trace 加载文件 ./project_cfg/language/cfg_string_ui_battle.xlsx...
2022-08-24 18:29:07.9210 Trace 加载文件 ./project_cfg/language/cfg_string_ui_battle.xlsx 成功
2022-08-24 18:29:07.9210 Trace 加载文件 ./project_cfg/language/cfg_string_ui_chat.xlsx...
2022-08-24 18:29:07.9430 Trace 加载文件 ./project_cfg/language/cfg_string_ui_city.xlsx...
2022-08-24 18:29:07.9619 Trace 加载文件 ./project_cfg/language/cfg_string_ui_city.xlsx 成功
2022-08-24 18:29:07.9619 Trace 加载文件 ./project_cfg/language/cfg_string_ui_city_map.xlsx...
2022-08-24 18:29:07.9878 Trace 加载文件 ./project_cfg/language/cfg_string_ui_city_map.xlsx 成功
2022-08-24 18:29:07.9878 Trace 加载文件 ./project_cfg/language/cfg_string_ui_common.xlsx...
2022-08-24 18:29:07.9878 Trace 加载文件 ./project_cfg/language/cfg_string_ui_login.xlsx...
2022-08-24 18:29:08.0018 Trace 加载文件 ./project_cfg/language/cfg_string_ui_main.xlsx...
2022-08-24 18:29:08.0018 Trace 加载文件 ./project_cfg/language/cfg_string_ui_role_show.xlsx...
2022-08-24 18:29:08.0018 Trace 加载文件 ./project_cfg/language/cfg_string_ui_story.xlsx...
2022-08-24 18:29:08.0018 Trace 加载文件 ./project_cfg/language/cfg_string_ui_story.xlsx 成功
2022-08-24 18:29:08.0018 Trace 加载文件 ./project_cfg/language/cfg_string_ui_team.xlsx...
2022-08-24 18:29:08.0128 Trace 加载文件 ./project_cfg/language/cfg_string_verify.xlsx...
2022-08-24 18:29:08.0128 Trace 加载文件 ./project_cfg/language/cfg_str_100101012.xlsx...
2022-08-24 18:29:08.0338 Trace 加载文件 ./project_cfg/language/cfg_str_100101123.xlsx...
2022-08-24 18:29:08.0567 Trace 加载文件 ./project_cfg/language/cfg_str_100101123.xlsx 成功
2022-08-24 18:29:08.0567 Trace 加载文件 ./project_cfg/language/cfg_str_100101998.xlsx...
2022-08-24 18:29:08.0706 Trace 加载文件 ./project_cfg/language/cfg_str_100101998.xlsx 成功
2022-08-24 18:29:08.0706 Trace 加载文件 ./project_cfg/language/cfg_str_100102004.xlsx...
2022-08-24 18:29:08.0926 Trace 加载文件 ./project_cfg/language/cfg_str_1123111001.xlsx...
2022-08-24 18:29:08.0926 Trace 加载文件 ./project_cfg/language/cfg_str_1123111001.xlsx 成功
2022-08-24 18:29:08.0926 Trace 加载文件 ./project_cfg/language/cfg_str_mainstory_1_1_999.xlsx...
2022-08-24 18:29:08.1175 Trace 加载文件 ./project_cfg/language/cfg_str_mainstory_ch999.xlsx...
2022-08-24 18:29:08.1175 Trace 加载文件 ./project_cfg/language/str_ex.xlsx...
2022-08-24 18:29:08.1215 Info 加载24个表格，用时225毫秒
2022-08-24 18:29:08.1773 Info =============多余文件删除完毕，用时55毫秒===========
2022-08-24 18:29:11.6449 Info =============Excel导出完毕，用时3467毫秒===========
2022-08-24 21:03:01.7439 Trace LoadConfig config\app.json OK 
2022-08-24 21:03:01.7529 Trace 加载文件 ./project_cfg/client/cfg_camera_slighty_shake.xlsx...
2022-08-24 21:03:01.7529 Trace 加载文件 ./project_cfg/client/cfg_device_safe_area.xlsx...
2022-08-24 21:03:01.7529 Trace 加载文件 ./project_cfg/client/cfg_gyroscope.xlsx...
2022-08-24 21:03:01.7529 Trace 加载文件 ./project_cfg/client/cfg_lod.xlsx...
2022-08-24 21:03:01.7529 Trace 加载文件 ./project_cfg/client/cfg_mainui.xlsx...
2022-08-24 21:03:01.7529 Trace 加载文件 ./project_cfg/client/cfg_mainui_roles.xlsx...
2022-08-24 21:03:01.7529 Trace 加载文件 ./project_cfg/client/role.xlsx...
2022-08-24 21:03:01.7529 Trace 加载文件 ./project_cfg/client/achieve/cfg_achieve_group.xlsx...
2022-08-24 21:03:01.7529 Trace 加载文件 ./project_cfg/client/battle/cfg_battle_camera.xlsx...
2022-08-24 21:03:01.8676 Trace 加载文件 ./project_cfg/client/battle/cfg_battle_camera.xlsx 成功
2022-08-24 21:03:01.8676 Trace 加载文件 ./project_cfg/client/battle/cfg_battle_damage_scale.xlsx...
2022-08-24 21:03:01.8676 Trace 加载文件 ./project_cfg/client/battle/cfg_battle_skill_monsters.xlsx...
2022-08-24 21:03:01.8676 Trace 加载文件 ./project_cfg/client/battle/cfg_battle_skill_monsters.xlsx 成功
2022-08-24 21:03:01.8676 Trace 加载文件 ./project_cfg/client/battle/cfg_battle_view_const.xlsx...
2022-08-24 21:03:01.8855 Trace 加载文件 ./project_cfg/client/battle/cfg_battle_view_const.xlsx 成功
2022-08-24 21:03:01.8855 Trace 加载文件 ./project_cfg/client/battle/cfg_battle_wave_move_camera.xlsx...
2022-08-24 21:03:01.8855 Trace 加载文件 ./project_cfg/client/buff/cfg_buff_effect.xlsx...
2022-08-24 21:03:01.8955 Trace 加载文件 ./project_cfg/client/buff/cfg_buff_effect.xlsx 成功
2022-08-24 21:03:01.8955 Trace 加载文件 ./project_cfg/client/buff/cfg_buff_tips.xlsx...
2022-08-24 21:03:01.8955 Trace 加载文件 ./project_cfg/client/buff/cfg_buff_tips.xlsx 成功
2022-08-24 21:03:01.8955 Trace 加载文件 ./project_cfg/client/character/cfg_character_common.xlsx...
2022-08-24 21:03:01.8955 Trace 加载文件 ./project_cfg/client/dungeon/cfg_battle_reward.xlsx...
2022-08-24 21:03:01.8955 Trace 加载文件 ./project_cfg/client/dungeon/cfg_citymap.xlsx...
2022-08-24 21:03:01.9055 Trace 加载文件 ./project_cfg/client/dungeon/cfg_citymap.xlsx 成功
2022-08-24 21:03:01.9055 Trace 加载文件 ./project_cfg/client/dungeon/cfg_dungeon.xlsx...
2022-08-24 21:03:01.9055 Trace 加载文件 ./project_cfg/client/dungeon/cfg_dungeon_free_camera.xlsx...
2022-08-24 21:03:01.9055 Trace 加载文件 ./project_cfg/client/dungeon/cfg_dungeon_free_camera.xlsx 成功
2022-08-24 21:03:01.9055 Trace 加载文件 ./project_cfg/client/dungeon/cfg_dungeon_input_const.xlsx...
2022-08-24 21:03:01.9055 Trace 加载文件 ./project_cfg/client/dungeon/cfg_dungeon_map_element.xlsx...
2022-08-24 21:03:01.9055 Trace 加载文件 ./project_cfg/client/dungeon/cfg_dungeon_map_element.xlsx 成功
2022-08-24 21:03:01.9055 Trace 加载文件 ./project_cfg/client/dungeon/cfg_dungeon_perception_const.xlsx...
2022-08-24 21:03:01.9055 Trace 加载文件 ./project_cfg/client/dungeon/cfg_dungeon_perception_const.xlsx 成功
2022-08-24 21:03:01.9055 Trace 加载文件 ./project_cfg/client/dungeon/cfg_enter_battle_const.xlsx...
2022-08-24 21:03:01.9055 Trace 加载文件 ./project_cfg/client/dungeon/cfg_enter_battle_const.xlsx 成功
2022-08-24 21:03:01.9055 Trace 加载文件 ./project_cfg/client/dungeon/cfg_exit_battle_const.xlsx...
2022-08-24 21:03:01.9055 Trace 加载文件 ./project_cfg/client/dungeon/cfg_exit_battle_const.xlsx 成功
2022-08-24 21:03:01.9055 Trace 加载文件 ./project_cfg/client/dungeon/cfg_sound_const.xlsx...
2022-08-24 21:03:01.9214 Trace 加载文件 ./project_cfg/client/dungeon/100050/cfg_dungeon_event_view_100050.xlsx...
2022-08-24 21:03:01.9214 Trace 加载文件 ./project_cfg/client/dungeon/100050/cfg_dungeon_minimap_100050.xlsx...
2022-08-24 21:03:01.9214 Trace 加载文件 ./project_cfg/client/dungeon/100052/cfg_association_pursue_100052.xlsx...
2022-08-24 21:03:01.9214 Trace 加载文件 ./project_cfg/client/dungeon/100052/cfg_dungeon_event_view_100052.xlsx...
2022-08-24 21:03:01.9214 Trace 加载文件 ./project_cfg/client/dungeon/100052/cfg_dungeon_minimap_100052.xlsx...
2022-08-24 21:03:01.9214 Trace 加载文件 ./project_cfg/client/dungeon/100062/cfg_association_pursue_100062.xlsx...
2022-08-24 21:03:01.9214 Trace 加载文件 ./project_cfg/client/dungeon/100062/cfg_dungeon_event_view_100062.xlsx...
2022-08-24 21:03:01.9214 Trace 加载文件 ./project_cfg/client/dungeon/100062/cfg_dungeon_minimap_100062.xlsx...
2022-08-24 21:03:01.9214 Trace 加载文件 ./project_cfg/client/dungeon/1001/cfg_association_pursue_1001.xlsx...
2022-08-24 21:03:01.9214 Trace 加载文件 ./project_cfg/client/dungeon/1001/cfg_dungeon_event_view_1001.xlsx...
2022-08-24 21:03:01.9214 Trace 加载文件 ./project_cfg/client/dungeon/1001/cfg_dungeon_minimap_1001.xlsx...
2022-08-24 21:03:01.9214 Trace 加载文件 ./project_cfg/client/dungeon/1001/cfg_dungeon_scenario_1001.xlsx...
2022-08-24 21:03:01.9214 Trace 加载文件 ./project_cfg/client/dungeon/100142/cfg_association_pursue_100142.xlsx...
2022-08-24 21:03:01.9214 Trace 加载文件 ./project_cfg/client/dungeon/100142/cfg_association_pursue_100142.xlsx 成功
2022-08-24 21:03:01.9214 Trace 加载文件 ./project_cfg/client/dungeon/100142/cfg_dungeon_event_view_100142.xlsx...
2022-08-24 21:03:01.9214 Trace 加载文件 ./project_cfg/client/dungeon/100142/cfg_dungeon_event_view_100142.xlsx 成功
2022-08-24 21:03:01.9214 Trace 加载文件 ./project_cfg/client/dungeon/100142/cfg_dungeon_minimap_100142.xlsx...
2022-08-24 21:03:01.9214 Trace 加载文件 ./project_cfg/client/dungeon/100142/cfg_dungeon_minimap_100142.xlsx 成功
2022-08-24 21:03:01.9214 Trace 加载文件 ./project_cfg/client/dungeon/1010201/cfg_association_pursue_1010201.xlsx...
2022-08-24 21:03:01.9214 Trace 加载文件 ./project_cfg/client/dungeon/1010201/cfg_dungeon_event_view_1010201.xlsx...
2022-08-24 21:03:01.9214 Trace 加载文件 ./project_cfg/client/dungeon/1010201/cfg_dungeon_minimap_1010201.xlsx...
2022-08-24 21:03:01.9214 Trace 加载文件 ./project_cfg/client/dungeon/10142/cfg_association_pursue_10142.xlsx...
2022-08-24 21:03:01.9214 Trace 加载文件 ./project_cfg/client/dungeon/10142/cfg_association_pursue_10142.xlsx 成功
2022-08-24 21:03:01.9214 Trace 加载文件 ./project_cfg/client/dungeon/10142/cfg_dungeon_event_view_10142.xlsx...
2022-08-24 21:03:01.9214 Trace 加载文件 ./project_cfg/client/dungeon/10142/cfg_dungeon_event_view_10142.xlsx 成功
2022-08-24 21:03:01.9214 Trace 加载文件 ./project_cfg/client/dungeon/10142/cfg_dungeon_minimap_10142.xlsx...
2022-08-24 21:03:01.9214 Trace 加载文件 ./project_cfg/client/dungeon/10142/cfg_dungeon_minimap_10142.xlsx 成功
2022-08-24 21:03:01.9214 Trace 加载文件 ./project_cfg/client/dungeon/200011/cfg_dungeon_event_view_200011.xlsx...
2022-08-24 21:03:01.9374 Trace 加载文件 ./project_cfg/client/dungeon/200011/cfg_dungeon_event_view_200011.xlsx 成功
2022-08-24 21:03:01.9374 Trace 加载文件 ./project_cfg/client/dungeon/200011/cfg_dungeon_minimap_200011.xlsx...
2022-08-24 21:03:01.9374 Trace 加载文件 ./project_cfg/client/dungeon/2100000/cfg_association_pursue_2100000.xlsx...
2022-08-24 21:03:01.9374 Trace 加载文件 ./project_cfg/client/dungeon/2100000/cfg_association_pursue_2100000.xlsx 成功
2022-08-24 21:03:01.9374 Trace 加载文件 ./project_cfg/client/dungeon/2100000/cfg_dungeon_event_view_2100000.xlsx...
2022-08-24 21:03:01.9374 Trace 加载文件 ./project_cfg/client/dungeon/2100000/cfg_dungeon_event_view_2100000.xlsx 成功
2022-08-24 21:03:01.9374 Trace 加载文件 ./project_cfg/client/dungeon/2100000/cfg_dungeon_minimap_2100000.xlsx...
2022-08-24 21:03:01.9374 Trace 加载文件 ./project_cfg/client/dungeon/2100000/cfg_dungeon_minimap_2100000.xlsx 成功
2022-08-24 21:03:01.9374 Trace 加载文件 ./project_cfg/client/dungeon/2100000/cfg_dungeon_scenario_2100000.xlsx...
2022-08-24 21:03:01.9374 Trace 加载文件 ./project_cfg/client/dungeon/2100000/cfg_dungeon_scenario_2100000.xlsx 成功
2022-08-24 21:03:01.9374 Trace 加载文件 ./project_cfg/client/dungeon/2100000/cfg_interact_view_2100000.xlsx...
2022-08-24 21:03:01.9524 Trace 加载文件 ./project_cfg/client/dungeon/2100000/cfg_interact_view_2100000.xlsx 成功
2022-08-24 21:03:01.9524 Trace 加载文件 ./project_cfg/client/dungeon/2100010/cfg_association_pursue_2100010.xlsx...
2022-08-24 21:03:01.9524 Trace 加载文件 ./project_cfg/client/dungeon/2100010/cfg_dungeon_event_view_2100010.xlsx...
2022-08-24 21:03:01.9524 Trace 加载文件 ./project_cfg/client/dungeon/2100010/cfg_dungeon_minimap_2100010.xlsx...
2022-08-24 21:03:01.9524 Trace 加载文件 ./project_cfg/client/dungeon/2100020/cfg_association_pursue_2100020.xlsx...
2022-08-24 21:03:01.9524 Trace 加载文件 ./project_cfg/client/dungeon/2100020/cfg_dungeon_event_view_2100020.xlsx...
2022-08-24 21:03:01.9524 Trace 加载文件 ./project_cfg/client/dungeon/2100020/cfg_dungeon_minimap_2100020.xlsx...
2022-08-24 21:03:01.9524 Trace 加载文件 ./project_cfg/client/effect/cfg_effect_scale_pass.xlsx...
2022-08-24 21:03:01.9524 Trace 加载文件 ./project_cfg/client/guide/cfg_guide.xlsx...
2022-08-24 21:03:01.9524 Trace 加载文件 ./project_cfg/client/input/cfg_input_key.xlsx...
2022-08-24 21:03:01.9524 Trace 加载文件 ./project_cfg/client/role/cfg_role_attribute.xlsx...
2022-08-24 21:03:01.9524 Trace 加载文件 ./project_cfg/client/scenario/cfg_scenario_actor.xlsx...
2022-08-24 21:03:01.9524 Trace 加载文件 ./project_cfg/client/scenario/cfg_scenario_chapter.xlsx...
2022-08-24 21:03:01.9524 Trace 加载文件 ./project_cfg/client/scenario/section/101/cfg_scenario_section_101.xlsx...
2022-08-24 21:03:01.9524 Trace 加载文件 ./project_cfg/client/scenario/section/101/node/cfg_scenario_node_101001.xlsx...
2022-08-24 21:03:01.9524 Trace 加载文件 ./project_cfg/client/scenario/section/102/cfg_scenario_section_102.xlsx...
2022-08-24 21:03:01.9524 Trace 加载文件 ./project_cfg/client/scenario/section/102/node/cfg_scenario_node_102001.xlsx...
2022-08-24 21:03:01.9524 Trace 加载文件 ./project_cfg/client/scenario/section/102/node/cfg_scenario_node_102002.xlsx...
2022-08-24 21:03:01.9524 Trace 加载文件 ./project_cfg/client/scenario/section/102/node/cfg_scenario_node_102003.xlsx...
2022-08-24 21:03:01.9524 Trace 加载文件 ./project_cfg/client/scenario/section/102/node/cfg_scenario_node_102004.xlsx...
2022-08-24 21:03:01.9524 Trace 加载文件 ./project_cfg/client/scenario/section/102/node/cfg_scenario_node_102005.xlsx...
2022-08-24 21:03:01.9524 Trace 加载文件 ./project_cfg/client/scenario/section/102/node/cfg_scenario_node_102006.xlsx...
2022-08-24 21:03:01.9524 Trace 加载文件 ./project_cfg/client/scenario/section/103/cfg_scenario_section_103.xlsx...
2022-08-24 21:03:01.9524 Trace 加载文件 ./project_cfg/client/scenario/section/103/node/cfg_scenario_node_103001.xlsx...
2022-08-24 21:03:01.9524 Trace 加载文件 ./project_cfg/client/scenario/section/104/cfg_scenario_section_104.xlsx...
2022-08-24 21:03:01.9524 Trace 加载文件 ./project_cfg/client/scenario/section/104/node/cfg_scenario_node_104001.xlsx...
2022-08-24 21:03:01.9524 Trace 加载文件 ./project_cfg/client/skill/cfg_skill_field.xlsx...
2022-08-24 21:03:01.9524 Trace 加载文件 ./project_cfg/client/skill/cfg_skill_info.xlsx...
2022-08-24 21:03:01.9524 Trace 加载文件 ./project_cfg/client/skill/cfg_skill_info.xlsx 成功
2022-08-24 21:03:01.9524 Trace 加载文件 ./project_cfg/client/story/cfg_story_actor.xlsx...
2022-08-24 21:03:01.9524 Trace 加载文件 ./project_cfg/client/story/cfg_story_body_head.xlsx...
2022-08-24 21:03:01.9524 Trace 加载文件 ./project_cfg/client/story/cfg_story_body_head.xlsx 成功
2022-08-24 21:03:01.9524 Trace 加载文件 ./project_cfg/client/story/cfg_story_common.xlsx...
2022-08-24 21:03:01.9693 Trace 加载文件 ./project_cfg/client/story/cfg_story_common.xlsx 成功
2022-08-24 21:03:01.9693 Trace 加载文件 ./project_cfg/client/story/cfg_story_test_entry.xlsx...
2022-08-24 21:03:01.9693 Trace 加载文件 ./project_cfg/client/story/cfg_story_test_entry.xlsx 成功
2022-08-24 21:03:01.9693 Trace 加载文件 ./project_cfg/client/story/100101012/cfg_story_node_100101012_1.xlsx...
2022-08-24 21:03:01.9693 Trace 加载文件 ./project_cfg/client/story/100101123/cfg_story_node_100101123_1.xlsx...
2022-08-24 21:03:01.9693 Trace 加载文件 ./project_cfg/client/story/100101123/cfg_story_node_100101123_1.xlsx 成功
2022-08-24 21:03:01.9693 Trace 加载文件 ./project_cfg/client/story/100101123/cfg_story_node_100101123_2.xlsx...
2022-08-24 21:03:01.9693 Trace 加载文件 ./project_cfg/client/story/100101123/cfg_story_node_100101123_2.xlsx 成功
2022-08-24 21:03:01.9693 Trace 加载文件 ./project_cfg/client/story/100101998/cfg_story_node_100101998_1.xlsx...
2022-08-24 21:03:01.9893 Trace 加载文件 ./project_cfg/client/story/100101998/cfg_story_node_100101998_1.xlsx 成功
2022-08-24 21:03:01.9893 Trace 加载文件 ./project_cfg/client/story/100101998/cfg_story_node_100101998_2.xlsx...
2022-08-24 21:03:01.9893 Trace 加载文件 ./project_cfg/client/story/100101999/cfg_story_node_100101999_1.xlsx...
2022-08-24 21:03:01.9893 Trace 加载文件 ./project_cfg/client/story/100101999/cfg_story_node_100101999_1.xlsx 成功
2022-08-24 21:03:01.9893 Trace 加载文件 ./project_cfg/client/story/100102004/cfg_story_node_100102004_1.xlsx...
2022-08-24 21:03:01.9893 Trace 加载文件 ./project_cfg/client/story/1123111001/cfg_story_node_1123111001_1.xlsx...
2022-08-24 21:03:01.9893 Trace 加载文件 ./project_cfg/client/story/1123111001/cfg_story_node_1123111001_1.xlsx 成功
2022-08-24 21:03:01.9893 Trace 加载文件 ./project_cfg/client/story/Main/cfg_story_chapter_main.xlsx...
2022-08-24 21:03:01.9893 Trace 加载文件 ./project_cfg/client/story/Main/cfg_story_section_main_fast.xlsx...
2022-08-24 21:03:01.9893 Trace 加载文件 ./project_cfg/client/story/Main/Main001/cfg_story_node_main_fast_001_001.xlsx...
2022-08-24 21:03:01.9893 Trace 加载文件 ./project_cfg/client/story/Main/Main001/cfg_story_node_main_fast_001_002.xlsx...
2022-08-24 21:03:01.9893 Trace 加载文件 ./project_cfg/client/story/Main/Main002/cfg_story_node_main_fast_002_001.xlsx...
2022-08-24 21:03:01.9893 Trace 加载文件 ./project_cfg/client/story/Main/Main002/cfg_story_node_main_fast_002_002.xlsx...
2022-08-24 21:03:01.9992 Trace 加载文件 ./project_cfg/client/story/Main/main999/cfg_story_node_main_fast_999_101.xlsx...
2022-08-24 21:03:01.9992 Trace 加载文件 ./project_cfg/client/story/Main/main999/cfg_story_node_main_fast_999_334.xlsx...
2022-08-24 21:03:01.9992 Trace 加载文件 ./project_cfg/client/story/Main/main999/cfg_story_node_main_fast_999_555.xlsx...
2022-08-24 21:03:01.9992 Trace 加载文件 ./project_cfg/client/story/Main/main999/cfg_story_node_main_fast_999_560.xlsx...
2022-08-24 21:03:01.9992 Trace 加载文件 ./project_cfg/client/story/Main/main999/cfg_story_node_main_fast_999_997.xlsx...
2022-08-24 21:03:01.9992 Trace 加载文件 ./project_cfg/client/story/Main/main999/cfg_story_node_main_fast_999_999.xlsx...
2022-08-24 21:03:01.9992 Trace 加载文件 ./project_cfg/client/story/MainStory_1_1_999/cfg_story_node_MainStory_1_1_999_1.xlsx...
2022-08-24 21:03:01.9992 Trace 加载文件 ./project_cfg/client/story/MainStory_1_1_999/cfg_story_node_MainStory_1_1_999_6.xlsx...
2022-08-24 21:03:01.9992 Trace 加载文件 ./project_cfg/client/story/Side/cfg_story_chapter_side.xlsx...
2022-08-24 21:03:01.9992 Trace 加载文件 ./project_cfg/client/story/Side/cfg_story_section_side_fast.xlsx...
2022-08-24 21:03:01.9992 Trace 加载文件 ./project_cfg/client/story/Side/Side001/cfg_story_node_side_fast_001_001.xlsx...
2022-08-24 21:03:01.9992 Trace 加载文件 ./project_cfg/client/story/Side/Side001/cfg_story_node_side_fast_001_002.xlsx...
2022-08-24 21:03:01.9992 Trace 加载文件 ./project_cfg/client/story/Side/Side002/cfg_story_node_side_fast_002_001.xlsx...
2022-08-24 21:03:01.9992 Trace 加载文件 ./project_cfg/client/story/Side/Side002/cfg_story_node_side_fast_002_002.xlsx...
2022-08-24 21:03:01.9992 Info 加载113个表格，用时249毫秒
2022-08-24 21:03:01.9992 Trace 加载文件 ./project_cfg/shared/cfg_game_const.xlsx...
2022-08-24 21:03:01.9992 Trace 加载文件 ./project_cfg/shared/cfg_game_const.xlsx 成功
2022-08-24 21:03:01.9992 Trace 加载文件 ./project_cfg/shared/achieve/cfg_achieve.xlsx...
2022-08-24 21:03:01.9992 Trace 加载文件 ./project_cfg/shared/ai/cfg_ai.xlsx...
2022-08-24 21:03:01.9992 Trace 加载文件 ./project_cfg/shared/ai/cfg_ai.xlsx 成功
2022-08-24 21:03:01.9992 Trace 加载文件 ./project_cfg/shared/ai/cfg_ai_bhv_instance.xlsx...
2022-08-24 21:03:02.0152 Trace 加载文件 ./project_cfg/shared/ai/cfg_ai_bhv_instance.xlsx 成功
2022-08-24 21:03:02.0152 Trace 加载文件 ./project_cfg/shared/ai/cfg_ai_bhv_list.xlsx...
2022-08-24 21:03:02.0152 Trace 加载文件 ./project_cfg/shared/ai/cfg_ai_bhv_list.xlsx 成功
2022-08-24 21:03:02.0152 Trace 加载文件 ./project_cfg/shared/ai/cfg_ai_condition_trigger.xlsx...
2022-08-24 21:03:02.0152 Trace 加载文件 ./project_cfg/shared/ai/cfg_ai_condition_trigger.xlsx 成功
2022-08-24 21:03:02.0152 Trace 加载文件 ./project_cfg/shared/battle/cfg_battle_logic_const.xlsx...
2022-08-24 21:03:02.0152 Trace 加载文件 ./project_cfg/shared/battle/cfg_battle_logic_const.xlsx 成功
2022-08-24 21:03:02.0152 Trace 加载文件 ./project_cfg/shared/battle/cfg_battle_skill_back_logic_instance.xlsx...
2022-08-24 21:03:02.0152 Trace 加载文件 ./project_cfg/shared/battle/cfg_hit_logic_type.xlsx...
2022-08-24 21:03:02.0152 Trace 加载文件 ./project_cfg/shared/battle/100050/cfg_battle_level_100050.xlsx...
2022-08-24 21:03:02.0152 Trace 加载文件 ./project_cfg/shared/battle/100050/cfg_battle_wave_100050.xlsx...
2022-08-24 21:03:02.0152 Trace 加载文件 ./project_cfg/shared/battle/1001/cfg_battle_level_1001.xlsx...
2022-08-24 21:03:02.0152 Trace 加载文件 ./project_cfg/shared/battle/1001/cfg_battle_wave_1001.xlsx...
2022-08-24 21:03:02.0152 Trace 加载文件 ./project_cfg/shared/battle/100142/cfg_battle_level_100142.xlsx...
2022-08-24 21:03:02.0152 Trace 加载文件 ./project_cfg/shared/battle/100142/cfg_battle_level_100142.xlsx 成功
2022-08-24 21:03:02.0152 Trace 加载文件 ./project_cfg/shared/battle/100142/cfg_battle_wave_100142.xlsx...
2022-08-24 21:03:02.0312 Trace 加载文件 ./project_cfg/shared/battle/100142/cfg_battle_wave_100142.xlsx 成功
2022-08-24 21:03:02.0312 Trace 加载文件 ./project_cfg/shared/battle/101/cfg_battle_level_101.xlsx...
2022-08-24 21:03:02.0312 Trace 加载文件 ./project_cfg/shared/battle/101/cfg_battle_level_101.xlsx 成功
2022-08-24 21:03:02.0312 Trace 加载文件 ./project_cfg/shared/battle/101/cfg_battle_wave_101.xlsx...
2022-08-24 21:03:02.0312 Trace 加载文件 ./project_cfg/shared/battle/101/cfg_battle_wave_101.xlsx 成功
2022-08-24 21:03:02.0312 Trace 加载文件 ./project_cfg/shared/battle/1010201/cfg_battle_level_1010201.xlsx...
2022-08-24 21:03:02.0312 Trace 加载文件 ./project_cfg/shared/battle/1010201/cfg_battle_wave_1010201.xlsx...
2022-08-24 21:03:02.0312 Trace 加载文件 ./project_cfg/shared/battle/102/cfg_battle_level_102.xlsx...
2022-08-24 21:03:02.0312 Trace 加载文件 ./project_cfg/shared/battle/102/cfg_battle_level_102.xlsx 成功
2022-08-24 21:03:02.0312 Trace 加载文件 ./project_cfg/shared/battle/102/cfg_battle_wave_102.xlsx...
2022-08-24 21:03:02.0312 Trace 加载文件 ./project_cfg/shared/battle/102/cfg_battle_wave_102.xlsx 成功
2022-08-24 21:03:02.0312 Trace 加载文件 ./project_cfg/shared/battle/2100000/cfg_battle_level_2100000.xlsx...
2022-08-24 21:03:02.0312 Trace 加载文件 ./project_cfg/shared/battle/2100000/cfg_battle_level_2100000.xlsx 成功
2022-08-24 21:03:02.0312 Trace 加载文件 ./project_cfg/shared/battle/2100000/cfg_battle_wave_2100000.xlsx...
2022-08-24 21:03:02.0471 Trace 加载文件 ./project_cfg/shared/battle/2100000/cfg_battle_wave_2100000.xlsx 成功
2022-08-24 21:03:02.0471 Trace 加载文件 ./project_cfg/shared/battle/2100010/cfg_battle_level_2100010.xlsx...
2022-08-24 21:03:02.0471 Trace 加载文件 ./project_cfg/shared/battle/2100010/cfg_battle_wave_2100010.xlsx...
2022-08-24 21:03:02.0471 Trace 加载文件 ./project_cfg/shared/buff/cfg_buff.xlsx...
2022-08-24 21:03:02.0641 Trace 加载文件 ./project_cfg/shared/buff/cfg_buff.xlsx 成功
2022-08-24 21:03:02.0641 Trace 加载文件 ./project_cfg/shared/buff/cfg_buff_logic.xlsx...
2022-08-24 21:03:02.1738 Trace 加载文件 ./project_cfg/shared/buff/cfg_buff_logic.xlsx 成功
2022-08-24 21:03:02.1738 Trace 加载文件 ./project_cfg/shared/condition/cfg_battle_condition_instance.xlsx...
2022-08-24 21:03:02.1738 Trace 加载文件 ./project_cfg/shared/condition/cfg_battle_condition_instance.xlsx 成功
2022-08-24 21:03:02.1738 Trace 加载文件 ./project_cfg/shared/dungeon/cfg_day_night_change.xlsx...
2022-08-24 21:03:02.1738 Trace 加载文件 ./project_cfg/shared/dungeon/cfg_dungeon_common_reward.xlsx...
2022-08-24 21:03:02.1738 Trace 加载文件 ./project_cfg/shared/dungeon/cfg_dungeon_const.xlsx...
2022-08-24 21:03:02.1738 Trace 加载文件 ./project_cfg/shared/dungeon/cfg_dungeon_const.xlsx 成功
2022-08-24 21:03:02.1738 Trace 加载文件 ./project_cfg/shared/dungeon/cfg_initiative_attack.xlsx...
2022-08-24 21:03:02.1738 Trace 加载文件 ./project_cfg/shared/dungeon/cfg_main_dungeon.xlsx...
2022-08-24 21:03:02.1917 Trace 加载文件 ./project_cfg/shared/dungeon/cfg_main_dungeon.xlsx 成功
2022-08-24 21:03:02.1917 Trace 加载文件 ./project_cfg/shared/dungeon/cfg_throw_ball.xlsx...
2022-08-24 21:03:02.1917 Trace 加载文件 ./project_cfg/shared/dungeon/cfg_warning.xlsx...
2022-08-24 21:03:02.1917 Trace 加载文件 ./project_cfg/shared/dungeon/cfg_warning.xlsx 成功
2022-08-24 21:03:02.1917 Trace 加载文件 ./project_cfg/shared/dungeon/100050/cfg_dungeon_condition_100050.xlsx...
2022-08-24 21:03:02.1917 Trace 加载文件 ./project_cfg/shared/dungeon/100050/cfg_dungeon_event_100050.xlsx...
2022-08-24 21:03:02.1917 Trace 加载文件 ./project_cfg/shared/dungeon/100052/cfg_dungeon_condition_100052.xlsx...
2022-08-24 21:03:02.1917 Trace 加载文件 ./project_cfg/shared/dungeon/100052/cfg_dungeon_element_100052.xlsx...
2022-08-24 21:03:02.1917 Trace 加载文件 ./project_cfg/shared/dungeon/100052/cfg_dungeon_event_100052.xlsx...
2022-08-24 21:03:02.1917 Trace 加载文件 ./project_cfg/shared/dungeon/100062/cfg_dungeon_condition_100062.xlsx...
2022-08-24 21:03:02.1917 Trace 加载文件 ./project_cfg/shared/dungeon/100062/cfg_dungeon_element_100062.xlsx...
2022-08-24 21:03:02.1917 Trace 加载文件 ./project_cfg/shared/dungeon/100062/cfg_dungeon_event_100062.xlsx...
2022-08-24 21:03:02.1917 Trace 加载文件 ./project_cfg/shared/dungeon/100062/cfg_dungeon_reward_100062.xlsx...
2022-08-24 21:03:02.1917 Trace 加载文件 ./project_cfg/shared/dungeon/1001/cfg_dungeon_condition_1001.xlsx...
2022-08-24 21:03:02.1917 Trace 加载文件 ./project_cfg/shared/dungeon/1001/cfg_dungeon_event_1001.xlsx...
2022-08-24 21:03:02.1917 Trace 加载文件 ./project_cfg/shared/dungeon/1001/cfg_dungeon_reward_1001.xlsx...
2022-08-24 21:03:02.1917 Trace 加载文件 ./project_cfg/shared/dungeon/100142/cfg_dungeon_condition_100142.xlsx...
2022-08-24 21:03:02.1917 Trace 加载文件 ./project_cfg/shared/dungeon/100142/cfg_dungeon_condition_100142.xlsx 成功
2022-08-24 21:03:02.1917 Trace 加载文件 ./project_cfg/shared/dungeon/100142/cfg_dungeon_element_100142.xlsx...
2022-08-24 21:03:02.2047 Trace 加载文件 ./project_cfg/shared/dungeon/100142/cfg_dungeon_element_100142.xlsx 成功
2022-08-24 21:03:02.2047 Trace 加载文件 ./project_cfg/shared/dungeon/100142/cfg_dungeon_event_100142.xlsx...
2022-08-24 21:03:02.2047 Trace 加载文件 ./project_cfg/shared/dungeon/100142/cfg_dungeon_event_100142.xlsx 成功
2022-08-24 21:03:02.2047 Trace 加载文件 ./project_cfg/shared/dungeon/1010201/cfg_dungeon_condition_1010201.xlsx...
2022-08-24 21:03:02.2047 Trace 加载文件 ./project_cfg/shared/dungeon/1010201/cfg_dungeon_element_1010201.xlsx...
2022-08-24 21:03:02.2047 Trace 加载文件 ./project_cfg/shared/dungeon/1010201/cfg_dungeon_event_1010201.xlsx...
2022-08-24 21:03:02.2047 Trace 加载文件 ./project_cfg/shared/dungeon/10142/cfg_dungeon_condition_10142.xlsx...
2022-08-24 21:03:02.2047 Trace 加载文件 ./project_cfg/shared/dungeon/10142/cfg_dungeon_condition_10142.xlsx 成功
2022-08-24 21:03:02.2047 Trace 加载文件 ./project_cfg/shared/dungeon/10142/cfg_dungeon_element_10142.xlsx...
2022-08-24 21:03:02.2186 Trace 加载文件 ./project_cfg/shared/dungeon/10142/cfg_dungeon_element_10142.xlsx 成功
2022-08-24 21:03:02.2186 Trace 加载文件 ./project_cfg/shared/dungeon/10142/cfg_dungeon_event_10142.xlsx...
2022-08-24 21:03:02.2186 Trace 加载文件 ./project_cfg/shared/dungeon/10142/cfg_dungeon_event_10142.xlsx 成功
2022-08-24 21:03:02.2186 Trace 加载文件 ./project_cfg/shared/dungeon/200011/cfg_dungeon_condition_200011.xlsx...
2022-08-24 21:03:02.2186 Trace 加载文件 ./project_cfg/shared/dungeon/200011/cfg_dungeon_element_200011.xlsx...
2022-08-24 21:03:02.2186 Trace 加载文件 ./project_cfg/shared/dungeon/200011/cfg_dungeon_event_200011.xlsx...
2022-08-24 21:03:02.2186 Trace 加载文件 ./project_cfg/shared/dungeon/200011/cfg_dungeon_event_200011.xlsx 成功
2022-08-24 21:03:02.2186 Trace 加载文件 ./project_cfg/shared/dungeon/200011/cfg_dungeon_reward_200011.xlsx...
2022-08-24 21:03:02.2186 Trace 加载文件 ./project_cfg/shared/dungeon/2100000/cfg_affect_battle_behavior_2100000.xlsx...
2022-08-24 21:03:02.2186 Trace 加载文件 ./project_cfg/shared/dungeon/2100000/cfg_affect_battle_behavior_2100000.xlsx 成功
2022-08-24 21:03:02.2186 Trace 加载文件 ./project_cfg/shared/dungeon/2100000/cfg_dungeon_condition_2100000.xlsx...
2022-08-24 21:03:02.2186 Trace 加载文件 ./project_cfg/shared/dungeon/2100000/cfg_dungeon_condition_2100000.xlsx 成功
2022-08-24 21:03:02.2186 Trace 加载文件 ./project_cfg/shared/dungeon/2100000/cfg_dungeon_element_2100000.xlsx...
2022-08-24 21:03:02.2186 Trace 加载文件 ./project_cfg/shared/dungeon/2100000/cfg_dungeon_event_2100000.xlsx...
2022-08-24 21:03:02.2376 Trace 加载文件 ./project_cfg/shared/dungeon/2100000/cfg_dungeon_event_2100000.xlsx 成功
2022-08-24 21:03:02.2376 Trace 加载文件 ./project_cfg/shared/dungeon/2100000/cfg_dungeon_reward_2100000.xlsx...
2022-08-24 21:03:02.2376 Trace 加载文件 ./project_cfg/shared/dungeon/2100000/cfg_dungeon_reward_2100000.xlsx 成功
2022-08-24 21:03:02.2376 Trace 加载文件 ./project_cfg/shared/dungeon/2100000/cfg_dungeon_task_2100000.xlsx...
2022-08-24 21:03:02.2376 Trace 加载文件 ./project_cfg/shared/dungeon/2100000/cfg_dungeon_task_2100000.xlsx 成功
2022-08-24 21:03:02.2376 Trace 加载文件 ./project_cfg/shared/dungeon/2100000/cfg_interact_2100000.xlsx...
2022-08-24 21:03:02.2376 Trace 加载文件 ./project_cfg/shared/dungeon/2100000/cfg_interact_2100000.xlsx 成功
2022-08-24 21:03:02.2376 Trace 加载文件 ./project_cfg/shared/dungeon/2100000/cfg_interact_behavior_2100000.xlsx...
2022-08-24 21:03:02.2376 Trace 加载文件 ./project_cfg/shared/dungeon/2100000/cfg_interact_behavior_2100000.xlsx 成功
2022-08-24 21:03:02.2376 Trace 加载文件 ./project_cfg/shared/dungeon/2100010/cfg_dungeon_condition_2100010.xlsx...
2022-08-24 21:03:02.2376 Trace 加载文件 ./project_cfg/shared/dungeon/2100010/cfg_dungeon_element_2100010.xlsx...
2022-08-24 21:03:02.2376 Trace 加载文件 ./project_cfg/shared/dungeon/2100010/cfg_dungeon_event_2100010.xlsx...
2022-08-24 21:03:02.2376 Trace 加载文件 ./project_cfg/shared/dungeon/2100010/cfg_dungeon_reward_2100010.xlsx...
2022-08-24 21:03:02.2496 Trace 加载文件 ./project_cfg/shared/dungeon/2100020/cfg_battle_level_2100020.xlsx...
2022-08-24 21:03:02.2496 Trace 加载文件 ./project_cfg/shared/dungeon/2100020/cfg_battle_wave_2100020.xlsx...
2022-08-24 21:03:02.2496 Trace 加载文件 ./project_cfg/shared/dungeon/2100020/cfg_dungeon_condition_2100020.xlsx...
2022-08-24 21:03:02.2496 Trace 加载文件 ./project_cfg/shared/dungeon/2100020/cfg_dungeon_event_2100020.xlsx...
2022-08-24 21:03:02.2496 Trace 加载文件 ./project_cfg/shared/element/cfg_element.xlsx...
2022-08-24 21:03:02.2496 Trace 加载文件 ./project_cfg/shared/element/cfg_element.xlsx 成功
2022-08-24 21:03:02.2496 Trace 加载文件 ./project_cfg/shared/element/cfg_element_link.xlsx...
2022-08-24 21:03:02.2496 Trace 加载文件 ./project_cfg/shared/element/cfg_element_link.xlsx 成功
2022-08-24 21:03:02.2496 Trace 加载文件 ./project_cfg/shared/global/language_list.xlsx...
2022-08-24 21:03:02.2496 Trace 加载文件 ./project_cfg/shared/global/language_list.xlsx 成功
2022-08-24 21:03:02.2496 Trace 加载文件 ./project_cfg/shared/global/language_story_list.xlsx...
2022-08-24 21:03:02.2675 Trace 加载文件 ./project_cfg/shared/global/language_story_list.xlsx 成功
2022-08-24 21:03:02.2675 Trace 加载文件 ./project_cfg/shared/guide/cfg_guide_all.xlsx...
2022-08-24 21:03:02.2675 Trace 加载文件 ./project_cfg/shared/guide/cfg_guide_trigger.xlsx...
2022-08-24 21:03:02.2675 Trace 加载文件 ./project_cfg/shared/item/cfg_gold.xlsx...
2022-08-24 21:03:02.2675 Trace 加载文件 ./project_cfg/shared/item/cfg_item.xlsx...
2022-08-24 21:03:02.2675 Trace 加载文件 ./project_cfg/shared/item/cfg_item.xlsx 成功
2022-08-24 21:03:02.2675 Trace 加载文件 ./project_cfg/shared/item/cfg_item_character.xlsx...
2022-08-24 21:03:02.2815 Trace 加载文件 ./project_cfg/shared/item/cfg_item_character.xlsx 成功
2022-08-24 21:03:02.2815 Trace 加载文件 ./project_cfg/shared/item/cfg_item_consumables.xlsx...
2022-08-24 21:03:02.2815 Trace 加载文件 ./project_cfg/shared/item/cfg_item_equipment.xlsx...
2022-08-24 21:03:02.2815 Trace 加载文件 ./project_cfg/shared/item/cfg_item_link.xlsx...
2022-08-24 21:03:02.2815 Trace 加载文件 ./project_cfg/shared/item/cfg_item_material.xlsx...
2022-08-24 21:03:02.2815 Trace 加载文件 ./project_cfg/shared/item/cfg_item_role.xlsx...
2022-08-24 21:03:02.2815 Trace 加载文件 ./project_cfg/shared/item/cfg_item_skin.xlsx...
2022-08-24 21:03:02.2815 Trace 加载文件 ./project_cfg/shared/item/cfg_item_skin.xlsx 成功
2022-08-24 21:03:02.2815 Trace 加载文件 ./project_cfg/shared/item/cfg_item_weapon.xlsx...
2022-08-24 21:03:02.2815 Trace 加载文件 ./project_cfg/shared/item/cfg_roleasset.xlsx...
2022-08-24 21:03:02.2815 Trace 加载文件 ./project_cfg/shared/mail/cfg_template_mail.xlsx...
2022-08-24 21:03:02.2815 Trace 加载文件 ./project_cfg/shared/mainroom/cfg_main_room.xlsx...
2022-08-24 21:03:02.2815 Trace 加载文件 ./project_cfg/shared/pay/cfg_buy_goods.xlsx...
2022-08-24 21:03:02.2815 Trace 加载文件 ./project_cfg/shared/pay/cfg_subscribe.xlsx...
2022-08-24 21:03:02.2815 Trace 加载文件 ./project_cfg/shared/quest/cfg_quest.xlsx...
2022-08-24 21:03:02.2815 Trace 加载文件 ./project_cfg/shared/rank/cfg_rank.xlsx...
2022-08-24 21:03:02.2815 Trace 加载文件 ./project_cfg/shared/role/cfg_battle_role.xlsx...
2022-08-24 21:03:02.2815 Trace 加载文件 ./project_cfg/shared/role/cfg_battle_role.xlsx 成功
2022-08-24 21:03:02.2815 Trace 加载文件 ./project_cfg/shared/role/cfg_dungeon_role.xlsx...
2022-08-24 21:03:02.2984 Trace 加载文件 ./project_cfg/shared/role/cfg_dungeon_role.xlsx 成功
2022-08-24 21:03:02.2984 Trace 加载文件 ./project_cfg/shared/role/cfg_hero.xlsx...
2022-08-24 21:03:02.2984 Trace 加载文件 ./project_cfg/shared/role/cfg_hero.xlsx 成功
2022-08-24 21:03:02.2984 Trace 加载文件 ./project_cfg/shared/role/cfg_monster.xlsx...
2022-08-24 21:03:02.2984 Trace 加载文件 ./project_cfg/shared/role/cfg_monster.xlsx 成功
2022-08-24 21:03:02.2984 Trace 加载文件 ./project_cfg/shared/role/cfg_monster_asset.xlsx...
2022-08-24 21:03:02.2984 Trace 加载文件 ./project_cfg/shared/role/cfg_monster_asset.xlsx 成功
2022-08-24 21:03:02.2984 Trace 加载文件 ./project_cfg/shared/skill/cfg_passive_skill.xlsx...
2022-08-24 21:03:02.3144 Trace 加载文件 ./project_cfg/shared/skill/cfg_passive_skill.xlsx 成功
2022-08-24 21:03:02.3144 Trace 加载文件 ./project_cfg/shared/skill/cfg_skill.xlsx...
2022-08-24 21:03:02.3274 Trace 加载文件 ./project_cfg/shared/skill/cfg_skill.xlsx 成功
2022-08-24 21:03:02.3274 Trace 加载文件 ./project_cfg/shared/skill/cfg_skill_grade.xlsx...
2022-08-24 21:03:02.3274 Trace 加载文件 ./project_cfg/shared/skill/cfg_skill_grade.xlsx 成功
2022-08-24 21:03:02.3274 Trace 加载文件 ./project_cfg/shared/skill/cfg_skill_logic_instance.xlsx...
2022-08-24 21:03:02.3763 Trace 加载文件 ./project_cfg/shared/skill/cfg_skill_logic_instance.xlsx 成功
2022-08-24 21:03:02.3763 Trace 加载文件 ./project_cfg/shared/story/cfg_story_list.xlsx...
2022-08-24 21:03:02.3763 Trace 加载文件 ./project_cfg/shared/story/cfg_story_list.xlsx 成功
2022-08-24 21:03:02.3763 Trace 加载文件 ./project_cfg/shared/story/cfg_story_section_100101123.xlsx...
2022-08-24 21:03:02.3763 Trace 加载文件 ./project_cfg/shared/story/cfg_story_section_100101123.xlsx 成功
2022-08-24 21:03:02.3763 Trace 加载文件 ./project_cfg/shared/story/cfg_story_section_100101998.xlsx...
2022-08-24 21:03:02.3763 Trace 加载文件 ./project_cfg/shared/story/cfg_story_section_100101998.xlsx 成功
2022-08-24 21:03:02.3763 Trace 加载文件 ./project_cfg/shared/story/cfg_story_section_100101999.xlsx...
2022-08-24 21:03:02.3902 Trace 加载文件 ./project_cfg/shared/story/cfg_story_section_100101999.xlsx 成功
2022-08-24 21:03:02.3902 Trace 加载文件 ./project_cfg/shared/story/cfg_story_section_100102004.xlsx...
2022-08-24 21:03:02.3902 Trace 加载文件 ./project_cfg/shared/story/cfg_story_section_100102004.xlsx 成功
2022-08-24 21:03:02.3902 Trace 加载文件 ./project_cfg/shared/story/cfg_story_section_1123111001.xlsx...
2022-08-24 21:03:02.3902 Trace 加载文件 ./project_cfg/shared/story/cfg_story_section_1123111001.xlsx 成功
2022-08-24 21:03:02.3902 Trace 加载文件 ./project_cfg/shared/summon/cfg_summon.xlsx...
2022-08-24 21:03:02.3902 Trace 加载文件 ./project_cfg/shared/team/cfg_team_squad.xlsx...
2022-08-24 21:03:02.3902 Info 加载116个表格，用时393毫秒
2022-08-24 21:03:02.3902 Trace 加载文件 ./project_cfg/shared/cfg_game_const.xlsx...
2022-08-24 21:03:02.3902 Trace 加载文件 ./project_cfg/shared/achieve/cfg_achieve.xlsx...
2022-08-24 21:03:02.3902 Trace 加载文件 ./project_cfg/shared/ai/cfg_ai.xlsx...
2022-08-24 21:03:02.3902 Trace 加载文件 ./project_cfg/shared/ai/cfg_ai_bhv_instance.xlsx...
2022-08-24 21:03:02.3902 Trace 加载文件 ./project_cfg/shared/ai/cfg_ai_bhv_list.xlsx...
2022-08-24 21:03:02.3902 Trace 加载文件 ./project_cfg/shared/ai/cfg_ai_condition_trigger.xlsx...
2022-08-24 21:03:02.3902 Trace 加载文件 ./project_cfg/shared/battle/cfg_battle_logic_const.xlsx...
2022-08-24 21:03:02.3902 Trace 加载文件 ./project_cfg/shared/battle/cfg_battle_skill_back_logic_instance.xlsx...
2022-08-24 21:03:02.3902 Trace 加载文件 ./project_cfg/shared/battle/cfg_hit_logic_type.xlsx...
2022-08-24 21:03:02.3902 Trace 加载文件 ./project_cfg/shared/battle/100050/cfg_battle_level_100050.xlsx...
2022-08-24 21:03:02.3902 Trace 加载文件 ./project_cfg/shared/battle/100050/cfg_battle_wave_100050.xlsx...
2022-08-24 21:03:02.3902 Trace 加载文件 ./project_cfg/shared/battle/1001/cfg_battle_level_1001.xlsx...
2022-08-24 21:03:02.3902 Trace 加载文件 ./project_cfg/shared/battle/1001/cfg_battle_wave_1001.xlsx...
2022-08-24 21:03:02.3902 Trace 加载文件 ./project_cfg/shared/battle/100142/cfg_battle_level_100142.xlsx...
2022-08-24 21:03:02.3902 Trace 加载文件 ./project_cfg/shared/battle/100142/cfg_battle_wave_100142.xlsx...
2022-08-24 21:03:02.3902 Trace 加载文件 ./project_cfg/shared/battle/101/cfg_battle_level_101.xlsx...
2022-08-24 21:03:02.3902 Trace 加载文件 ./project_cfg/shared/battle/101/cfg_battle_wave_101.xlsx...
2022-08-24 21:03:02.3902 Trace 加载文件 ./project_cfg/shared/battle/1010201/cfg_battle_level_1010201.xlsx...
2022-08-24 21:03:02.3902 Trace 加载文件 ./project_cfg/shared/battle/1010201/cfg_battle_wave_1010201.xlsx...
2022-08-24 21:03:02.3902 Trace 加载文件 ./project_cfg/shared/battle/102/cfg_battle_level_102.xlsx...
2022-08-24 21:03:02.3902 Trace 加载文件 ./project_cfg/shared/battle/102/cfg_battle_wave_102.xlsx...
2022-08-24 21:03:02.3902 Trace 加载文件 ./project_cfg/shared/battle/2100000/cfg_battle_level_2100000.xlsx...
2022-08-24 21:03:02.3902 Trace 加载文件 ./project_cfg/shared/battle/2100000/cfg_battle_wave_2100000.xlsx...
2022-08-24 21:03:02.3902 Trace 加载文件 ./project_cfg/shared/battle/2100010/cfg_battle_level_2100010.xlsx...
2022-08-24 21:03:02.3902 Trace 加载文件 ./project_cfg/shared/battle/2100010/cfg_battle_wave_2100010.xlsx...
2022-08-24 21:03:02.3902 Trace 加载文件 ./project_cfg/shared/buff/cfg_buff.xlsx...
2022-08-24 21:03:02.3902 Trace 加载文件 ./project_cfg/shared/buff/cfg_buff_logic.xlsx...
2022-08-24 21:03:02.3902 Trace 加载文件 ./project_cfg/shared/condition/cfg_battle_condition_instance.xlsx...
2022-08-24 21:03:02.3902 Trace 加载文件 ./project_cfg/shared/dungeon/cfg_day_night_change.xlsx...
2022-08-24 21:03:02.3902 Trace 加载文件 ./project_cfg/shared/dungeon/cfg_dungeon_common_reward.xlsx...
2022-08-24 21:03:02.3902 Trace 加载文件 ./project_cfg/shared/dungeon/cfg_dungeon_const.xlsx...
2022-08-24 21:03:02.3902 Trace 加载文件 ./project_cfg/shared/dungeon/cfg_initiative_attack.xlsx...
2022-08-24 21:03:02.3902 Trace 加载文件 ./project_cfg/shared/dungeon/cfg_main_dungeon.xlsx...
2022-08-24 21:03:02.3902 Trace 加载文件 ./project_cfg/shared/dungeon/cfg_throw_ball.xlsx...
2022-08-24 21:03:02.3902 Trace 加载文件 ./project_cfg/shared/dungeon/cfg_warning.xlsx...
2022-08-24 21:03:02.3902 Trace 加载文件 ./project_cfg/shared/dungeon/100050/cfg_dungeon_condition_100050.xlsx...
2022-08-24 21:03:02.3902 Trace 加载文件 ./project_cfg/shared/dungeon/100050/cfg_dungeon_event_100050.xlsx...
2022-08-24 21:03:02.3902 Trace 加载文件 ./project_cfg/shared/dungeon/100052/cfg_dungeon_condition_100052.xlsx...
2022-08-24 21:03:02.3902 Trace 加载文件 ./project_cfg/shared/dungeon/100052/cfg_dungeon_element_100052.xlsx...
2022-08-24 21:03:02.3902 Trace 加载文件 ./project_cfg/shared/dungeon/100052/cfg_dungeon_event_100052.xlsx...
2022-08-24 21:03:02.3902 Trace 加载文件 ./project_cfg/shared/dungeon/100062/cfg_dungeon_condition_100062.xlsx...
2022-08-24 21:03:02.3902 Trace 加载文件 ./project_cfg/shared/dungeon/100062/cfg_dungeon_element_100062.xlsx...
2022-08-24 21:03:02.3902 Trace 加载文件 ./project_cfg/shared/dungeon/100062/cfg_dungeon_event_100062.xlsx...
2022-08-24 21:03:02.3902 Trace 加载文件 ./project_cfg/shared/dungeon/100062/cfg_dungeon_reward_100062.xlsx...
2022-08-24 21:03:02.3902 Trace 加载文件 ./project_cfg/shared/dungeon/1001/cfg_dungeon_condition_1001.xlsx...
2022-08-24 21:03:02.3902 Trace 加载文件 ./project_cfg/shared/dungeon/1001/cfg_dungeon_event_1001.xlsx...
2022-08-24 21:03:02.3902 Trace 加载文件 ./project_cfg/shared/dungeon/1001/cfg_dungeon_reward_1001.xlsx...
2022-08-24 21:03:02.3902 Trace 加载文件 ./project_cfg/shared/dungeon/100142/cfg_dungeon_condition_100142.xlsx...
2022-08-24 21:03:02.3902 Trace 加载文件 ./project_cfg/shared/dungeon/100142/cfg_dungeon_element_100142.xlsx...
2022-08-24 21:03:02.3902 Trace 加载文件 ./project_cfg/shared/dungeon/100142/cfg_dungeon_event_100142.xlsx...
2022-08-24 21:03:02.3902 Trace 加载文件 ./project_cfg/shared/dungeon/1010201/cfg_dungeon_condition_1010201.xlsx...
2022-08-24 21:03:02.3902 Trace 加载文件 ./project_cfg/shared/dungeon/1010201/cfg_dungeon_element_1010201.xlsx...
2022-08-24 21:03:02.3902 Trace 加载文件 ./project_cfg/shared/dungeon/1010201/cfg_dungeon_event_1010201.xlsx...
2022-08-24 21:03:02.3902 Trace 加载文件 ./project_cfg/shared/dungeon/10142/cfg_dungeon_condition_10142.xlsx...
2022-08-24 21:03:02.3902 Trace 加载文件 ./project_cfg/shared/dungeon/10142/cfg_dungeon_element_10142.xlsx...
2022-08-24 21:03:02.3902 Trace 加载文件 ./project_cfg/shared/dungeon/10142/cfg_dungeon_event_10142.xlsx...
2022-08-24 21:03:02.3902 Trace 加载文件 ./project_cfg/shared/dungeon/200011/cfg_dungeon_condition_200011.xlsx...
2022-08-24 21:03:02.3902 Trace 加载文件 ./project_cfg/shared/dungeon/200011/cfg_dungeon_element_200011.xlsx...
2022-08-24 21:03:02.3902 Trace 加载文件 ./project_cfg/shared/dungeon/200011/cfg_dungeon_event_200011.xlsx...
2022-08-24 21:03:02.3902 Trace 加载文件 ./project_cfg/shared/dungeon/200011/cfg_dungeon_reward_200011.xlsx...
2022-08-24 21:03:02.3902 Trace 加载文件 ./project_cfg/shared/dungeon/2100000/cfg_affect_battle_behavior_2100000.xlsx...
2022-08-24 21:03:02.3902 Trace 加载文件 ./project_cfg/shared/dungeon/2100000/cfg_dungeon_condition_2100000.xlsx...
2022-08-24 21:03:02.3902 Trace 加载文件 ./project_cfg/shared/dungeon/2100000/cfg_dungeon_element_2100000.xlsx...
2022-08-24 21:03:02.3902 Trace 加载文件 ./project_cfg/shared/dungeon/2100000/cfg_dungeon_event_2100000.xlsx...
2022-08-24 21:03:02.3902 Trace 加载文件 ./project_cfg/shared/dungeon/2100000/cfg_dungeon_reward_2100000.xlsx...
2022-08-24 21:03:02.3902 Trace 加载文件 ./project_cfg/shared/dungeon/2100000/cfg_dungeon_task_2100000.xlsx...
2022-08-24 21:03:02.4052 Trace 加载文件 ./project_cfg/shared/dungeon/2100000/cfg_interact_2100000.xlsx...
2022-08-24 21:03:02.4052 Trace 加载文件 ./project_cfg/shared/dungeon/2100000/cfg_interact_behavior_2100000.xlsx...
2022-08-24 21:03:02.4052 Trace 加载文件 ./project_cfg/shared/dungeon/2100010/cfg_dungeon_condition_2100010.xlsx...
2022-08-24 21:03:02.4052 Trace 加载文件 ./project_cfg/shared/dungeon/2100010/cfg_dungeon_element_2100010.xlsx...
2022-08-24 21:03:02.4052 Trace 加载文件 ./project_cfg/shared/dungeon/2100010/cfg_dungeon_event_2100010.xlsx...
2022-08-24 21:03:02.4052 Trace 加载文件 ./project_cfg/shared/dungeon/2100010/cfg_dungeon_reward_2100010.xlsx...
2022-08-24 21:03:02.4052 Trace 加载文件 ./project_cfg/shared/dungeon/2100020/cfg_battle_level_2100020.xlsx...
2022-08-24 21:03:02.4052 Trace 加载文件 ./project_cfg/shared/dungeon/2100020/cfg_battle_wave_2100020.xlsx...
2022-08-24 21:03:02.4052 Trace 加载文件 ./project_cfg/shared/dungeon/2100020/cfg_dungeon_condition_2100020.xlsx...
2022-08-24 21:03:02.4052 Trace 加载文件 ./project_cfg/shared/dungeon/2100020/cfg_dungeon_event_2100020.xlsx...
2022-08-24 21:03:02.4052 Trace 加载文件 ./project_cfg/shared/element/cfg_element.xlsx...
2022-08-24 21:03:02.4052 Trace 加载文件 ./project_cfg/shared/element/cfg_element_link.xlsx...
2022-08-24 21:03:02.4052 Trace 加载文件 ./project_cfg/shared/global/language_list.xlsx...
2022-08-24 21:03:02.4052 Trace 加载文件 ./project_cfg/shared/global/language_story_list.xlsx...
2022-08-24 21:03:02.4052 Trace 加载文件 ./project_cfg/shared/guide/cfg_guide_all.xlsx...
2022-08-24 21:03:02.4052 Trace 加载文件 ./project_cfg/shared/guide/cfg_guide_trigger.xlsx...
2022-08-24 21:03:02.4052 Trace 加载文件 ./project_cfg/shared/item/cfg_gold.xlsx...
2022-08-24 21:03:02.4052 Trace 加载文件 ./project_cfg/shared/item/cfg_item.xlsx...
2022-08-24 21:03:02.4052 Trace 加载文件 ./project_cfg/shared/item/cfg_item_character.xlsx...
2022-08-24 21:03:02.4052 Trace 加载文件 ./project_cfg/shared/item/cfg_item_consumables.xlsx...
2022-08-24 21:03:02.4052 Trace 加载文件 ./project_cfg/shared/item/cfg_item_equipment.xlsx...
2022-08-24 21:03:02.4052 Trace 加载文件 ./project_cfg/shared/item/cfg_item_link.xlsx...
2022-08-24 21:03:02.4052 Trace 加载文件 ./project_cfg/shared/item/cfg_item_material.xlsx...
2022-08-24 21:03:02.4052 Trace 加载文件 ./project_cfg/shared/item/cfg_item_role.xlsx...
2022-08-24 21:03:02.4052 Trace 加载文件 ./project_cfg/shared/item/cfg_item_skin.xlsx...
2022-08-24 21:03:02.4052 Trace 加载文件 ./project_cfg/shared/item/cfg_item_weapon.xlsx...
2022-08-24 21:03:02.4052 Trace 加载文件 ./project_cfg/shared/item/cfg_roleasset.xlsx...
2022-08-24 21:03:02.4052 Trace 加载文件 ./project_cfg/shared/mail/cfg_template_mail.xlsx...
2022-08-24 21:03:02.4052 Trace 加载文件 ./project_cfg/shared/mainroom/cfg_main_room.xlsx...
2022-08-24 21:03:02.4052 Trace 加载文件 ./project_cfg/shared/pay/cfg_buy_goods.xlsx...
2022-08-24 21:03:02.4052 Trace 加载文件 ./project_cfg/shared/pay/cfg_subscribe.xlsx...
2022-08-24 21:03:02.4052 Trace 加载文件 ./project_cfg/shared/quest/cfg_quest.xlsx...
2022-08-24 21:03:02.4052 Trace 加载文件 ./project_cfg/shared/rank/cfg_rank.xlsx...
2022-08-24 21:03:02.4052 Trace 加载文件 ./project_cfg/shared/role/cfg_battle_role.xlsx...
2022-08-24 21:03:02.4052 Trace 加载文件 ./project_cfg/shared/role/cfg_dungeon_role.xlsx...
2022-08-24 21:03:02.4052 Trace 加载文件 ./project_cfg/shared/role/cfg_hero.xlsx...
2022-08-24 21:03:02.4052 Trace 加载文件 ./project_cfg/shared/role/cfg_monster.xlsx...
2022-08-24 21:03:02.4052 Trace 加载文件 ./project_cfg/shared/role/cfg_monster_asset.xlsx...
2022-08-24 21:03:02.4052 Trace 加载文件 ./project_cfg/shared/skill/cfg_passive_skill.xlsx...
2022-08-24 21:03:02.4052 Trace 加载文件 ./project_cfg/shared/skill/cfg_skill.xlsx...
2022-08-24 21:03:02.4052 Trace 加载文件 ./project_cfg/shared/skill/cfg_skill_grade.xlsx...
2022-08-24 21:03:02.4052 Trace 加载文件 ./project_cfg/shared/skill/cfg_skill_logic_instance.xlsx...
2022-08-24 21:03:02.4052 Trace 加载文件 ./project_cfg/shared/story/cfg_story_list.xlsx...
2022-08-24 21:03:02.4052 Trace 加载文件 ./project_cfg/shared/story/cfg_story_section_100101123.xlsx...
2022-08-24 21:03:02.4052 Trace 加载文件 ./project_cfg/shared/story/cfg_story_section_100101998.xlsx...
2022-08-24 21:03:02.4052 Trace 加载文件 ./project_cfg/shared/story/cfg_story_section_100101999.xlsx...
2022-08-24 21:03:02.4052 Trace 加载文件 ./project_cfg/shared/story/cfg_story_section_100102004.xlsx...
2022-08-24 21:03:02.4052 Trace 加载文件 ./project_cfg/shared/story/cfg_story_section_1123111001.xlsx...
2022-08-24 21:03:02.4052 Trace 加载文件 ./project_cfg/shared/summon/cfg_summon.xlsx...
2022-08-24 21:03:02.4052 Trace 加载文件 ./project_cfg/shared/team/cfg_team_squad.xlsx...
2022-08-24 21:03:02.4052 Info 加载116个表格，用时16毫秒
2022-08-24 21:03:02.4052 Trace 加载文件 ./project_cfg/server/role/cfg_role_init_const.xlsx...
2022-08-24 21:03:02.4052 Info 加载1个表格，用时0毫秒
2022-08-24 21:03:02.4052 Trace 加载文件 ./project_cfg/language/cfg_enum2string.xlsx...
2022-08-24 21:03:02.4052 Trace 加载文件 ./project_cfg/language/cfg_string_character.xlsx...
2022-08-24 21:03:02.4052 Trace 加载文件 ./project_cfg/language/cfg_string_character.xlsx 成功
2022-08-24 21:03:02.4052 Trace 加载文件 ./project_cfg/language/cfg_string_demo.xlsx...
2022-08-24 21:03:02.4052 Trace 加载文件 ./project_cfg/language/cfg_string_skill.xlsx...
2022-08-24 21:03:02.4231 Trace 加载文件 ./project_cfg/language/cfg_string_skill.xlsx 成功
2022-08-24 21:03:02.4231 Trace 加载文件 ./project_cfg/language/cfg_string_story_name_desc.xlsx...
2022-08-24 21:03:02.4231 Trace 加载文件 ./project_cfg/language/cfg_string_story_name_desc.xlsx 成功
2022-08-24 21:03:02.4231 Trace 加载文件 ./project_cfg/language/cfg_string_ui_battle.xlsx...
2022-08-24 21:03:02.4231 Trace 加载文件 ./project_cfg/language/cfg_string_ui_battle.xlsx 成功
2022-08-24 21:03:02.4231 Trace 加载文件 ./project_cfg/language/cfg_string_ui_chat.xlsx...
2022-08-24 21:03:02.4231 Trace 加载文件 ./project_cfg/language/cfg_string_ui_city.xlsx...
2022-08-24 21:03:02.4231 Trace 加载文件 ./project_cfg/language/cfg_string_ui_city.xlsx 成功
2022-08-24 21:03:02.4231 Trace 加载文件 ./project_cfg/language/cfg_string_ui_city_map.xlsx...
2022-08-24 21:03:02.4231 Trace 加载文件 ./project_cfg/language/cfg_string_ui_city_map.xlsx 成功
2022-08-24 21:03:02.4231 Trace 加载文件 ./project_cfg/language/cfg_string_ui_common.xlsx...
2022-08-24 21:03:02.4231 Trace 加载文件 ./project_cfg/language/cfg_string_ui_login.xlsx...
2022-08-24 21:03:02.4231 Trace 加载文件 ./project_cfg/language/cfg_string_ui_main.xlsx...
2022-08-24 21:03:02.4231 Trace 加载文件 ./project_cfg/language/cfg_string_ui_role_show.xlsx...
2022-08-24 21:03:02.4231 Trace 加载文件 ./project_cfg/language/cfg_string_ui_story.xlsx...
2022-08-24 21:03:02.4231 Trace 加载文件 ./project_cfg/language/cfg_string_ui_story.xlsx 成功
2022-08-24 21:03:02.4231 Trace 加载文件 ./project_cfg/language/cfg_string_ui_team.xlsx...
2022-08-24 21:03:02.4231 Trace 加载文件 ./project_cfg/language/cfg_string_verify.xlsx...
2022-08-24 21:03:02.4371 Trace 加载文件 ./project_cfg/language/cfg_str_100101012.xlsx...
2022-08-24 21:03:02.4371 Trace 加载文件 ./project_cfg/language/cfg_str_100101123.xlsx...
2022-08-24 21:03:02.4371 Trace 加载文件 ./project_cfg/language/cfg_str_100101123.xlsx 成功
2022-08-24 21:03:02.4371 Trace 加载文件 ./project_cfg/language/cfg_str_100101998.xlsx...
2022-08-24 21:03:02.4371 Trace 加载文件 ./project_cfg/language/cfg_str_100101998.xlsx 成功
2022-08-24 21:03:02.4371 Trace 加载文件 ./project_cfg/language/cfg_str_100101999.xlsx...
2022-08-24 21:03:02.4371 Trace 加载文件 ./project_cfg/language/cfg_str_100101999.xlsx 成功
2022-08-24 21:03:02.4371 Trace 加载文件 ./project_cfg/language/cfg_str_100102004.xlsx...
2022-08-24 21:03:02.4371 Trace 加载文件 ./project_cfg/language/cfg_str_1123111001.xlsx...
2022-08-24 21:03:02.4371 Trace 加载文件 ./project_cfg/language/cfg_str_1123111001.xlsx 成功
2022-08-24 21:03:02.4371 Trace 加载文件 ./project_cfg/language/cfg_str_mainstory_1_1_999.xlsx...
2022-08-24 21:03:02.4371 Trace 加载文件 ./project_cfg/language/cfg_str_mainstory_ch999.xlsx...
2022-08-24 21:03:02.4371 Trace 加载文件 ./project_cfg/language/str_ex.xlsx...
2022-08-24 21:03:02.4371 Info 加载25个表格，用时34毫秒
2022-08-24 21:03:02.4371 Info =============多余文件删除完毕，用时0毫秒===========
2022-08-24 21:03:03.4605 Info =============Excel导出完毕，用时1012毫秒===========
2022-08-24 21:03:04.7367 Trace 无法找到 ../ab/crossplatform/config/server/shared/dungeon/cfg_interact.csv 的源文件 ./project_cfg/shared/dungeon/cfg_interact.xlsx
2022-08-24 21:03:04.7367 Trace 无法找到 ../ab/crossplatform/config/server/shared/dungeon/cfg_interact_behavior.csv 的源文件 ./project_cfg/shared/dungeon/cfg_interact_behavior.xlsx
2022-08-24 21:03:04.7367 Info ============= 变动文件数，0个 ===========
2022-08-24 21:03:04.7367 Info =============还原变动文件完毕，用时1274毫秒===========
