2022-07-26 15:49:18.8767 Trace LoadConfig config\app.json OK 
2022-07-26 15:49:18.8767 Trace 加载文件 ./project_cfg/client/cfg_camera_slighty_shake.xlsx...
2022-07-26 15:49:18.8767 Trace 加载文件 ./project_cfg/client/cfg_device_safe_area.xlsx...
2022-07-26 15:49:18.8887 Trace 加载文件 ./project_cfg/client/cfg_game_const.xlsx...
2022-07-26 15:49:18.8887 Trace 加载文件 ./project_cfg/client/cfg_gyroscope.xlsx...
2022-07-26 15:49:18.8887 Trace 加载文件 ./project_cfg/client/cfg_lod.xlsx...
2022-07-26 15:49:18.8887 Trace 加载文件 ./project_cfg/client/cfg_mainui.xlsx...
2022-07-26 15:49:18.8887 Trace 加载文件 ./project_cfg/client/cfg_mainui_roles.xlsx...
2022-07-26 15:49:18.8887 Trace 加载文件 ./project_cfg/client/role.xlsx...
2022-07-26 15:49:18.8887 Trace 加载文件 ./project_cfg/client/achieve/cfg_achieve_group.xlsx...
2022-07-26 15:49:18.8887 Trace 加载文件 ./project_cfg/client/battle/cfg_battle_camera.xlsx...
2022-07-26 15:49:19.0637 Trace 加载文件 ./project_cfg/client/battle/cfg_battle_camera.xlsx 成功
2022-07-26 15:49:19.0637 Trace 加载文件 ./project_cfg/client/battle/cfg_battle_damage_scale.xlsx...
2022-07-26 15:49:19.0637 Trace 加载文件 ./project_cfg/client/battle/cfg_battle_skill_monsters.xlsx...
2022-07-26 15:49:19.0637 Trace 加载文件 ./project_cfg/client/battle/cfg_battle_skill_monsters.xlsx 成功
2022-07-26 15:49:19.0637 Trace 加载文件 ./project_cfg/client/battle/cfg_battle_view_const.xlsx...
2022-07-26 15:49:19.0786 Trace 加载文件 ./project_cfg/client/battle/cfg_battle_view_const.xlsx 成功
2022-07-26 15:49:19.0786 Trace 加载文件 ./project_cfg/client/battle/cfg_battle_wave_move_camera.xlsx...
2022-07-26 15:49:19.0786 Trace 加载文件 ./project_cfg/client/buff/cfg_buff_effect.xlsx...
2022-07-26 15:49:19.0786 Trace 加载文件 ./project_cfg/client/buff/cfg_buff_effect.xlsx 成功
2022-07-26 15:49:19.0786 Trace 加载文件 ./project_cfg/client/buff/cfg_buff_tips.xlsx...
2022-07-26 15:49:19.0916 Trace 加载文件 ./project_cfg/client/buff/cfg_buff_tips.xlsx 成功
2022-07-26 15:49:19.0916 Trace 加载文件 ./project_cfg/client/character/cfg_character_common.xlsx...
2022-07-26 15:49:19.0916 Trace 加载文件 ./project_cfg/client/dungeon/cfg_battle_reward.xlsx...
2022-07-26 15:49:19.0916 Trace 加载文件 ./project_cfg/client/dungeon/cfg_citymap.xlsx...
2022-07-26 15:49:19.0916 Trace 加载文件 ./project_cfg/client/dungeon/cfg_dungeon.xlsx...
2022-07-26 15:49:19.0916 Trace 加载文件 ./project_cfg/client/dungeon/cfg_dungeon_free_camera.xlsx...
2022-07-26 15:49:19.0916 Trace 加载文件 ./project_cfg/client/dungeon/cfg_dungeon_input_const.xlsx...
2022-07-26 15:49:19.0916 Trace 加载文件 ./project_cfg/client/dungeon/cfg_dungeon_map_element.xlsx...
2022-07-26 15:49:19.0916 Trace 加载文件 ./project_cfg/client/dungeon/cfg_dungeon_map_element.xlsx 成功
2022-07-26 15:49:19.0916 Trace 加载文件 ./project_cfg/client/dungeon/cfg_dungeon_perception_const.xlsx...
2022-07-26 15:49:19.0916 Trace 加载文件 ./project_cfg/client/dungeon/cfg_dungeon_perception_const.xlsx 成功
2022-07-26 15:49:19.0916 Trace 加载文件 ./project_cfg/client/dungeon/cfg_enter_battle_const.xlsx...
2022-07-26 15:49:19.0916 Trace 加载文件 ./project_cfg/client/dungeon/cfg_exit_battle_const.xlsx...
2022-07-26 15:49:19.0916 Trace 加载文件 ./project_cfg/client/dungeon/cfg_exit_battle_const.xlsx 成功
2022-07-26 15:49:19.0916 Trace 加载文件 ./project_cfg/client/dungeon/cfg_interact_view.xlsx...
2022-07-26 15:49:19.0916 Trace 加载文件 ./project_cfg/client/dungeon/cfg_sound_const.xlsx...
2022-07-26 15:49:19.0916 Trace 加载文件 ./project_cfg/client/dungeon/100050/cfg_dungeon_event_view_100050.xlsx...
2022-07-26 15:49:19.0916 Trace 加载文件 ./project_cfg/client/dungeon/100050/cfg_dungeon_minimap_100050.xlsx...
2022-07-26 15:49:19.0916 Trace 加载文件 ./project_cfg/client/dungeon/100052/cfg_association_pursue_100052.xlsx...
2022-07-26 15:49:19.0916 Trace 加载文件 ./project_cfg/client/dungeon/100052/cfg_dungeon_event_view_100052.xlsx...
2022-07-26 15:49:19.0916 Trace 加载文件 ./project_cfg/client/dungeon/100052/cfg_dungeon_minimap_100052.xlsx...
2022-07-26 15:49:19.0916 Trace 加载文件 ./project_cfg/client/dungeon/100062/cfg_association_pursue_100062.xlsx...
2022-07-26 15:49:19.0916 Trace 加载文件 ./project_cfg/client/dungeon/100062/cfg_dungeon_event_view_100062.xlsx...
2022-07-26 15:49:19.0916 Trace 加载文件 ./project_cfg/client/dungeon/100062/cfg_dungeon_minimap_100062.xlsx...
2022-07-26 15:49:19.0916 Trace 加载文件 ./project_cfg/client/dungeon/1001/cfg_association_pursue_1001.xlsx...
2022-07-26 15:49:19.0916 Trace 加载文件 ./project_cfg/client/dungeon/1001/cfg_dungeon_event_view_1001.xlsx...
2022-07-26 15:49:19.0916 Trace 加载文件 ./project_cfg/client/dungeon/1001/cfg_dungeon_minimap_1001.xlsx...
2022-07-26 15:49:19.0916 Trace 加载文件 ./project_cfg/client/dungeon/1001/cfg_dungeon_scenario_1001.xlsx...
2022-07-26 15:49:19.0916 Trace 加载文件 ./project_cfg/client/dungeon/1010201/cfg_association_pursue_1010201.xlsx...
2022-07-26 15:49:19.0916 Trace 加载文件 ./project_cfg/client/dungeon/1010201/cfg_dungeon_event_view_1010201.xlsx...
2022-07-26 15:49:19.0916 Trace 加载文件 ./project_cfg/client/dungeon/1010201/cfg_dungeon_minimap_1010201.xlsx...
2022-07-26 15:49:19.0916 Trace 加载文件 ./project_cfg/client/dungeon/200011/cfg_dungeon_event_view_200011.xlsx...
2022-07-26 15:49:19.0916 Trace 加载文件 ./project_cfg/client/dungeon/200011/cfg_dungeon_minimap_200011.xlsx...
2022-07-26 15:49:19.0916 Trace 加载文件 ./project_cfg/client/dungeon/2100000/cfg_association_pursue_2100000.xlsx...
2022-07-26 15:49:19.0916 Trace 加载文件 ./project_cfg/client/dungeon/2100000/cfg_dungeon_event_view_2100000.xlsx...
2022-07-26 15:49:19.1086 Trace 加载文件 ./project_cfg/client/dungeon/2100000/cfg_dungeon_event_view_2100000.xlsx 成功
2022-07-26 15:49:19.1086 Trace 加载文件 ./project_cfg/client/dungeon/2100000/cfg_dungeon_minimap_2100000.xlsx...
2022-07-26 15:49:19.1086 Trace 加载文件 ./project_cfg/client/dungeon/2100000/cfg_dungeon_minimap_2100000.xlsx 成功
2022-07-26 15:49:19.1086 Trace 加载文件 ./project_cfg/client/dungeon/2100000/cfg_dungeon_scenario_2100000.xlsx...
2022-07-26 15:49:19.1086 Trace 加载文件 ./project_cfg/client/dungeon/2100000/cfg_dungeon_scenario_2100000.xlsx 成功
2022-07-26 15:49:19.1086 Trace 加载文件 ./project_cfg/client/dungeon/2100010/cfg_association_pursue_2100010.xlsx...
2022-07-26 15:49:19.1086 Trace 加载文件 ./project_cfg/client/dungeon/2100010/cfg_dungeon_event_view_2100010.xlsx...
2022-07-26 15:49:19.1086 Trace 加载文件 ./project_cfg/client/dungeon/2100010/cfg_dungeon_minimap_2100010.xlsx...
2022-07-26 15:49:19.1086 Trace 加载文件 ./project_cfg/client/dungeon/2100020/cfg_association_pursue_2100020.xlsx...
2022-07-26 15:49:19.1086 Trace 加载文件 ./project_cfg/client/dungeon/2100020/cfg_dungeon_event_view_2100020.xlsx...
2022-07-26 15:49:19.1086 Trace 加载文件 ./project_cfg/client/dungeon/2100020/cfg_dungeon_minimap_2100020.xlsx...
2022-07-26 15:49:19.1086 Trace 加载文件 ./project_cfg/client/effect/cfg_effect_scale_pass.xlsx...
2022-07-26 15:49:19.1086 Trace 加载文件 ./project_cfg/client/element/cfg_element.xlsx...
2022-07-26 15:49:19.1086 Trace 加载文件 ./project_cfg/client/guide/cfg_guide.xlsx...
2022-07-26 15:49:19.1086 Trace 加载文件 ./project_cfg/client/input/cfg_input_key.xlsx...
2022-07-26 15:49:19.1086 Trace 加载文件 ./project_cfg/client/role/cfg_monster_asset.xlsx...
2022-07-26 15:49:19.1086 Trace 加载文件 ./project_cfg/client/role/cfg_monster_asset.xlsx 成功
2022-07-26 15:49:19.1086 Trace 加载文件 ./project_cfg/client/role/cfg_role_attribute.xlsx...
2022-07-26 15:49:19.1086 Trace 加载文件 ./project_cfg/client/role/cfg_role_info.xlsx...
2022-07-26 15:49:19.1275 Trace 加载文件 ./project_cfg/client/role/cfg_role_info.xlsx 成功
2022-07-26 15:49:19.1275 Trace 加载文件 ./project_cfg/client/role/cfg_role_info_template.xlsx...
2022-07-26 15:49:19.1275 Trace 加载文件 ./project_cfg/client/role/cfg_role_show.xlsx...
2022-07-26 15:49:19.1275 Trace 加载文件 ./project_cfg/client/role/cfg_role_show_common.xlsx...
2022-07-26 15:49:19.1275 Trace 加载文件 ./project_cfg/client/scenario/cfg_scenario_actor.xlsx...
2022-07-26 15:49:19.1275 Trace 加载文件 ./project_cfg/client/scenario/cfg_scenario_chapter.xlsx...
2022-07-26 15:49:19.1275 Trace 加载文件 ./project_cfg/client/scenario/section/101/cfg_scenario_section_101.xlsx...
2022-07-26 15:49:19.1275 Trace 加载文件 ./project_cfg/client/scenario/section/101/node/cfg_scenario_node_101001.xlsx...
2022-07-26 15:49:19.1275 Trace 加载文件 ./project_cfg/client/scenario/section/102/cfg_scenario_section_102.xlsx...
2022-07-26 15:49:19.1275 Trace 加载文件 ./project_cfg/client/scenario/section/102/node/cfg_scenario_node_102001.xlsx...
2022-07-26 15:49:19.1275 Trace 加载文件 ./project_cfg/client/scenario/section/102/node/cfg_scenario_node_102002.xlsx...
2022-07-26 15:49:19.1275 Trace 加载文件 ./project_cfg/client/scenario/section/102/node/cfg_scenario_node_102003.xlsx...
2022-07-26 15:49:19.1275 Trace 加载文件 ./project_cfg/client/scenario/section/102/node/cfg_scenario_node_102004.xlsx...
2022-07-26 15:49:19.1275 Trace 加载文件 ./project_cfg/client/scenario/section/102/node/cfg_scenario_node_102005.xlsx...
2022-07-26 15:49:19.1275 Trace 加载文件 ./project_cfg/client/scenario/section/102/node/cfg_scenario_node_102006.xlsx...
2022-07-26 15:49:19.1275 Trace 加载文件 ./project_cfg/client/scenario/section/103/cfg_scenario_section_103.xlsx...
2022-07-26 15:49:19.1275 Trace 加载文件 ./project_cfg/client/scenario/section/103/node/cfg_scenario_node_103001.xlsx...
2022-07-26 15:49:19.1275 Trace 加载文件 ./project_cfg/client/scenario/section/104/cfg_scenario_section_104.xlsx...
2022-07-26 15:49:19.1275 Trace 加载文件 ./project_cfg/client/scenario/section/104/node/cfg_scenario_node_104001.xlsx...
2022-07-26 15:49:19.1275 Trace 加载文件 ./project_cfg/client/skill/cfg_skill_field.xlsx...
2022-07-26 15:49:19.1275 Trace 加载文件 ./project_cfg/client/skill/cfg_skill_info.xlsx...
2022-07-26 15:49:19.1275 Trace 加载文件 ./project_cfg/client/skill/cfg_skill_info.xlsx 成功
2022-07-26 15:49:19.1275 Trace 加载文件 ./project_cfg/client/story/cfg_story_actor.xlsx...
2022-07-26 15:49:19.1275 Trace 加载文件 ./project_cfg/client/story/cfg_story_body_head.xlsx...
2022-07-26 15:49:19.1275 Trace 加载文件 ./project_cfg/client/story/cfg_story_common.xlsx...
2022-07-26 15:49:19.1385 Trace 加载文件 ./project_cfg/client/story/cfg_story_common.xlsx 成功
2022-07-26 15:49:19.1385 Trace 加载文件 ./project_cfg/client/story/cfg_story_test_entry.xlsx...
2022-07-26 15:49:19.1385 Trace 加载文件 ./project_cfg/client/story/cfg_story_test_entry.xlsx 成功
2022-07-26 15:49:19.1385 Trace 加载文件 ./project_cfg/client/story/100101012/cfg_story_node_100101012_1.xlsx...
2022-07-26 15:49:19.1385 Trace 加载文件 ./project_cfg/client/story/100101123/cfg_story_node_100101123_1.xlsx...
2022-07-26 15:49:19.1385 Trace 加载文件 ./project_cfg/client/story/100101123/cfg_story_node_100101123_1.xlsx 成功
2022-07-26 15:49:19.1385 Trace 加载文件 ./project_cfg/client/story/100101123/cfg_story_node_100101123_2.xlsx...
2022-07-26 15:49:19.1385 Trace 加载文件 ./project_cfg/client/story/100101123/cfg_story_node_100101123_2.xlsx 成功
2022-07-26 15:49:19.1385 Trace 加载文件 ./project_cfg/client/story/100101998/cfg_story_node_100101998_1.xlsx...
2022-07-26 15:49:19.1385 Trace 加载文件 ./project_cfg/client/story/100101998/cfg_story_node_100101998_2.xlsx...
2022-07-26 15:49:19.1385 Trace 加载文件 ./project_cfg/client/story/100102004/cfg_story_node_100102004_1.xlsx...
2022-07-26 15:49:19.1385 Trace 加载文件 ./project_cfg/client/story/Main/cfg_story_chapter_main.xlsx...
2022-07-26 15:49:19.1385 Trace 加载文件 ./project_cfg/client/story/Main/cfg_story_section_main_fast.xlsx...
2022-07-26 15:49:19.1385 Trace 加载文件 ./project_cfg/client/story/Main/Main001/cfg_story_node_main_fast_001_001.xlsx...
2022-07-26 15:49:19.1385 Trace 加载文件 ./project_cfg/client/story/Main/Main001/cfg_story_node_main_fast_001_002.xlsx...
2022-07-26 15:49:19.1385 Trace 加载文件 ./project_cfg/client/story/Main/Main002/cfg_story_node_main_fast_002_001.xlsx...
2022-07-26 15:49:19.1385 Trace 加载文件 ./project_cfg/client/story/Main/Main002/cfg_story_node_main_fast_002_002.xlsx...
2022-07-26 15:49:19.1385 Trace 加载文件 ./project_cfg/client/story/Main/main999/cfg_story_node_main_fast_999_101.xlsx...
2022-07-26 15:49:19.1385 Trace 加载文件 ./project_cfg/client/story/Main/main999/cfg_story_node_main_fast_999_334.xlsx...
2022-07-26 15:49:19.1385 Trace 加载文件 ./project_cfg/client/story/Main/main999/cfg_story_node_main_fast_999_555.xlsx...
2022-07-26 15:49:19.1385 Trace 加载文件 ./project_cfg/client/story/Main/main999/cfg_story_node_main_fast_999_560.xlsx...
2022-07-26 15:49:19.1385 Trace 加载文件 ./project_cfg/client/story/Main/main999/cfg_story_node_main_fast_999_997.xlsx...
2022-07-26 15:49:19.1385 Trace 加载文件 ./project_cfg/client/story/Main/main999/cfg_story_node_main_fast_999_999.xlsx...
2022-07-26 15:49:19.1385 Trace 加载文件 ./project_cfg/client/story/MainStory_1_1_999/cfg_story_node_MainStory_1_1_999_1.xlsx...
2022-07-26 15:49:19.1385 Trace 加载文件 ./project_cfg/client/story/MainStory_1_1_999/cfg_story_node_MainStory_1_1_999_6.xlsx...
2022-07-26 15:49:19.1385 Trace 加载文件 ./project_cfg/client/story/Side/cfg_story_chapter_side.xlsx...
2022-07-26 15:49:19.1385 Trace 加载文件 ./project_cfg/client/story/Side/cfg_story_section_side_fast.xlsx...
2022-07-26 15:49:19.1385 Trace 加载文件 ./project_cfg/client/story/Side/Side001/cfg_story_node_side_fast_001_001.xlsx...
2022-07-26 15:49:19.1385 Trace 加载文件 ./project_cfg/client/story/Side/Side001/cfg_story_node_side_fast_001_002.xlsx...
2022-07-26 15:49:19.1540 Trace 加载文件 ./project_cfg/client/story/Side/Side002/cfg_story_node_side_fast_002_001.xlsx...
2022-07-26 15:49:19.1540 Trace 加载文件 ./project_cfg/client/story/Side/Side002/cfg_story_node_side_fast_002_002.xlsx...
2022-07-26 15:49:19.1540 Info 加载112个表格，用时267毫秒
2022-07-26 15:49:19.1540 Trace 加载文件 ./project_cfg/shared/achieve/cfg_achieve.xlsx...
2022-07-26 15:49:19.1540 Trace 加载文件 ./project_cfg/shared/ai/cfg_ai.xlsx...
2022-07-26 15:49:19.1540 Trace 加载文件 ./project_cfg/shared/ai/cfg_ai.xlsx 成功
2022-07-26 15:49:19.1540 Trace 加载文件 ./project_cfg/shared/ai/cfg_ai_bhv_instance.xlsx...
2022-07-26 15:49:19.1540 Trace 加载文件 ./project_cfg/shared/ai/cfg_ai_bhv_instance.xlsx 成功
2022-07-26 15:49:19.1540 Trace 加载文件 ./project_cfg/shared/ai/cfg_ai_bhv_list.xlsx...
2022-07-26 15:49:19.1540 Trace 加载文件 ./project_cfg/shared/ai/cfg_ai_bhv_list.xlsx 成功
2022-07-26 15:49:19.1540 Trace 加载文件 ./project_cfg/shared/ai/cfg_ai_condition_trigger.xlsx...
2022-07-26 15:49:19.1540 Trace 加载文件 ./project_cfg/shared/battle/cfg_battle_logic_const.xlsx...
2022-07-26 15:49:19.1540 Trace 加载文件 ./project_cfg/shared/battle/cfg_battle_logic_const.xlsx 成功
2022-07-26 15:49:19.1540 Trace 加载文件 ./project_cfg/shared/battle/cfg_battle_skill_back_logic_instance.xlsx...
2022-07-26 15:49:19.1540 Trace 加载文件 ./project_cfg/shared/battle/cfg_hit_logic_type.xlsx...
2022-07-26 15:49:19.1540 Trace 加载文件 ./project_cfg/shared/battle/100050/cfg_battle_level_100050.xlsx...
2022-07-26 15:49:19.1540 Trace 加载文件 ./project_cfg/shared/battle/100050/cfg_battle_wave_100050.xlsx...
2022-07-26 15:49:19.1540 Trace 加载文件 ./project_cfg/shared/battle/1001/cfg_battle_level_1001.xlsx...
2022-07-26 15:49:19.1540 Trace 加载文件 ./project_cfg/shared/battle/1001/cfg_battle_wave_1001.xlsx...
2022-07-26 15:49:19.1540 Trace 加载文件 ./project_cfg/shared/battle/101/cfg_battle_level_101.xlsx...
2022-07-26 15:49:19.1700 Trace 加载文件 ./project_cfg/shared/battle/101/cfg_battle_level_101.xlsx 成功
2022-07-26 15:49:19.1700 Trace 加载文件 ./project_cfg/shared/battle/101/cfg_battle_wave_101.xlsx...
2022-07-26 15:49:19.1700 Trace 加载文件 ./project_cfg/shared/battle/1010201/cfg_battle_level_1010201.xlsx...
2022-07-26 15:49:19.1700 Trace 加载文件 ./project_cfg/shared/battle/1010201/cfg_battle_wave_1010201.xlsx...
2022-07-26 15:49:19.1700 Trace 加载文件 ./project_cfg/shared/battle/102/cfg_battle_level_102.xlsx...
2022-07-26 15:49:19.1700 Trace 加载文件 ./project_cfg/shared/battle/102/cfg_battle_level_102.xlsx 成功
2022-07-26 15:49:19.1700 Trace 加载文件 ./project_cfg/shared/battle/102/cfg_battle_wave_102.xlsx...
2022-07-26 15:49:19.1700 Trace 加载文件 ./project_cfg/shared/battle/102/cfg_battle_wave_102.xlsx 成功
2022-07-26 15:49:19.1700 Trace 加载文件 ./project_cfg/shared/battle/2100000/cfg_battle_level_2100000.xlsx...
2022-07-26 15:49:19.1700 Trace 加载文件 ./project_cfg/shared/battle/2100000/cfg_battle_level_2100000.xlsx 成功
2022-07-26 15:49:19.1700 Trace 加载文件 ./project_cfg/shared/battle/2100000/cfg_battle_wave_2100000.xlsx...
2022-07-26 15:49:19.1700 Trace 加载文件 ./project_cfg/shared/battle/2100000/cfg_battle_wave_2100000.xlsx 成功
2022-07-26 15:49:19.1700 Trace 加载文件 ./project_cfg/shared/battle/2100010/cfg_battle_level_2100010.xlsx...
2022-07-26 15:49:19.1700 Trace 加载文件 ./project_cfg/shared/battle/2100010/cfg_battle_wave_2100010.xlsx...
2022-07-26 15:49:19.1700 Trace 加载文件 ./project_cfg/shared/buff/cfg_buff.xlsx...
2022-07-26 15:49:19.1949 Trace 加载文件 ./project_cfg/shared/buff/cfg_buff.xlsx 成功
2022-07-26 15:49:19.1949 Trace 加载文件 ./project_cfg/shared/buff/cfg_buff_logic.xlsx...
2022-07-26 15:49:19.2827 Trace 加载文件 ./project_cfg/shared/buff/cfg_buff_logic.xlsx 成功
2022-07-26 15:49:19.2827 Trace 加载文件 ./project_cfg/shared/condition/cfg_battle_condition_instance.xlsx...
2022-07-26 15:49:19.2979 Trace 加载文件 ./project_cfg/shared/condition/cfg_battle_condition_instance.xlsx 成功
2022-07-26 15:49:19.2979 Trace 加载文件 ./project_cfg/shared/dungeon/cfg_day_night_change.xlsx...
2022-07-26 15:49:19.2979 Trace 加载文件 ./project_cfg/shared/dungeon/cfg_dungeon_common_reward.xlsx...
2022-07-26 15:49:19.2979 Trace 加载文件 ./project_cfg/shared/dungeon/cfg_dungeon_const.xlsx...
2022-07-26 15:49:19.2979 Trace 加载文件 ./project_cfg/shared/dungeon/cfg_dungeon_const.xlsx 成功
2022-07-26 15:49:19.2979 Trace 加载文件 ./project_cfg/shared/dungeon/cfg_initiative_attack.xlsx...
2022-07-26 15:49:19.2979 Trace 加载文件 ./project_cfg/shared/dungeon/cfg_interact.xlsx...
2022-07-26 15:49:19.2979 Trace 加载文件 ./project_cfg/shared/dungeon/cfg_interact.xlsx 成功
2022-07-26 15:49:19.2979 Trace 加载文件 ./project_cfg/shared/dungeon/cfg_interact_behavior.xlsx...
2022-07-26 15:49:19.2979 Trace 加载文件 ./project_cfg/shared/dungeon/cfg_interact_behavior.xlsx 成功
2022-07-26 15:49:19.2979 Trace 加载文件 ./project_cfg/shared/dungeon/cfg_main_dungeon.xlsx...
2022-07-26 15:49:19.3118 Trace 加载文件 ./project_cfg/shared/dungeon/cfg_main_dungeon.xlsx 成功
2022-07-26 15:49:19.3118 Trace 加载文件 ./project_cfg/shared/dungeon/cfg_throw_ball.xlsx...
2022-07-26 15:49:19.3118 Trace 加载文件 ./project_cfg/shared/dungeon/cfg_warning.xlsx...
2022-07-26 15:49:19.3118 Trace 加载文件 ./project_cfg/shared/dungeon/100050/cfg_dungeon_condition_100050.xlsx...
2022-07-26 15:49:19.3118 Trace 加载文件 ./project_cfg/shared/dungeon/100050/cfg_dungeon_event_100050.xlsx...
2022-07-26 15:49:19.3118 Trace 加载文件 ./project_cfg/shared/dungeon/100052/cfg_dungeon_condition_100052.xlsx...
2022-07-26 15:49:19.3118 Trace 加载文件 ./project_cfg/shared/dungeon/100052/cfg_dungeon_element_100052.xlsx...
2022-07-26 15:49:19.3118 Trace 加载文件 ./project_cfg/shared/dungeon/100052/cfg_dungeon_event_100052.xlsx...
2022-07-26 15:49:19.3118 Trace 加载文件 ./project_cfg/shared/dungeon/100062/cfg_dungeon_condition_100062.xlsx...
2022-07-26 15:49:19.3118 Trace 加载文件 ./project_cfg/shared/dungeon/100062/cfg_dungeon_element_100062.xlsx...
2022-07-26 15:49:19.3118 Trace 加载文件 ./project_cfg/shared/dungeon/100062/cfg_dungeon_event_100062.xlsx...
2022-07-26 15:49:19.3118 Trace 加载文件 ./project_cfg/shared/dungeon/100062/cfg_dungeon_reward_100062.xlsx...
2022-07-26 15:49:19.3118 Trace 加载文件 ./project_cfg/shared/dungeon/1001/cfg_dungeon_condition_1001.xlsx...
2022-07-26 15:49:19.3118 Trace 加载文件 ./project_cfg/shared/dungeon/1001/cfg_dungeon_event_1001.xlsx...
2022-07-26 15:49:19.3118 Trace 加载文件 ./project_cfg/shared/dungeon/1001/cfg_dungeon_reward_1001.xlsx...
2022-07-26 15:49:19.3118 Trace 加载文件 ./project_cfg/shared/dungeon/1010201/cfg_dungeon_condition_1010201.xlsx...
2022-07-26 15:49:19.3118 Trace 加载文件 ./project_cfg/shared/dungeon/1010201/cfg_dungeon_element_1010201.xlsx...
2022-07-26 15:49:19.3118 Trace 加载文件 ./project_cfg/shared/dungeon/1010201/cfg_dungeon_event_1010201.xlsx...
2022-07-26 15:49:19.3118 Trace 加载文件 ./project_cfg/shared/dungeon/200011/cfg_dungeon_condition_200011.xlsx...
2022-07-26 15:49:19.3118 Trace 加载文件 ./project_cfg/shared/dungeon/200011/cfg_dungeon_element_200011.xlsx...
2022-07-26 15:49:19.3118 Trace 加载文件 ./project_cfg/shared/dungeon/200011/cfg_dungeon_event_200011.xlsx...
2022-07-26 15:49:19.3118 Trace 加载文件 ./project_cfg/shared/dungeon/200011/cfg_dungeon_reward_200011.xlsx...
2022-07-26 15:49:19.3118 Trace 加载文件 ./project_cfg/shared/dungeon/2100000/cfg_dungeon_condition_2100000.xlsx...
2022-07-26 15:49:19.3118 Trace 加载文件 ./project_cfg/shared/dungeon/2100000/cfg_dungeon_element_2100000.xlsx...
2022-07-26 15:49:19.3118 Trace 加载文件 ./project_cfg/shared/dungeon/2100000/cfg_dungeon_event_2100000.xlsx...
2022-07-26 15:49:19.3278 Trace 加载文件 ./project_cfg/shared/dungeon/2100000/cfg_dungeon_event_2100000.xlsx 成功
2022-07-26 15:49:19.3278 Trace 加载文件 ./project_cfg/shared/dungeon/2100000/cfg_dungeon_task_2100000.xlsx...
2022-07-26 15:49:19.3278 Trace 加载文件 ./project_cfg/shared/dungeon/2100000/cfg_dungeon_task_2100000.xlsx 成功
2022-07-26 15:49:19.3278 Trace 加载文件 ./project_cfg/shared/dungeon/2100010/cfg_dungeon_condition_2100010.xlsx...
2022-07-26 15:49:19.3278 Trace 加载文件 ./project_cfg/shared/dungeon/2100010/cfg_dungeon_element_2100010.xlsx...
2022-07-26 15:49:19.3278 Trace 加载文件 ./project_cfg/shared/dungeon/2100010/cfg_dungeon_event_2100010.xlsx...
2022-07-26 15:49:19.3278 Trace 加载文件 ./project_cfg/shared/dungeon/2100010/cfg_dungeon_reward_2100010.xlsx...
2022-07-26 15:49:19.3278 Trace 加载文件 ./project_cfg/shared/dungeon/2100020/cfg_battle_level_2100020.xlsx...
2022-07-26 15:49:19.3278 Trace 加载文件 ./project_cfg/shared/dungeon/2100020/cfg_battle_wave_2100020.xlsx...
2022-07-26 15:49:19.3278 Trace 加载文件 ./project_cfg/shared/dungeon/2100020/cfg_dungeon_condition_2100020.xlsx...
2022-07-26 15:49:19.3278 Trace 加载文件 ./project_cfg/shared/dungeon/2100020/cfg_dungeon_event_2100020.xlsx...
2022-07-26 15:49:19.3278 Trace 加载文件 ./project_cfg/shared/element/cfg_element_link.xlsx...
2022-07-26 15:49:19.3278 Trace 加载文件 ./project_cfg/shared/global/language_list.xlsx...
2022-07-26 15:49:19.3278 Trace 加载文件 ./project_cfg/shared/global/language_story_list.xlsx...
2022-07-26 15:49:19.3278 Trace 加载文件 ./project_cfg/shared/global/language_story_list.xlsx 成功
2022-07-26 15:49:19.3278 Trace 加载文件 ./project_cfg/shared/guide/cfg_guide_all.xlsx...
2022-07-26 15:49:19.3278 Trace 加载文件 ./project_cfg/shared/guide/cfg_guide_trigger.xlsx...
2022-07-26 15:49:19.3417 Trace 加载文件 ./project_cfg/shared/item/cfg_gold.xlsx...
2022-07-26 15:49:19.3417 Trace 加载文件 ./project_cfg/shared/item/cfg_item.xlsx...
2022-07-26 15:49:19.3417 Trace 加载文件 ./project_cfg/shared/item/cfg_item_character.xlsx...
2022-07-26 15:49:19.3417 Trace 加载文件 ./project_cfg/shared/item/cfg_item_consumables.xlsx...
2022-07-26 15:49:19.3417 Trace 加载文件 ./project_cfg/shared/item/cfg_item_equipment.xlsx...
2022-07-26 15:49:19.3417 Trace 加载文件 ./project_cfg/shared/item/cfg_item_link.xlsx...
2022-07-26 15:49:19.3417 Trace 加载文件 ./project_cfg/shared/item/cfg_item_material.xlsx...
2022-07-26 15:49:19.3417 Trace 加载文件 ./project_cfg/shared/item/cfg_item_role.xlsx...
2022-07-26 15:49:19.3417 Trace 加载文件 ./project_cfg/shared/item/cfg_item_skin.xlsx...
2022-07-26 15:49:19.3417 Trace 加载文件 ./project_cfg/shared/item/cfg_item_weapon.xlsx...
2022-07-26 15:49:19.3417 Trace 加载文件 ./project_cfg/shared/item/cfg_roleasset.xlsx...
2022-07-26 15:49:19.3417 Trace 加载文件 ./project_cfg/shared/mail/cfg_template_mail.xlsx...
2022-07-26 15:49:19.3417 Trace 加载文件 ./project_cfg/shared/mainroom/cfg_main_room.xlsx...
2022-07-26 15:49:19.3417 Trace 加载文件 ./project_cfg/shared/pay/cfg_buy_goods.xlsx...
2022-07-26 15:49:19.3417 Trace 加载文件 ./project_cfg/shared/pay/cfg_subscribe.xlsx...
2022-07-26 15:49:19.3417 Trace 加载文件 ./project_cfg/shared/quest/cfg_quest.xlsx...
2022-07-26 15:49:19.3417 Trace 加载文件 ./project_cfg/shared/rank/cfg_rank.xlsx...
2022-07-26 15:49:19.3417 Trace 加载文件 ./project_cfg/shared/role/cfg_dungeon_role.xlsx...
2022-07-26 15:49:19.3417 Trace 加载文件 ./project_cfg/shared/role/cfg_dungeon_role.xlsx 成功
2022-07-26 15:49:19.3417 Trace 加载文件 ./project_cfg/shared/role/cfg_hero.xlsx...
2022-07-26 15:49:19.3417 Trace 加载文件 ./project_cfg/shared/role/cfg_hero.xlsx 成功
2022-07-26 15:49:19.3417 Trace 加载文件 ./project_cfg/shared/role/cfg_monster.xlsx...
2022-07-26 15:49:19.3417 Trace 加载文件 ./project_cfg/shared/role/cfg_monster.xlsx 成功
2022-07-26 15:49:19.3417 Trace 加载文件 ./project_cfg/shared/skill/cfg_passive_skill.xlsx...
2022-07-26 15:49:19.3587 Trace 加载文件 ./project_cfg/shared/skill/cfg_passive_skill.xlsx 成功
2022-07-26 15:49:19.3587 Trace 加载文件 ./project_cfg/shared/skill/cfg_skill.xlsx...
2022-07-26 15:49:19.3587 Trace 加载文件 ./project_cfg/shared/skill/cfg_skill.xlsx 成功
2022-07-26 15:49:19.3587 Trace 加载文件 ./project_cfg/shared/skill/cfg_skill_grade.xlsx...
2022-07-26 15:49:19.3786 Trace 加载文件 ./project_cfg/shared/skill/cfg_skill_grade.xlsx 成功
2022-07-26 15:49:19.3786 Trace 加载文件 ./project_cfg/shared/skill/cfg_skill_logic_instance.xlsx...
2022-07-26 15:49:19.4047 Trace 加载文件 ./project_cfg/shared/skill/cfg_skill_logic_instance.xlsx 成功
2022-07-26 15:49:19.4047 Trace 加载文件 ./project_cfg/shared/story/cfg_story_list.xlsx...
2022-07-26 15:49:19.4047 Trace 加载文件 ./project_cfg/shared/story/cfg_story_list.xlsx 成功
2022-07-26 15:49:19.4047 Trace 加载文件 ./project_cfg/shared/story/cfg_story_section_100101123.xlsx...
2022-07-26 15:49:19.4047 Trace 加载文件 ./project_cfg/shared/story/cfg_story_section_100101123.xlsx 成功
2022-07-26 15:49:19.4047 Trace 加载文件 ./project_cfg/shared/story/cfg_story_section_100101998.xlsx...
2022-07-26 15:49:19.4047 Trace 加载文件 ./project_cfg/shared/story/cfg_story_section_100102004.xlsx...
2022-07-26 15:49:19.4047 Trace 加载文件 ./project_cfg/shared/story/cfg_story_section_100102004.xlsx 成功
2022-07-26 15:49:19.4047 Trace 加载文件 ./project_cfg/shared/summon/cfg_summon.xlsx...
2022-07-26 15:49:19.4047 Trace 加载文件 ./project_cfg/shared/team/cfg_team_squad.xlsx...
2022-07-26 15:49:19.4047 Info 加载100个表格，用时260毫秒
2022-07-26 15:49:19.4047 Trace 加载文件 ./project_cfg/shared/achieve/cfg_achieve.xlsx...
2022-07-26 15:49:19.4047 Trace 加载文件 ./project_cfg/shared/ai/cfg_ai.xlsx...
2022-07-26 15:49:19.4047 Trace 加载文件 ./project_cfg/shared/ai/cfg_ai_bhv_instance.xlsx...
2022-07-26 15:49:19.4047 Trace 加载文件 ./project_cfg/shared/ai/cfg_ai_bhv_list.xlsx...
2022-07-26 15:49:19.4047 Trace 加载文件 ./project_cfg/shared/ai/cfg_ai_condition_trigger.xlsx...
2022-07-26 15:49:19.4047 Trace 加载文件 ./project_cfg/shared/battle/cfg_battle_logic_const.xlsx...
2022-07-26 15:49:19.4047 Trace 加载文件 ./project_cfg/shared/battle/cfg_battle_skill_back_logic_instance.xlsx...
2022-07-26 15:49:19.4047 Trace 加载文件 ./project_cfg/shared/battle/cfg_hit_logic_type.xlsx...
2022-07-26 15:49:19.4047 Trace 加载文件 ./project_cfg/shared/battle/100050/cfg_battle_level_100050.xlsx...
2022-07-26 15:49:19.4047 Trace 加载文件 ./project_cfg/shared/battle/100050/cfg_battle_wave_100050.xlsx...
2022-07-26 15:49:19.4047 Trace 加载文件 ./project_cfg/shared/battle/1001/cfg_battle_level_1001.xlsx...
2022-07-26 15:49:19.4047 Trace 加载文件 ./project_cfg/shared/battle/1001/cfg_battle_wave_1001.xlsx...
2022-07-26 15:49:19.4047 Trace 加载文件 ./project_cfg/shared/battle/101/cfg_battle_level_101.xlsx...
2022-07-26 15:49:19.4047 Trace 加载文件 ./project_cfg/shared/battle/101/cfg_battle_wave_101.xlsx...
2022-07-26 15:49:19.4047 Trace 加载文件 ./project_cfg/shared/battle/1010201/cfg_battle_level_1010201.xlsx...
2022-07-26 15:49:19.4047 Trace 加载文件 ./project_cfg/shared/battle/1010201/cfg_battle_wave_1010201.xlsx...
2022-07-26 15:49:19.4047 Trace 加载文件 ./project_cfg/shared/battle/102/cfg_battle_level_102.xlsx...
2022-07-26 15:49:19.4047 Trace 加载文件 ./project_cfg/shared/battle/102/cfg_battle_wave_102.xlsx...
2022-07-26 15:49:19.4047 Trace 加载文件 ./project_cfg/shared/battle/2100000/cfg_battle_level_2100000.xlsx...
2022-07-26 15:49:19.4047 Trace 加载文件 ./project_cfg/shared/battle/2100000/cfg_battle_wave_2100000.xlsx...
2022-07-26 15:49:19.4047 Trace 加载文件 ./project_cfg/shared/battle/2100010/cfg_battle_level_2100010.xlsx...
2022-07-26 15:49:19.4047 Trace 加载文件 ./project_cfg/shared/battle/2100010/cfg_battle_wave_2100010.xlsx...
2022-07-26 15:49:19.4047 Trace 加载文件 ./project_cfg/shared/buff/cfg_buff.xlsx...
2022-07-26 15:49:19.4047 Trace 加载文件 ./project_cfg/shared/buff/cfg_buff_logic.xlsx...
2022-07-26 15:49:19.4047 Trace 加载文件 ./project_cfg/shared/condition/cfg_battle_condition_instance.xlsx...
2022-07-26 15:49:19.4047 Trace 加载文件 ./project_cfg/shared/dungeon/cfg_day_night_change.xlsx...
2022-07-26 15:49:19.4047 Trace 加载文件 ./project_cfg/shared/dungeon/cfg_dungeon_common_reward.xlsx...
2022-07-26 15:49:19.4047 Trace 加载文件 ./project_cfg/shared/dungeon/cfg_dungeon_const.xlsx...
2022-07-26 15:49:19.4047 Trace 加载文件 ./project_cfg/shared/dungeon/cfg_initiative_attack.xlsx...
2022-07-26 15:49:19.4047 Trace 加载文件 ./project_cfg/shared/dungeon/cfg_interact.xlsx...
2022-07-26 15:49:19.4047 Trace 加载文件 ./project_cfg/shared/dungeon/cfg_interact_behavior.xlsx...
2022-07-26 15:49:19.4047 Trace 加载文件 ./project_cfg/shared/dungeon/cfg_main_dungeon.xlsx...
2022-07-26 15:49:19.4047 Trace 加载文件 ./project_cfg/shared/dungeon/cfg_throw_ball.xlsx...
2022-07-26 15:49:19.4197 Trace 加载文件 ./project_cfg/shared/dungeon/cfg_warning.xlsx...
2022-07-26 15:49:19.4197 Trace 加载文件 ./project_cfg/shared/dungeon/100050/cfg_dungeon_condition_100050.xlsx...
2022-07-26 15:49:19.4197 Trace 加载文件 ./project_cfg/shared/dungeon/100050/cfg_dungeon_event_100050.xlsx...
2022-07-26 15:49:19.4197 Trace 加载文件 ./project_cfg/shared/dungeon/100052/cfg_dungeon_condition_100052.xlsx...
2022-07-26 15:49:19.4197 Trace 加载文件 ./project_cfg/shared/dungeon/100052/cfg_dungeon_element_100052.xlsx...
2022-07-26 15:49:19.4197 Trace 加载文件 ./project_cfg/shared/dungeon/100052/cfg_dungeon_event_100052.xlsx...
2022-07-26 15:49:19.4197 Trace 加载文件 ./project_cfg/shared/dungeon/100062/cfg_dungeon_condition_100062.xlsx...
2022-07-26 15:49:19.4197 Trace 加载文件 ./project_cfg/shared/dungeon/100062/cfg_dungeon_element_100062.xlsx...
2022-07-26 15:49:19.4197 Trace 加载文件 ./project_cfg/shared/dungeon/100062/cfg_dungeon_event_100062.xlsx...
2022-07-26 15:49:19.4197 Trace 加载文件 ./project_cfg/shared/dungeon/100062/cfg_dungeon_reward_100062.xlsx...
2022-07-26 15:49:19.4197 Trace 加载文件 ./project_cfg/shared/dungeon/1001/cfg_dungeon_condition_1001.xlsx...
2022-07-26 15:49:19.4197 Trace 加载文件 ./project_cfg/shared/dungeon/1001/cfg_dungeon_event_1001.xlsx...
2022-07-26 15:49:19.4197 Trace 加载文件 ./project_cfg/shared/dungeon/1001/cfg_dungeon_reward_1001.xlsx...
2022-07-26 15:49:19.4197 Trace 加载文件 ./project_cfg/shared/dungeon/1010201/cfg_dungeon_condition_1010201.xlsx...
2022-07-26 15:49:19.4197 Trace 加载文件 ./project_cfg/shared/dungeon/1010201/cfg_dungeon_element_1010201.xlsx...
2022-07-26 15:49:19.4197 Trace 加载文件 ./project_cfg/shared/dungeon/1010201/cfg_dungeon_event_1010201.xlsx...
2022-07-26 15:49:19.4197 Trace 加载文件 ./project_cfg/shared/dungeon/200011/cfg_dungeon_condition_200011.xlsx...
2022-07-26 15:49:19.4197 Trace 加载文件 ./project_cfg/shared/dungeon/200011/cfg_dungeon_element_200011.xlsx...
2022-07-26 15:49:19.4197 Trace 加载文件 ./project_cfg/shared/dungeon/200011/cfg_dungeon_event_200011.xlsx...
2022-07-26 15:49:19.4197 Trace 加载文件 ./project_cfg/shared/dungeon/200011/cfg_dungeon_reward_200011.xlsx...
2022-07-26 15:49:19.4197 Trace 加载文件 ./project_cfg/shared/dungeon/2100000/cfg_dungeon_condition_2100000.xlsx...
2022-07-26 15:49:19.4197 Trace 加载文件 ./project_cfg/shared/dungeon/2100000/cfg_dungeon_element_2100000.xlsx...
2022-07-26 15:49:19.4197 Trace 加载文件 ./project_cfg/shared/dungeon/2100000/cfg_dungeon_event_2100000.xlsx...
2022-07-26 15:49:19.4197 Trace 加载文件 ./project_cfg/shared/dungeon/2100000/cfg_dungeon_task_2100000.xlsx...
2022-07-26 15:49:19.4197 Trace 加载文件 ./project_cfg/shared/dungeon/2100010/cfg_dungeon_condition_2100010.xlsx...
2022-07-26 15:49:19.4197 Trace 加载文件 ./project_cfg/shared/dungeon/2100010/cfg_dungeon_element_2100010.xlsx...
2022-07-26 15:49:19.4197 Trace 加载文件 ./project_cfg/shared/dungeon/2100010/cfg_dungeon_event_2100010.xlsx...
2022-07-26 15:49:19.4197 Trace 加载文件 ./project_cfg/shared/dungeon/2100010/cfg_dungeon_reward_2100010.xlsx...
2022-07-26 15:49:19.4197 Trace 加载文件 ./project_cfg/shared/dungeon/2100020/cfg_battle_level_2100020.xlsx...
2022-07-26 15:49:19.4197 Trace 加载文件 ./project_cfg/shared/dungeon/2100020/cfg_battle_wave_2100020.xlsx...
2022-07-26 15:49:19.4197 Trace 加载文件 ./project_cfg/shared/dungeon/2100020/cfg_dungeon_condition_2100020.xlsx...
2022-07-26 15:49:19.4197 Trace 加载文件 ./project_cfg/shared/dungeon/2100020/cfg_dungeon_event_2100020.xlsx...
2022-07-26 15:49:19.4197 Trace 加载文件 ./project_cfg/shared/element/cfg_element_link.xlsx...
2022-07-26 15:49:19.4197 Trace 加载文件 ./project_cfg/shared/global/language_list.xlsx...
2022-07-26 15:49:19.4197 Trace 加载文件 ./project_cfg/shared/global/language_story_list.xlsx...
2022-07-26 15:49:19.4197 Trace 加载文件 ./project_cfg/shared/guide/cfg_guide_all.xlsx...
2022-07-26 15:49:19.4197 Trace 加载文件 ./project_cfg/shared/guide/cfg_guide_trigger.xlsx...
2022-07-26 15:49:19.4197 Trace 加载文件 ./project_cfg/shared/item/cfg_gold.xlsx...
2022-07-26 15:49:19.4197 Trace 加载文件 ./project_cfg/shared/item/cfg_item.xlsx...
2022-07-26 15:49:19.4197 Trace 加载文件 ./project_cfg/shared/item/cfg_item_character.xlsx...
2022-07-26 15:49:19.4197 Trace 加载文件 ./project_cfg/shared/item/cfg_item_consumables.xlsx...
2022-07-26 15:49:19.4197 Trace 加载文件 ./project_cfg/shared/item/cfg_item_equipment.xlsx...
2022-07-26 15:49:19.4197 Trace 加载文件 ./project_cfg/shared/item/cfg_item_link.xlsx...
2022-07-26 15:49:19.4197 Trace 加载文件 ./project_cfg/shared/item/cfg_item_material.xlsx...
2022-07-26 15:49:19.4197 Trace 加载文件 ./project_cfg/shared/item/cfg_item_role.xlsx...
2022-07-26 15:49:19.4197 Trace 加载文件 ./project_cfg/shared/item/cfg_item_skin.xlsx...
2022-07-26 15:49:19.4197 Trace 加载文件 ./project_cfg/shared/item/cfg_item_weapon.xlsx...
2022-07-26 15:49:19.4197 Trace 加载文件 ./project_cfg/shared/item/cfg_roleasset.xlsx...
2022-07-26 15:49:19.4197 Trace 加载文件 ./project_cfg/shared/mail/cfg_template_mail.xlsx...
2022-07-26 15:49:19.4197 Trace 加载文件 ./project_cfg/shared/mainroom/cfg_main_room.xlsx...
2022-07-26 15:49:19.4197 Trace 加载文件 ./project_cfg/shared/pay/cfg_buy_goods.xlsx...
2022-07-26 15:49:19.4197 Trace 加载文件 ./project_cfg/shared/pay/cfg_subscribe.xlsx...
2022-07-26 15:49:19.4197 Trace 加载文件 ./project_cfg/shared/quest/cfg_quest.xlsx...
2022-07-26 15:49:19.4197 Trace 加载文件 ./project_cfg/shared/rank/cfg_rank.xlsx...
2022-07-26 15:49:19.4197 Trace 加载文件 ./project_cfg/shared/role/cfg_dungeon_role.xlsx...
2022-07-26 15:49:19.4197 Trace 加载文件 ./project_cfg/shared/role/cfg_hero.xlsx...
2022-07-26 15:49:19.4197 Trace 加载文件 ./project_cfg/shared/role/cfg_monster.xlsx...
2022-07-26 15:49:19.4197 Trace 加载文件 ./project_cfg/shared/skill/cfg_passive_skill.xlsx...
2022-07-26 15:49:19.4197 Trace 加载文件 ./project_cfg/shared/skill/cfg_skill.xlsx...
2022-07-26 15:49:19.4197 Trace 加载文件 ./project_cfg/shared/skill/cfg_skill_grade.xlsx...
2022-07-26 15:49:19.4197 Trace 加载文件 ./project_cfg/shared/skill/cfg_skill_logic_instance.xlsx...
2022-07-26 15:49:19.4197 Trace 加载文件 ./project_cfg/shared/story/cfg_story_list.xlsx...
2022-07-26 15:49:19.4197 Trace 加载文件 ./project_cfg/shared/story/cfg_story_section_100101123.xlsx...
2022-07-26 15:49:19.4197 Trace 加载文件 ./project_cfg/shared/story/cfg_story_section_100101998.xlsx...
2022-07-26 15:49:19.4197 Trace 加载文件 ./project_cfg/shared/story/cfg_story_section_100102004.xlsx...
2022-07-26 15:49:19.4197 Trace 加载文件 ./project_cfg/shared/summon/cfg_summon.xlsx...
2022-07-26 15:49:19.4197 Trace 加载文件 ./project_cfg/shared/team/cfg_team_squad.xlsx...
2022-07-26 15:49:19.4197 Info 加载100个表格，用时14毫秒
2022-07-26 15:49:19.4197 Trace 加载文件 ./project_cfg/server/role/cfg_role_init_const.xlsx...
2022-07-26 15:49:19.4197 Info 加载1个表格，用时0毫秒
2022-07-26 15:49:19.4197 Trace 加载文件 ./project_cfg/language/cfg_enum2string.xlsx...
2022-07-26 15:49:19.4197 Trace 加载文件 ./project_cfg/language/cfg_string_character.xlsx...
2022-07-26 15:49:19.4197 Trace 加载文件 ./project_cfg/language/cfg_string_demo.xlsx...
2022-07-26 15:49:19.4197 Trace 加载文件 ./project_cfg/language/cfg_string_skill.xlsx...
2022-07-26 15:49:19.4366 Trace 加载文件 ./project_cfg/language/cfg_string_skill.xlsx 成功
2022-07-26 15:49:19.4366 Trace 加载文件 ./project_cfg/language/cfg_string_story_name_desc.xlsx...
2022-07-26 15:49:19.4366 Trace 加载文件 ./project_cfg/language/cfg_string_story_name_desc.xlsx 成功
2022-07-26 15:49:19.4366 Trace 加载文件 ./project_cfg/language/cfg_string_ui_battle.xlsx...
2022-07-26 15:49:19.4366 Trace 加载文件 ./project_cfg/language/cfg_string_ui_battle.xlsx 成功
2022-07-26 15:49:19.4366 Trace 加载文件 ./project_cfg/language/cfg_string_ui_chat.xlsx...
2022-07-26 15:49:19.4366 Trace 加载文件 ./project_cfg/language/cfg_string_ui_city.xlsx...
2022-07-26 15:49:19.4366 Trace 加载文件 ./project_cfg/language/cfg_string_ui_city.xlsx 成功
2022-07-26 15:49:19.4366 Trace 加载文件 ./project_cfg/language/cfg_string_ui_city_map.xlsx...
2022-07-26 15:49:19.4366 Trace 加载文件 ./project_cfg/language/cfg_string_ui_common.xlsx...
2022-07-26 15:49:19.4366 Trace 加载文件 ./project_cfg/language/cfg_string_ui_login.xlsx...
2022-07-26 15:49:19.4366 Trace 加载文件 ./project_cfg/language/cfg_string_ui_main.xlsx...
2022-07-26 15:49:19.4366 Trace 加载文件 ./project_cfg/language/cfg_string_ui_role_show.xlsx...
2022-07-26 15:49:19.4366 Trace 加载文件 ./project_cfg/language/cfg_string_ui_story.xlsx...
2022-07-26 15:49:19.4366 Trace 加载文件 ./project_cfg/language/cfg_string_ui_team.xlsx...
2022-07-26 15:49:19.4366 Trace 加载文件 ./project_cfg/language/cfg_string_verify.xlsx...
2022-07-26 15:49:19.4366 Trace 加载文件 ./project_cfg/language/cfg_str_100101012.xlsx...
2022-07-26 15:49:19.4366 Trace 加载文件 ./project_cfg/language/cfg_str_100101123.xlsx...
2022-07-26 15:49:19.4366 Trace 加载文件 ./project_cfg/language/cfg_str_100101123.xlsx 成功
2022-07-26 15:49:19.4366 Trace 加载文件 ./project_cfg/language/cfg_str_100101998.xlsx...
2022-07-26 15:49:19.4366 Trace 加载文件 ./project_cfg/language/cfg_str_100102004.xlsx...
2022-07-26 15:49:19.4366 Trace 加载文件 ./project_cfg/language/cfg_str_mainstory_1_1_999.xlsx...
2022-07-26 15:49:19.4366 Trace 加载文件 ./project_cfg/language/cfg_str_mainstory_ch999.xlsx...
2022-07-26 15:49:19.4366 Trace 加载文件 ./project_cfg/language/str_ex.xlsx...
2022-07-26 15:49:19.4366 Info 加载23个表格，用时19毫秒
2022-07-26 15:49:19.4511 Info =============多余文件删除完毕，用时0毫秒===========
2022-07-26 15:49:20.7838 Info =============Excel导出完毕，用时1333毫秒===========
2022-07-26 15:49:21.3389 Info ============= 变动文件数，0个 ===========
2022-07-26 15:49:21.3389 Info =============还原变动文件完毕，用时553毫秒===========
